<?xml version="1.0" encoding="UTF-8"?>
<coverage generated="1659033307113" clover="3.2.0">
  <project timestamp="1659033307113" name="All files">
    <metrics statements="432" coveredstatements="334" conditionals="112" coveredconditionals="54" methods="59" coveredmethods="47" elements="603" coveredelements="435" complexity="0" loc="432" ncloc="432" packages="11" files="13" classes="13"/>
    <package name="interfaces">
      <metrics statements="22" coveredstatements="22" conditionals="6" coveredconditionals="6" methods="3" coveredmethods="3"/>
      <file name="interfaces.ts" path="K:\work\metalamp\metalamp-slider\src\layers\interfaces\interfaces.ts">
        <metrics statements="22" coveredstatements="22" conditionals="6" coveredconditionals="6" methods="3" coveredmethods="3"/>
        <line num="16" count="7" type="cond" truecount="2" falsecount="0"/>
        <line num="17" count="7" type="stmt"/>
        <line num="18" count="7" type="stmt"/>
        <line num="19" count="7" type="stmt"/>
        <line num="20" count="7" type="stmt"/>
        <line num="21" count="7" type="stmt"/>
        <line num="22" count="7" type="stmt"/>
        <line num="23" count="7" type="stmt"/>
        <line num="24" count="7" type="stmt"/>
        <line num="25" count="7" type="stmt"/>
        <line num="26" count="7" type="stmt"/>
        <line num="72" count="7" type="cond" truecount="2" falsecount="0"/>
        <line num="73" count="7" type="stmt"/>
        <line num="74" count="7" type="stmt"/>
        <line num="75" count="7" type="stmt"/>
        <line num="76" count="7" type="stmt"/>
        <line num="159" count="7" type="cond" truecount="2" falsecount="0"/>
        <line num="160" count="7" type="stmt"/>
        <line num="161" count="7" type="stmt"/>
        <line num="182" count="7" type="stmt"/>
        <line num="201" count="7" type="stmt"/>
        <line num="205" count="7" type="stmt"/>
      </file>
    </package>
    <package name="model">
      <metrics statements="47" coveredstatements="47" conditionals="13" coveredconditionals="13" methods="4" coveredmethods="4"/>
      <file name="model.ts" path="K:\work\metalamp\metalamp-slider\src\layers\model\model.ts">
        <metrics statements="47" coveredstatements="47" conditionals="13" coveredconditionals="13" methods="4" coveredmethods="4"/>
        <line num="1" count="2" type="stmt"/>
        <line num="9" count="2" type="stmt"/>
        <line num="11" count="2" type="stmt"/>
        <line num="32" count="8" type="stmt"/>
        <line num="46" count="8" type="stmt"/>
        <line num="48" count="8" type="stmt"/>
        <line num="49" count="8" type="stmt"/>
        <line num="50" count="8" type="stmt"/>
        <line num="51" count="8" type="stmt"/>
        <line num="52" count="8" type="stmt"/>
        <line num="53" count="8" type="stmt"/>
        <line num="54" count="8" type="stmt"/>
        <line num="55" count="8" type="stmt"/>
        <line num="56" count="8" type="stmt"/>
        <line num="57" count="8" type="stmt"/>
        <line num="60" count="8" type="stmt"/>
        <line num="61" count="11" type="cond" truecount="2" falsecount="0"/>
        <line num="62" count="5" type="cond" truecount="5" falsecount="0"/>
        <line num="64" count="1" type="stmt"/>
        <line num="65" count="1" type="stmt"/>
        <line num="67" count="1" type="stmt"/>
        <line num="68" count="1" type="stmt"/>
        <line num="70" count="1" type="stmt"/>
        <line num="71" count="1" type="stmt"/>
        <line num="73" count="1" type="stmt"/>
        <line num="74" count="1" type="stmt"/>
        <line num="76" count="1" type="stmt"/>
        <line num="77" count="1" type="stmt"/>
        <line num="79" count="5" type="stmt"/>
        <line num="83" count="6" type="cond" truecount="1" falsecount="0"/>
        <line num="84" count="6" type="cond" truecount="5" falsecount="0"/>
        <line num="86" count="2" type="stmt"/>
        <line num="87" count="2" type="stmt"/>
        <line num="89" count="1" type="stmt"/>
        <line num="90" count="1" type="stmt"/>
        <line num="92" count="1" type="stmt"/>
        <line num="93" count="1" type="stmt"/>
        <line num="95" count="1" type="stmt"/>
        <line num="96" count="1" type="stmt"/>
        <line num="98" count="1" type="stmt"/>
        <line num="99" count="1" type="stmt"/>
        <line num="101" count="6" type="stmt"/>
        <line num="106" count="11" type="stmt"/>
        <line num="109" count="8" type="stmt"/>
        <line num="110" count="7" type="stmt"/>
        <line num="113" count="8" type="stmt"/>
        <line num="114" count="29" type="stmt"/>
      </file>
    </package>
    <package name="observer">
      <metrics statements="9" coveredstatements="9" conditionals="2" coveredconditionals="1" methods="6" coveredmethods="5"/>
      <file name="observer.ts" path="K:\work\metalamp\metalamp-slider\src\layers\observer\observer.ts">
        <metrics statements="9" coveredstatements="9" conditionals="2" coveredconditionals="1" methods="6" coveredmethods="5"/>
        <line num="6" count="32" type="stmt"/>
        <line num="8" count="32" type="stmt"/>
        <line num="9" count="30" type="stmt"/>
        <line num="11" count="32" type="stmt"/>
        <line num="12" count="1" type="stmt"/>
        <line num="14" count="32" type="stmt"/>
        <line num="15" count="11" type="stmt"/>
        <line num="16" count="1" type="cond" truecount="1" falsecount="1"/>
        <line num="23" count="9" type="stmt"/>
      </file>
    </package>
    <package name="presenter">
      <metrics statements="134" coveredstatements="40" conditionals="57" coveredconditionals="0" methods="13" coveredmethods="7"/>
      <file name="presenter.ts" path="K:\work\metalamp\metalamp-slider\src\layers\presenter\presenter.ts">
        <metrics statements="134" coveredstatements="40" conditionals="57" coveredconditionals="0" methods="13" coveredmethods="7"/>
        <line num="1" count="1" type="stmt"/>
        <line num="10" count="1" type="stmt"/>
        <line num="11" count="1" type="stmt"/>
        <line num="12" count="1" type="stmt"/>
        <line num="13" count="1" type="stmt"/>
        <line num="14" count="1" type="stmt"/>
        <line num="22" count="7" type="stmt"/>
        <line num="34" count="7" type="stmt"/>
        <line num="35" count="7" type="stmt"/>
        <line num="36" count="7" type="stmt"/>
        <line num="37" count="7" type="stmt"/>
        <line num="38" count="7" type="stmt"/>
        <line num="40" count="7" type="stmt"/>
        <line num="41" count="7" type="stmt"/>
        <line num="48" count="7" type="stmt"/>
        <line num="51" count="7" type="stmt"/>
        <line num="52" count="7" type="stmt"/>
        <line num="55" count="7" type="stmt"/>
        <line num="56" count="8" type="stmt"/>
        <line num="57" count="8" type="stmt"/>
        <line num="60" count="7" type="stmt"/>
        <line num="61" count="8" type="stmt"/>
        <line num="62" count="8" type="stmt"/>
        <line num="63" count="8" type="stmt"/>
        <line num="66" count="7" type="stmt"/>
        <line num="67" count="0" type="cond" truecount="0" falsecount="1"/>
        <line num="68" count="0" type="stmt"/>
        <line num="71" count="0" type="cond" truecount="0" falsecount="4"/>
        <line num="72" count="0" type="stmt"/>
        <line num="73" count="0" type="cond" truecount="0" falsecount="2"/>
        <line num="74" count="0" type="stmt"/>
        <line num="75" count="0" type="stmt"/>
        <line num="77" count="0" type="cond" truecount="0" falsecount="2"/>
        <line num="78" count="0" type="stmt"/>
        <line num="82" count="0" type="cond" truecount="0" falsecount="2"/>
        <line num="83" count="0" type="stmt"/>
        <line num="87" count="0" type="cond" truecount="0" falsecount="1"/>
        <line num="88" count="0" type="cond" truecount="0" falsecount="2"/>
        <line num="89" count="0" type="stmt"/>
        <line num="94" count="0" type="stmt"/>
        <line num="101" count="0" type="stmt"/>
        <line num="108" count="7" type="stmt"/>
        <line num="109" count="0" type="stmt"/>
        <line num="110" count="0" type="stmt"/>
        <line num="111" count="0" type="stmt"/>
        <line num="112" count="0" type="cond" truecount="0" falsecount="3"/>
        <line num="113" count="0" type="stmt"/>
        <line num="116" count="0" type="cond" truecount="0" falsecount="1"/>
        <line num="117" count="0" type="stmt"/>
        <line num="120" count="0" type="stmt"/>
        <line num="121" count="0" type="stmt"/>
        <line num="122" count="0" type="cond" truecount="0" falsecount="1"/>
        <line num="123" count="0" type="stmt"/>
        <line num="125" count="0" type="cond" truecount="0" falsecount="1"/>
        <line num="126" count="0" type="cond" truecount="0" falsecount="1"/>
        <line num="128" count="0" type="stmt"/>
        <line num="129" count="0" type="stmt"/>
        <line num="130" count="0" type="stmt"/>
        <line num="132" count="0" type="cond" truecount="0" falsecount="1"/>
        <line num="133" count="0" type="cond" truecount="0" falsecount="1"/>
        <line num="135" count="0" type="stmt"/>
        <line num="136" count="0" type="stmt"/>
        <line num="138" count="0" type="cond" truecount="0" falsecount="2"/>
        <line num="139" count="0" type="stmt"/>
        <line num="140" count="0" type="stmt"/>
        <line num="142" count="0" type="cond" truecount="0" falsecount="2"/>
        <line num="143" count="0" type="stmt"/>
        <line num="147" count="0" type="cond" truecount="0" falsecount="2"/>
        <line num="148" count="0" type="stmt"/>
        <line num="152" count="0" type="cond" truecount="0" falsecount="1"/>
        <line num="153" count="0" type="cond" truecount="0" falsecount="2"/>
        <line num="154" count="0" type="stmt"/>
        <line num="159" count="0" type="stmt"/>
        <line num="166" count="0" type="stmt"/>
        <line num="173" count="7" type="stmt"/>
        <line num="174" count="0" type="cond" truecount="0" falsecount="1"/>
        <line num="175" count="0" type="stmt"/>
        <line num="179" count="0" type="stmt"/>
        <line num="180" count="0" type="stmt"/>
        <line num="181" count="0" type="stmt"/>
        <line num="183" count="0" type="cond" truecount="0" falsecount="3"/>
        <line num="185" count="0" type="stmt"/>
        <line num="186" count="0" type="cond" truecount="0" falsecount="1"/>
        <line num="187" count="0" type="stmt"/>
        <line num="190" count="0" type="stmt"/>
        <line num="191" count="0" type="stmt"/>
        <line num="193" count="0" type="cond" truecount="0" falsecount="4"/>
        <line num="195" count="0" type="cond" truecount="0" falsecount="3"/>
        <line num="196" count="0" type="stmt"/>
        <line num="199" count="0" type="stmt"/>
        <line num="200" count="0" type="stmt"/>
        <line num="202" count="0" type="stmt"/>
        <line num="203" count="0" type="cond" truecount="0" falsecount="1"/>
        <line num="204" count="0" type="stmt"/>
        <line num="206" count="0" type="stmt"/>
        <line num="207" count="0" type="stmt"/>
        <line num="210" count="0" type="stmt"/>
        <line num="212" count="0" type="stmt"/>
        <line num="213" count="0" type="cond" truecount="0" falsecount="1"/>
        <line num="214" count="0" type="stmt"/>
        <line num="217" count="0" type="cond" truecount="0" falsecount="1"/>
        <line num="218" count="0" type="cond" truecount="0" falsecount="1"/>
        <line num="221" count="0" type="stmt"/>
        <line num="222" count="0" type="stmt"/>
        <line num="223" count="0" type="stmt"/>
        <line num="224" count="0" type="cond" truecount="0" falsecount="1"/>
        <line num="225" count="0" type="cond" truecount="0" falsecount="1"/>
        <line num="228" count="0" type="stmt"/>
        <line num="229" count="0" type="stmt"/>
        <line num="231" count="0" type="cond" truecount="0" falsecount="2"/>
        <line num="232" count="0" type="cond" truecount="0" falsecount="2"/>
        <line num="233" count="0" type="cond" truecount="0" falsecount="1"/>
        <line num="234" count="0" type="stmt"/>
        <line num="236" count="0" type="stmt"/>
        <line num="240" count="0" type="cond" truecount="0" falsecount="1"/>
        <line num="241" count="0" type="cond" truecount="0" falsecount="1"/>
        <line num="242" count="0" type="stmt"/>
        <line num="244" count="0" type="stmt"/>
        <line num="250" count="0" type="stmt"/>
        <line num="257" count="0" type="stmt"/>
        <line num="258" count="0" type="stmt"/>
        <line num="262" count="7" type="stmt"/>
        <line num="263" count="1" type="stmt"/>
        <line num="264" count="1" type="stmt"/>
        <line num="265" count="1" type="stmt"/>
        <line num="266" count="1" type="stmt"/>
        <line num="269" count="7" type="stmt"/>
        <line num="271" count="7" type="stmt"/>
        <line num="276" count="7" type="stmt"/>
        <line num="281" count="7" type="stmt"/>
        <line num="287" count="7" type="stmt"/>
        <line num="292" count="7" type="stmt"/>
        <line num="293" count="2" type="stmt"/>
        <line num="297" count="1" type="stmt"/>
      </file>
    </package>
    <package name="presenter.utils">
      <metrics statements="37" coveredstatements="37" conditionals="5" coveredconditionals="5" methods="7" coveredmethods="7"/>
      <file name="handle.ts" path="K:\work\metalamp\metalamp-slider\src\layers\presenter\utils\handle.ts">
        <metrics statements="3" coveredstatements="3" conditionals="0" coveredconditionals="0" methods="1" coveredmethods="1"/>
        <line num="2" count="1" type="stmt"/>
        <line num="4" count="1" type="stmt"/>
        <line num="12" count="2" type="stmt"/>
      </file>
      <file name="lineBlock.ts" path="K:\work\metalamp\metalamp-slider\src\layers\presenter\utils\lineBlock.ts">
        <metrics statements="22" coveredstatements="22" conditionals="4" coveredconditionals="4" methods="4" coveredmethods="4"/>
        <line num="9" count="2" type="stmt"/>
        <line num="17" count="30" type="cond" truecount="3" falsecount="0"/>
        <line num="18" count="3" type="stmt"/>
        <line num="20" count="27" type="stmt"/>
        <line num="21" count="27" type="stmt"/>
        <line num="25" count="2" type="stmt"/>
        <line num="26" count="46" type="stmt"/>
        <line num="30" count="2" type="stmt"/>
        <line num="38" count="16" type="stmt"/>
        <line num="39" count="16" type="cond" truecount="1" falsecount="0"/>
        <line num="40" count="4" type="stmt"/>
        <line num="42" count="12" type="stmt"/>
        <line num="45" count="2" type="stmt"/>
        <line num="46" count="12" type="stmt"/>
        <line num="48" count="12" type="stmt"/>
        <line num="56" count="12" type="stmt"/>
        <line num="64" count="12" type="stmt"/>
        <line num="72" count="12" type="stmt"/>
        <line num="80" count="2" type="stmt"/>
        <line num="81" count="2" type="stmt"/>
        <line num="82" count="2" type="stmt"/>
        <line num="83" count="2" type="stmt"/>
      </file>
      <file name="scale.ts" path="K:\work\metalamp\metalamp-slider\src\layers\presenter\utils\scale.ts">
        <metrics statements="12" coveredstatements="12" conditionals="1" coveredconditionals="1" methods="2" coveredmethods="2"/>
        <line num="3" count="2" type="stmt"/>
        <line num="4" count="13" type="stmt"/>
        <line num="5" count="13" type="stmt"/>
        <line num="6" count="107" type="stmt"/>
        <line num="8" count="13" type="cond" truecount="1" falsecount="0"/>
        <line num="9" count="1" type="stmt"/>
        <line num="11" count="13" type="stmt"/>
        <line num="14" count="2" type="stmt"/>
        <line num="15" count="10" type="stmt"/>
        <line num="16" count="10" type="stmt"/>
        <line num="17" count="10" type="stmt"/>
        <line num="20" count="2" type="stmt"/>
      </file>
    </package>
    <package name="view">
      <metrics statements="20" coveredstatements="20" conditionals="2" coveredconditionals="2" methods="4" coveredmethods="4"/>
      <file name="view.ts" path="K:\work\metalamp\metalamp-slider\src\layers\view\view.ts">
        <metrics statements="20" coveredstatements="20" conditionals="2" coveredconditionals="2" methods="4" coveredmethods="4"/>
        <line num="9" count="2" type="stmt"/>
        <line num="10" count="2" type="stmt"/>
        <line num="11" count="2" type="stmt"/>
        <line num="27" count="15" type="stmt"/>
        <line num="28" count="15" type="stmt"/>
        <line num="29" count="15" type="stmt"/>
        <line num="30" count="15" type="stmt"/>
        <line num="31" count="15" type="stmt"/>
        <line num="34" count="15" type="stmt"/>
        <line num="35" count="15" type="stmt"/>
        <line num="41" count="15" type="cond" truecount="1" falsecount="0"/>
        <line num="42" count="15" type="stmt"/>
        <line num="49" count="15" type="stmt"/>
        <line num="53" count="15" type="stmt"/>
        <line num="58" count="5" type="stmt"/>
        <line num="59" count="5" type="cond" truecount="1" falsecount="0"/>
        <line num="60" count="5" type="stmt"/>
        <line num="64" count="15" type="stmt"/>
        <line num="65" count="21" type="stmt"/>
        <line num="69" count="2" type="stmt"/>
      </file>
    </package>
    <package name="view.components.handle">
      <metrics statements="26" coveredstatements="24" conditionals="4" coveredconditionals="4" methods="5" coveredmethods="3"/>
      <file name="handle.ts" path="K:\work\metalamp\metalamp-slider\src\layers\view\components\handle\handle.ts">
        <metrics statements="26" coveredstatements="24" conditionals="4" coveredconditionals="4" methods="5" coveredmethods="3"/>
        <line num="1" count="4" type="stmt"/>
        <line num="22" count="56" type="stmt"/>
        <line num="23" count="56" type="stmt"/>
        <line num="24" count="56" type="stmt"/>
        <line num="25" count="56" type="stmt"/>
        <line num="26" count="56" type="stmt"/>
        <line num="27" count="56" type="stmt"/>
        <line num="29" count="56" type="stmt"/>
        <line num="30" count="56" type="stmt"/>
        <line num="31" count="56" type="stmt"/>
        <line num="32" count="56" type="cond" truecount="1" falsecount="0"/>
        <line num="33" count="51" type="stmt"/>
        <line num="35" count="56" type="stmt"/>
        <line num="36" count="56" type="stmt"/>
        <line num="37" count="56" type="stmt"/>
        <line num="38" count="0" type="stmt"/>
        <line num="40" count="56" type="stmt"/>
        <line num="43" count="56" type="stmt"/>
        <line num="44" count="0" type="stmt"/>
        <line num="50" count="56" type="cond" truecount="1" falsecount="0"/>
        <line num="51" count="85" type="stmt"/>
        <line num="52" count="85" type="stmt"/>
        <line num="53" count="85" type="cond" truecount="2" falsecount="0"/>
        <line num="54" count="69" type="stmt"/>
        <line num="56" count="16" type="stmt"/>
        <line num="61" count="4" type="stmt"/>
      </file>
    </package>
    <package name="view.components.label">
      <metrics statements="20" coveredstatements="20" conditionals="2" coveredconditionals="2" methods="3" coveredmethods="3"/>
      <file name="label.ts" path="K:\work\metalamp\metalamp-slider\src\layers\view\components\label\label.ts">
        <metrics statements="20" coveredstatements="20" conditionals="2" coveredconditionals="2" methods="3" coveredmethods="3"/>
        <line num="12" count="55" type="stmt"/>
        <line num="13" count="55" type="stmt"/>
        <line num="14" count="55" type="stmt"/>
        <line num="15" count="55" type="stmt"/>
        <line num="16" count="55" type="stmt"/>
        <line num="17" count="55" type="stmt"/>
        <line num="18" count="55" type="stmt"/>
        <line num="19" count="55" type="stmt"/>
        <line num="21" count="55" type="stmt"/>
        <line num="22" count="55" type="stmt"/>
        <line num="23" count="55" type="stmt"/>
        <line num="24" count="55" type="stmt"/>
        <line num="26" count="55" type="stmt"/>
        <line num="27" count="84" type="stmt"/>
        <line num="28" count="84" type="stmt"/>
        <line num="29" count="84" type="stmt"/>
        <line num="30" count="84" type="cond" truecount="2" falsecount="0"/>
        <line num="31" count="72" type="stmt"/>
        <line num="33" count="12" type="stmt"/>
        <line num="38" count="4" type="stmt"/>
      </file>
    </package>
    <package name="view.components.lineBlock">
      <metrics statements="49" coveredstatements="48" conditionals="11" coveredconditionals="11" methods="4" coveredmethods="3"/>
      <file name="lineBlock.ts" path="K:\work\metalamp\metalamp-slider\src\layers\view\components\lineBlock\lineBlock.ts">
        <metrics statements="49" coveredstatements="48" conditionals="11" coveredconditionals="11" methods="4" coveredmethods="3"/>
        <line num="1" count="3" type="stmt"/>
        <line num="10" count="3" type="stmt"/>
        <line num="11" count="3" type="stmt"/>
        <line num="12" count="3" type="stmt"/>
        <line num="13" count="3" type="stmt"/>
        <line num="26" count="28" type="stmt"/>
        <line num="27" count="28" type="stmt"/>
        <line num="28" count="28" type="stmt"/>
        <line num="29" count="28" type="stmt"/>
        <line num="30" count="28" type="stmt"/>
        <line num="33" count="28" type="stmt"/>
        <line num="34" count="28" type="stmt"/>
        <line num="35" count="28" type="stmt"/>
        <line num="36" count="28" type="stmt"/>
        <line num="38" count="28" type="stmt"/>
        <line num="40" count="28" type="stmt"/>
        <line num="41" count="28" type="stmt"/>
        <line num="42" count="28" type="stmt"/>
        <line num="43" count="28" type="stmt"/>
        <line num="44" count="0" type="stmt"/>
        <line num="50" count="28" type="cond" truecount="2" falsecount="0"/>
        <line num="51" count="23" type="stmt"/>
        <line num="58" count="23" type="cond" truecount="1" falsecount="0"/>
        <line num="59" count="23" type="stmt"/>
        <line num="68" count="23" type="stmt"/>
        <line num="76" count="23" type="cond" truecount="1" falsecount="0"/>
        <line num="77" count="23" type="stmt"/>
        <line num="86" count="5" type="stmt"/>
        <line num="92" count="5" type="cond" truecount="1" falsecount="0"/>
        <line num="93" count="5" type="stmt"/>
        <line num="103" count="28" type="stmt"/>
        <line num="105" count="28" type="stmt"/>
        <line num="113" count="28" type="stmt"/>
        <line num="114" count="28" type="cond" truecount="1" falsecount="0"/>
        <line num="115" count="28" type="stmt"/>
        <line num="119" count="28" type="stmt"/>
        <line num="120" count="16" type="stmt"/>
        <line num="121" count="16" type="stmt"/>
        <line num="123" count="16" type="cond" truecount="1" falsecount="0"/>
        <line num="124" count="16" type="stmt"/>
        <line num="126" count="16" type="cond" truecount="1" falsecount="0"/>
        <line num="127" count="11" type="stmt"/>
        <line num="128" count="11" type="cond" truecount="1" falsecount="0"/>
        <line num="129" count="11" type="stmt"/>
        <line num="132" count="16" type="cond" truecount="2" falsecount="0"/>
        <line num="133" count="11" type="stmt"/>
        <line num="135" count="5" type="stmt"/>
        <line num="138" count="16" type="stmt"/>
        <line num="146" count="3" type="stmt"/>
      </file>
    </package>
    <package name="view.components.progressBar">
      <metrics statements="22" coveredstatements="22" conditionals="3" coveredconditionals="3" methods="3" coveredmethods="3"/>
      <file name="progressBar.ts" path="K:\work\metalamp\metalamp-slider\src\layers\view\components\progressBar\progressBar.ts">
        <metrics statements="22" coveredstatements="22" conditionals="3" coveredconditionals="3" methods="3" coveredmethods="3"/>
        <line num="20" count="31" type="stmt"/>
        <line num="21" count="31" type="stmt"/>
        <line num="22" count="31" type="stmt"/>
        <line num="23" count="31" type="stmt"/>
        <line num="24" count="31" type="stmt"/>
        <line num="25" count="31" type="stmt"/>
        <line num="27" count="31" type="stmt"/>
        <line num="28" count="31" type="stmt"/>
        <line num="29" count="31" type="stmt"/>
        <line num="30" count="31" type="stmt"/>
        <line num="31" count="31" type="stmt"/>
        <line num="38" count="31" type="stmt"/>
        <line num="43" count="49" type="stmt"/>
        <line num="45" count="49" type="stmt"/>
        <line num="46" count="49" type="stmt"/>
        <line num="49" count="49" type="cond" truecount="1" falsecount="0"/>
        <line num="50" count="49" type="cond" truecount="2" falsecount="0"/>
        <line num="51" count="35" type="stmt"/>
        <line num="52" count="35" type="stmt"/>
        <line num="54" count="14" type="stmt"/>
        <line num="55" count="14" type="stmt"/>
        <line num="61" count="4" type="stmt"/>
      </file>
    </package>
    <package name="view.components.scale">
      <metrics statements="46" coveredstatements="45" conditionals="7" coveredconditionals="7" methods="7" coveredmethods="5"/>
      <file name="scale.ts" path="K:\work\metalamp\metalamp-slider\src\layers\view\components\scale\scale.ts">
        <metrics statements="46" coveredstatements="45" conditionals="7" coveredconditionals="7" methods="7" coveredmethods="5"/>
        <line num="1" count="3" type="stmt"/>
        <line num="7" count="3" type="stmt"/>
        <line num="22" count="22" type="stmt"/>
        <line num="23" count="22" type="stmt"/>
        <line num="24" count="22" type="stmt"/>
        <line num="25" count="22" type="stmt"/>
        <line num="26" count="22" type="stmt"/>
        <line num="28" count="22" type="stmt"/>
        <line num="31" count="22" type="stmt"/>
        <line num="32" count="0" type="stmt"/>
        <line num="38" count="22" type="stmt"/>
        <line num="39" count="28" type="stmt"/>
        <line num="40" count="28" type="stmt"/>
        <line num="41" count="28" type="stmt"/>
        <line num="42" count="229" type="stmt"/>
        <line num="43" count="229" type="cond" truecount="2" falsecount="0"/>
        <line num="44" count="193" type="stmt"/>
        <line num="46" count="36" type="stmt"/>
        <line num="48" count="229" type="stmt"/>
        <line num="49" count="229" type="stmt"/>
        <line num="50" count="229" type="stmt"/>
        <line num="53" count="28" type="stmt"/>
        <line num="54" count="28" type="stmt"/>
        <line num="55" count="28" type="cond" truecount="1" falsecount="0"/>
        <line num="57" count="28" type="stmt"/>
        <line num="58" count="28" type="stmt"/>
        <line num="59" count="28" type="stmt"/>
        <line num="60" count="229" type="cond" truecount="1" falsecount="0"/>
        <line num="61" count="65" type="stmt"/>
        <line num="63" count="229" type="cond" truecount="2" falsecount="0"/>
        <line num="64" count="193" type="stmt"/>
        <line num="66" count="36" type="stmt"/>
        <line num="69" count="229" type="stmt"/>
        <line num="71" count="28" type="stmt"/>
        <line num="75" count="22" type="stmt"/>
        <line num="76" count="6" type="stmt"/>
        <line num="77" count="6" type="stmt"/>
        <line num="78" count="6" type="stmt"/>
        <line num="79" count="6" type="cond" truecount="1" falsecount="0"/>
        <line num="80" count="6" type="stmt"/>
        <line num="82" count="6" type="stmt"/>
        <line num="85" count="22" type="stmt"/>
        <line num="86" count="229" type="stmt"/>
        <line num="87" count="229" type="stmt"/>
        <line num="88" count="229" type="stmt"/>
        <line num="92" count="3" type="stmt"/>
      </file>
    </package>
  </project>
</coverage>
