{"K:\\work\\metalamp\\metalamp-slider\\src\\demo-page\\controller.ts": {"path":"K:\\work\\metalamp\\metalamp-slider\\src\\demo-page\\controller.ts","statementMap":{"0":{"start":{"line":3,"column":0},"end":{"line":3,"column":null}},"1":{"start":{"line":8,"column":0},"end":{"line":8,"column":21}},"2":{"start":{"line":25,"column":10},"end":{"line":51,"column":4}},"3":{"start":{"line":30,"column":27},"end":{"line":30,"column":56}},"4":{"start":{"line":31,"column":4},"end":{"line":31,"column":50}},"5":{"start":{"line":33,"column":21},"end":{"line":33,"column":52}},"6":{"start":{"line":34,"column":4},"end":{"line":34,"column":45}},"7":{"start":{"line":35,"column":4},"end":{"line":35,"column":25}},"8":{"start":{"line":36,"column":4},"end":{"line":36,"column":25}},"9":{"start":{"line":37,"column":4},"end":{"line":41,"column":null}},"10":{"start":{"line":38,"column":6},"end":{"line":38,"column":34}},"11":{"start":{"line":40,"column":6},"end":{"line":40,"column":31}},"12":{"start":{"line":43,"column":26},"end":{"line":43,"column":54}},"13":{"start":{"line":44,"column":4},"end":{"line":44,"column":51}},"14":{"start":{"line":45,"column":4},"end":{"line":45,"column":37}},"15":{"start":{"line":47,"column":4},"end":{"line":47,"column":41}},"16":{"start":{"line":48,"column":4},"end":{"line":48,"column":36}},"17":{"start":{"line":50,"column":4},"end":{"line":50,"column":26}},"18":{"start":{"line":53,"column":10},"end":{"line":84,"column":4}},"19":{"start":{"line":54,"column":27},"end":{"line":54,"column":56}},"20":{"start":{"line":55,"column":4},"end":{"line":55,"column":44}},"21":{"start":{"line":56,"column":24},"end":{"line":56,"column":53}},"22":{"start":{"line":57,"column":4},"end":{"line":57,"column":52}},"23":{"start":{"line":58,"column":25},"end":{"line":58,"column":54}},"24":{"start":{"line":59,"column":4},"end":{"line":59,"column":54}},"25":{"start":{"line":61,"column":4},"end":{"line":79,"column":null}},"26":{"start":{"line":64,"column":6},"end":{"line":78,"column":null}},"27":{"start":{"line":65,"column":8},"end":{"line":69,"column":10}},"28":{"start":{"line":70,"column":8},"end":{"line":70,"column":37}},"29":{"start":{"line":72,"column":8},"end":{"line":76,"column":10}},"30":{"start":{"line":77,"column":8},"end":{"line":77,"column":36}},"31":{"start":{"line":80,"column":4},"end":{"line":80,"column":39}},"32":{"start":{"line":81,"column":4},"end":{"line":81,"column":40}},"33":{"start":{"line":82,"column":4},"end":{"line":82,"column":47}},"34":{"start":{"line":83,"column":4},"end":{"line":83,"column":34}},"35":{"start":{"line":86,"column":10},"end":{"line":100,"column":4}},"36":{"start":{"line":87,"column":29},"end":{"line":88,"column":null}},"37":{"start":{"line":90,"column":4},"end":{"line":94,"column":6}},"38":{"start":{"line":91,"column":6},"end":{"line":93,"column":8}},"39":{"start":{"line":92,"column":8},"end":{"line":92,"column":30}},"40":{"start":{"line":96,"column":22},"end":{"line":96,"column":73}},"41":{"start":{"line":97,"column":4},"end":{"line":99,"column":7}},"42":{"start":{"line":98,"column":6},"end":{"line":98,"column":28}},"43":{"start":{"line":102,"column":2},"end":{"line":118,"column":4}},"44":{"start":{"line":103,"column":4},"end":{"line":105,"column":null}},"45":{"start":{"line":104,"column":6},"end":{"line":104,"column":13}},"46":{"start":{"line":107,"column":17},"end":{"line":107,"column":52}},"47":{"start":{"line":109,"column":4},"end":{"line":115,"column":null}},"48":{"start":{"line":110,"column":6},"end":{"line":110,"column":37}},"49":{"start":{"line":111,"column":6},"end":{"line":111,"column":41}},"50":{"start":{"line":113,"column":6},"end":{"line":113,"column":31}},"51":{"start":{"line":114,"column":6},"end":{"line":114,"column":41}},"52":{"start":{"line":117,"column":4},"end":{"line":117,"column":46}},"53":{"start":{"line":17,"column":4},"end":{"line":17,"column":31}},"54":{"start":{"line":18,"column":4},"end":{"line":18,"column":25}},"55":{"start":{"line":19,"column":4},"end":{"line":19,"column":51}},"56":{"start":{"line":20,"column":4},"end":{"line":20,"column":74}},"57":{"start":{"line":21,"column":4},"end":{"line":21,"column":30}},"58":{"start":{"line":22,"column":4},"end":{"line":22,"column":24}},"59":{"start":{"line":121,"column":9},"end":{"line":121,"column":19}}},"fnMap":{"0":{"name":"(anonymous_0)","decl":{"start":{"line":16,"column":2},"end":{"line":16,"column":14}},"loc":{"start":{"line":16,"column":53},"end":{"line":23,"column":3}}},"1":{"name":"(anonymous_1)","decl":{"start":{"line":25,"column":30},"end":{"line":25,"column":null}},"loc":{"start":{"line":29,"column":6},"end":{"line":51,"column":3}}},"2":{"name":"(anonymous_2)","decl":{"start":{"line":53,"column":31},"end":{"line":53,"column":34}},"loc":{"start":{"line":53,"column":36},"end":{"line":84,"column":3}}},"3":{"name":"(anonymous_3)","decl":{"start":{"line":86,"column":25},"end":{"line":86,"column":28}},"loc":{"start":{"line":86,"column":30},"end":{"line":100,"column":3}}},"4":{"name":"(anonymous_4)","decl":{"start":{"line":90,"column":30},"end":{"line":90,"column":31}},"loc":{"start":{"line":91,"column":6},"end":{"line":93,"column":8}}},"5":{"name":"(anonymous_5)","decl":{"start":{"line":91,"column":34},"end":{"line":91,"column":35}},"loc":{"start":{"line":91,"column":40},"end":{"line":93,"column":7}}},"6":{"name":"(anonymous_6)","decl":{"start":{"line":97,"column":41},"end":{"line":97,"column":42}},"loc":{"start":{"line":97,"column":47},"end":{"line":99,"column":5}}},"7":{"name":"(anonymous_7)","decl":{"start":{"line":102,"column":18},"end":{"line":102,"column":19}},"loc":{"start":{"line":102,"column":31},"end":{"line":118,"column":3}}}},"branchMap":{"0":{"loc":{"start":{"line":37,"column":4},"end":{"line":41,"column":null}},"type":"if","locations":[{"start":{"line":37,"column":4},"end":{"line":41,"column":null}},{"start":{"line":39,"column":11},"end":{"line":41,"column":null}}]},"1":{"loc":{"start":{"line":64,"column":6},"end":{"line":78,"column":null}},"type":"if","locations":[{"start":{"line":64,"column":6},"end":{"line":78,"column":null}},{"start":{"line":71,"column":13},"end":{"line":78,"column":null}}]},"2":{"loc":{"start":{"line":90,"column":4},"end":{"line":93,"column":null}},"type":"cond-expr","locations":[{"start":{"line":90,"column":20},"end":{"line":90,"column":22}},{"start":{"line":90,"column":4},"end":{"line":93,"column":null}}]},"3":{"loc":{"start":{"line":90,"column":4},"end":{"line":90,"column":22}},"type":"binary-expr","locations":[{"start":{"line":90,"column":4},"end":{"line":90,"column":22}},{"start":{"line":90,"column":4},"end":{"line":90,"column":22}}]},"4":{"loc":{"start":{"line":97,"column":4},"end":{"line":99,"column":6}},"type":"cond-expr","locations":[{"start":{"line":97,"column":13},"end":{"line":97,"column":15}},{"start":{"line":97,"column":4},"end":{"line":99,"column":6}}]},"5":{"loc":{"start":{"line":97,"column":4},"end":{"line":97,"column":15}},"type":"binary-expr","locations":[{"start":{"line":97,"column":4},"end":{"line":97,"column":15}},{"start":{"line":97,"column":4},"end":{"line":97,"column":15}}]},"6":{"loc":{"start":{"line":103,"column":4},"end":{"line":105,"column":null}},"type":"if","locations":[{"start":{"line":103,"column":4},"end":{"line":105,"column":null}}]},"7":{"loc":{"start":{"line":109,"column":4},"end":{"line":115,"column":null}},"type":"if","locations":[{"start":{"line":109,"column":4},"end":{"line":115,"column":null}},{"start":{"line":112,"column":11},"end":{"line":115,"column":null}}]}},"s":{"0":1,"1":1,"2":4,"3":44,"4":44,"5":44,"6":44,"7":44,"8":44,"9":44,"10":24,"11":20,"12":44,"13":44,"14":44,"15":44,"16":44,"17":44,"18":4,"19":4,"20":4,"21":4,"22":4,"23":4,"24":4,"25":4,"26":44,"27":24,"28":24,"29":20,"30":20,"31":4,"32":4,"33":4,"34":4,"35":4,"36":4,"37":4,"38":60,"39":0,"40":4,"41":4,"42":5,"43":4,"44":5,"45":5,"46":0,"47":0,"48":0,"49":0,"50":0,"51":0,"52":0,"53":4,"54":4,"55":4,"56":4,"57":4,"58":4,"59":1},"f":{"0":4,"1":44,"2":4,"3":4,"4":60,"5":0,"6":5,"7":5},"b":{"0":[24,20],"1":[24,20],"2":[0,4],"3":[4,4],"4":[0,4],"5":[4,4],"6":[5],"7":[0,0]}}
,"K:\\work\\metalamp\\metalamp-slider\\src\\demo-page\\interfaces.ts": {"path":"K:\\work\\metalamp\\metalamp-slider\\src\\demo-page\\interfaces.ts","statementMap":{"0":{"start":{"line":9,"column":0},"end":{"line":9,"column":null}},"1":{"start":{"line":10,"column":2},"end":{"line":10,"column":null}},"2":{"start":{"line":11,"column":2},"end":{"line":11,"column":null}},"3":{"start":{"line":19,"column":27},"end":{"line":19,"column":51}}},"fnMap":{"0":{"name":"(anonymous_0)","decl":{"start":{"line":9,"column":0},"end":{"line":9,"column":5}},"loc":{"start":{"line":9,"column":29},"end":{"line":12,"column":1}}}},"branchMap":{"0":{"loc":{"start":{"line":9,"column":5},"end":{"line":9,"column":null}},"type":"binary-expr","locations":[{"start":{"line":9,"column":5},"end":{"line":9,"column":29}},{"start":{"line":9,"column":5},"end":{"line":9,"column":null}}]}},"s":{"0":1,"1":1,"2":1,"3":1},"f":{"0":1},"b":{"0":[1,1]}}
,"K:\\work\\metalamp\\metalamp-slider\\src\\slider\\layers\\interfaces\\interfaces.ts": {"path":"K:\\work\\metalamp\\metalamp-slider\\src\\slider\\layers\\interfaces\\interfaces.ts","statementMap":{"0":{"start":{"line":18,"column":0},"end":{"line":18,"column":null}},"1":{"start":{"line":19,"column":2},"end":{"line":19,"column":null}},"2":{"start":{"line":20,"column":2},"end":{"line":20,"column":null}},"3":{"start":{"line":21,"column":2},"end":{"line":21,"column":null}},"4":{"start":{"line":22,"column":2},"end":{"line":22,"column":null}},"5":{"start":{"line":23,"column":2},"end":{"line":23,"column":null}},"6":{"start":{"line":24,"column":2},"end":{"line":24,"column":null}},"7":{"start":{"line":25,"column":2},"end":{"line":25,"column":null}},"8":{"start":{"line":26,"column":2},"end":{"line":26,"column":null}},"9":{"start":{"line":27,"column":2},"end":{"line":27,"column":null}},"10":{"start":{"line":28,"column":2},"end":{"line":28,"column":null}},"11":{"start":{"line":29,"column":2},"end":{"line":29,"column":null}},"12":{"start":{"line":30,"column":2},"end":{"line":30,"column":null}},"13":{"start":{"line":186,"column":2},"end":{"line":186,"column":13}},"14":{"start":{"line":76,"column":0},"end":{"line":76,"column":null}},"15":{"start":{"line":77,"column":2},"end":{"line":77,"column":null}},"16":{"start":{"line":78,"column":2},"end":{"line":78,"column":null}},"17":{"start":{"line":79,"column":2},"end":{"line":79,"column":null}},"18":{"start":{"line":80,"column":2},"end":{"line":80,"column":null}},"19":{"start":{"line":209,"column":2},"end":{"line":209,"column":11}},"20":{"start":{"line":163,"column":0},"end":{"line":163,"column":null}},"21":{"start":{"line":164,"column":2},"end":{"line":164,"column":null}},"22":{"start":{"line":165,"column":2},"end":{"line":165,"column":null}},"23":{"start":{"line":205,"column":2},"end":{"line":205,"column":16}}},"fnMap":{"0":{"name":"(anonymous_0)","decl":{"start":{"line":18,"column":0},"end":{"line":18,"column":5}},"loc":{"start":{"line":18,"column":16},"end":{"line":31,"column":1}}},"1":{"name":"(anonymous_1)","decl":{"start":{"line":76,"column":0},"end":{"line":76,"column":5}},"loc":{"start":{"line":76,"column":14},"end":{"line":81,"column":1}}},"2":{"name":"(anonymous_2)","decl":{"start":{"line":163,"column":0},"end":{"line":163,"column":5}},"loc":{"start":{"line":163,"column":19},"end":{"line":166,"column":1}}}},"branchMap":{"0":{"loc":{"start":{"line":18,"column":5},"end":{"line":18,"column":null}},"type":"binary-expr","locations":[{"start":{"line":18,"column":5},"end":{"line":18,"column":16}},{"start":{"line":18,"column":5},"end":{"line":18,"column":null}}]},"1":{"loc":{"start":{"line":76,"column":5},"end":{"line":76,"column":null}},"type":"binary-expr","locations":[{"start":{"line":76,"column":5},"end":{"line":76,"column":14}},{"start":{"line":76,"column":5},"end":{"line":76,"column":null}}]},"2":{"loc":{"start":{"line":163,"column":5},"end":{"line":163,"column":null}},"type":"binary-expr","locations":[{"start":{"line":163,"column":5},"end":{"line":163,"column":19}},{"start":{"line":163,"column":5},"end":{"line":163,"column":null}}]}},"s":{"0":8,"1":8,"2":8,"3":8,"4":8,"5":8,"6":8,"7":8,"8":8,"9":8,"10":8,"11":8,"12":8,"13":8,"14":8,"15":8,"16":8,"17":8,"18":8,"19":8,"20":8,"21":8,"22":8,"23":8},"f":{"0":8,"1":8,"2":8},"b":{"0":[8,8],"1":[8,8],"2":[8,8]}}
,"K:\\work\\metalamp\\metalamp-slider\\src\\slider\\layers\\model\\model.ts": {"path":"K:\\work\\metalamp\\metalamp-slider\\src\\slider\\layers\\model\\model.ts","statementMap":{"0":{"start":{"line":1,"column":0},"end":{"line":1,"column":null}},"1":{"start":{"line":9,"column":0},"end":{"line":9,"column":44}},"2":{"start":{"line":34,"column":9},"end":{"line":34,"column":46}},"3":{"start":{"line":64,"column":2},"end":{"line":134,"column":4}},"4":{"start":{"line":65,"column":4},"end":{"line":132,"column":null}},"5":{"start":{"line":66,"column":6},"end":{"line":85,"column":null}},"6":{"start":{"line":68,"column":10},"end":{"line":68,"column":40}},"7":{"start":{"line":69,"column":10},"end":{"line":69,"column":16}},"8":{"start":{"line":71,"column":10},"end":{"line":71,"column":40}},"9":{"start":{"line":72,"column":10},"end":{"line":72,"column":16}},"10":{"start":{"line":74,"column":10},"end":{"line":74,"column":41}},"11":{"start":{"line":75,"column":10},"end":{"line":75,"column":16}},"12":{"start":{"line":77,"column":10},"end":{"line":77,"column":39}},"13":{"start":{"line":78,"column":10},"end":{"line":78,"column":16}},"14":{"start":{"line":80,"column":10},"end":{"line":80,"column":36}},"15":{"start":{"line":81,"column":10},"end":{"line":81,"column":16}},"16":{"start":{"line":83,"column":10},"end":{"line":83,"column":41}},"17":{"start":{"line":84,"column":10},"end":{"line":84,"column":16}},"18":{"start":{"line":86,"column":6},"end":{"line":89,"column":9}},"19":{"start":{"line":90,"column":11},"end":{"line":132,"column":null}},"20":{"start":{"line":91,"column":6},"end":{"line":107,"column":null}},"21":{"start":{"line":93,"column":10},"end":{"line":93,"column":42}},"22":{"start":{"line":94,"column":10},"end":{"line":94,"column":16}},"23":{"start":{"line":96,"column":10},"end":{"line":96,"column":42}},"24":{"start":{"line":97,"column":10},"end":{"line":97,"column":16}},"25":{"start":{"line":99,"column":10},"end":{"line":99,"column":39}},"26":{"start":{"line":100,"column":10},"end":{"line":100,"column":16}},"27":{"start":{"line":102,"column":10},"end":{"line":102,"column":45}},"28":{"start":{"line":103,"column":10},"end":{"line":103,"column":16}},"29":{"start":{"line":105,"column":10},"end":{"line":105,"column":39}},"30":{"start":{"line":106,"column":10},"end":{"line":106,"column":16}},"31":{"start":{"line":108,"column":6},"end":{"line":111,"column":9}},"32":{"start":{"line":112,"column":11},"end":{"line":132,"column":null}},"33":{"start":{"line":113,"column":6},"end":{"line":127,"column":null}},"34":{"start":{"line":115,"column":10},"end":{"line":115,"column":44}},"35":{"start":{"line":116,"column":10},"end":{"line":116,"column":44}},"36":{"start":{"line":117,"column":10},"end":{"line":117,"column":46}},"37":{"start":{"line":118,"column":10},"end":{"line":118,"column":42}},"38":{"start":{"line":119,"column":10},"end":{"line":119,"column":41}},"39":{"start":{"line":120,"column":10},"end":{"line":120,"column":51}},"40":{"start":{"line":121,"column":10},"end":{"line":121,"column":53}},"41":{"start":{"line":122,"column":10},"end":{"line":122,"column":53}},"42":{"start":{"line":123,"column":10},"end":{"line":123,"column":47}},"43":{"start":{"line":124,"column":10},"end":{"line":124,"column":47}},"44":{"start":{"line":125,"column":10},"end":{"line":125,"column":59}},"45":{"start":{"line":126,"column":10},"end":{"line":126,"column":16}},"46":{"start":{"line":128,"column":6},"end":{"line":131,"column":9}},"47":{"start":{"line":133,"column":4},"end":{"line":133,"column":37}},"48":{"start":{"line":136,"column":9},"end":{"line":138,"column":4}},"49":{"start":{"line":137,"column":4},"end":{"line":137,"column":40}},"50":{"start":{"line":140,"column":9},"end":{"line":154,"column":4}},"51":{"start":{"line":141,"column":4},"end":{"line":153,"column":6}},"52":{"start":{"line":49,"column":8},"end":{"line":49,"column":15}},"53":{"start":{"line":51,"column":4},"end":{"line":51,"column":24}},"54":{"start":{"line":52,"column":4},"end":{"line":52,"column":24}},"55":{"start":{"line":53,"column":4},"end":{"line":53,"column":26}},"56":{"start":{"line":54,"column":4},"end":{"line":54,"column":22}},"57":{"start":{"line":55,"column":4},"end":{"line":55,"column":21}},"58":{"start":{"line":56,"column":4},"end":{"line":56,"column":31}},"59":{"start":{"line":57,"column":4},"end":{"line":57,"column":33}},"60":{"start":{"line":58,"column":4},"end":{"line":58,"column":33}},"61":{"start":{"line":59,"column":4},"end":{"line":59,"column":27}},"62":{"start":{"line":60,"column":4},"end":{"line":60,"column":27}},"63":{"start":{"line":61,"column":4},"end":{"line":61,"column":39}},"64":{"start":{"line":11,"column":0},"end":{"line":11,"column":21}}},"fnMap":{"0":{"name":"(anonymous_1)","decl":{"start":{"line":36,"column":2},"end":{"line":36,"column":14}},"loc":{"start":{"line":36,"column":36},"end":{"line":62,"column":3}}},"1":{"name":"(anonymous_2)","decl":{"start":{"line":64,"column":16},"end":{"line":64,"column":17}},"loc":{"start":{"line":64,"column":58},"end":{"line":134,"column":3}}},"2":{"name":"(anonymous_3)","decl":{"start":{"line":136,"column":21},"end":{"line":136,"column":22}},"loc":{"start":{"line":136,"column":49},"end":{"line":138,"column":3}}},"3":{"name":"(anonymous_4)","decl":{"start":{"line":140,"column":20},"end":{"line":140,"column":38}},"loc":{"start":{"line":140,"column":40},"end":{"line":154,"column":3}}}},"branchMap":{"0":{"loc":{"start":{"line":65,"column":4},"end":{"line":132,"column":null}},"type":"if","locations":[{"start":{"line":65,"column":4},"end":{"line":132,"column":null}},{"start":{"line":90,"column":11},"end":{"line":132,"column":null}}]},"1":{"loc":{"start":{"line":66,"column":6},"end":{"line":85,"column":null}},"type":"switch","locations":[{"start":{"line":67,"column":8},"end":{"line":69,"column":16}},{"start":{"line":70,"column":8},"end":{"line":72,"column":16}},{"start":{"line":73,"column":8},"end":{"line":75,"column":16}},{"start":{"line":76,"column":8},"end":{"line":78,"column":16}},{"start":{"line":79,"column":8},"end":{"line":81,"column":16}},{"start":{"line":82,"column":8},"end":{"line":84,"column":16}}]},"2":{"loc":{"start":{"line":90,"column":11},"end":{"line":132,"column":null}},"type":"if","locations":[{"start":{"line":90,"column":11},"end":{"line":132,"column":null}},{"start":{"line":112,"column":11},"end":{"line":132,"column":null}}]},"3":{"loc":{"start":{"line":91,"column":6},"end":{"line":107,"column":null}},"type":"switch","locations":[{"start":{"line":92,"column":8},"end":{"line":94,"column":16}},{"start":{"line":95,"column":8},"end":{"line":97,"column":16}},{"start":{"line":98,"column":8},"end":{"line":100,"column":16}},{"start":{"line":101,"column":8},"end":{"line":103,"column":16}},{"start":{"line":104,"column":8},"end":{"line":106,"column":16}}]},"4":{"loc":{"start":{"line":112,"column":11},"end":{"line":132,"column":null}},"type":"if","locations":[{"start":{"line":112,"column":11},"end":{"line":132,"column":null}}]},"5":{"loc":{"start":{"line":113,"column":6},"end":{"line":127,"column":null}},"type":"switch","locations":[{"start":{"line":114,"column":8},"end":{"line":126,"column":16}}]}},"s":{"0":3,"1":3,"2":24,"3":24,"4":23,"5":14,"6":1,"7":1,"8":1,"9":1,"10":4,"11":4,"12":6,"13":6,"14":1,"15":1,"16":1,"17":1,"18":14,"19":9,"20":6,"21":2,"22":2,"23":1,"24":1,"25":1,"26":1,"27":1,"28":1,"29":1,"30":1,"31":6,"32":3,"33":3,"34":3,"35":3,"36":3,"37":3,"38":3,"39":3,"40":3,"41":3,"42":3,"43":3,"44":3,"45":3,"46":3,"47":23,"48":24,"49":23,"50":24,"51":52,"52":24,"53":24,"54":24,"55":24,"56":24,"57":24,"58":24,"59":24,"60":24,"61":24,"62":24,"63":24,"64":3},"f":{"0":24,"1":23,"2":23,"3":52},"b":{"0":[14,9],"1":[1,1,4,6,1,1],"2":[6,3],"3":[2,1,1,1,1],"4":[3],"5":[3]}}
,"K:\\work\\metalamp\\metalamp-slider\\src\\slider\\layers\\observer\\observer.ts": {"path":"K:\\work\\metalamp\\metalamp-slider\\src\\slider\\layers\\observer\\observer.ts","statementMap":{"0":{"start":{"line":8,"column":2},"end":{"line":10,"column":4}},"1":{"start":{"line":9,"column":4},"end":{"line":9,"column":38}},"2":{"start":{"line":11,"column":2},"end":{"line":13,"column":4}},"3":{"start":{"line":12,"column":4},"end":{"line":12,"column":74}},"4":{"start":{"line":12,"column":55},"end":{"line":12,"column":72}},"5":{"start":{"line":14,"column":2},"end":{"line":20,"column":4}},"6":{"start":{"line":15,"column":4},"end":{"line":19,"column":6}},"7":{"start":{"line":16,"column":6},"end":{"line":18,"column":14}},"8":{"start":{"line":6,"column":4},"end":{"line":6,"column":26}},"9":{"start":{"line":23,"column":0},"end":{"line":23,"column":24}}},"fnMap":{"0":{"name":"(anonymous_0)","decl":{"start":{"line":5,"column":2},"end":{"line":5,"column":null}},"loc":{"start":{"line":5,"column":2},"end":{"line":7,"column":3}}},"1":{"name":"(anonymous_1)","decl":{"start":{"line":8,"column":14},"end":{"line":8,"column":15}},"loc":{"start":{"line":8,"column":48},"end":{"line":10,"column":3}}},"2":{"name":"(anonymous_2)","decl":{"start":{"line":11,"column":16},"end":{"line":11,"column":17}},"loc":{"start":{"line":11,"column":50},"end":{"line":13,"column":3}}},"3":{"name":"(anonymous_3)","decl":{"start":{"line":12,"column":47},"end":{"line":12,"column":48}},"loc":{"start":{"line":12,"column":55},"end":{"line":12,"column":72}}},"4":{"name":"(anonymous_4)","decl":{"start":{"line":14,"column":11},"end":{"line":14,"column":12}},"loc":{"start":{"line":14,"column":47},"end":{"line":20,"column":3}}},"5":{"name":"(anonymous_5)","decl":{"start":{"line":15,"column":29},"end":{"line":15,"column":30}},"loc":{"start":{"line":16,"column":6},"end":{"line":18,"column":14}}}},"branchMap":{"0":{"loc":{"start":{"line":16,"column":6},"end":{"line":18,"column":14}},"type":"cond-expr","locations":[{"start":{"line":17,"column":10},"end":{"line":17,"column":47}},{"start":{"line":18,"column":10},"end":{"line":18,"column":14}}]}},"s":{"0":66,"1":100,"2":66,"3":1,"4":0,"5":66,"6":23,"7":11,"8":66,"9":10},"f":{"0":66,"1":100,"2":1,"3":0,"4":23,"5":11},"b":{"0":[11,0]}}
,"K:\\work\\metalamp\\metalamp-slider\\src\\slider\\layers\\presenter\\presenter.ts": {"path":"K:\\work\\metalamp\\metalamp-slider\\src\\slider\\layers\\presenter\\presenter.ts","statementMap":{"0":{"start":{"line":1,"column":0},"end":{"line":1,"column":null}},"1":{"start":{"line":10,"column":0},"end":{"line":10,"column":35}},"2":{"start":{"line":11,"column":0},"end":{"line":11,"column":32}},"3":{"start":{"line":12,"column":0},"end":{"line":12,"column":68}},"4":{"start":{"line":13,"column":0},"end":{"line":13,"column":43}},"5":{"start":{"line":14,"column":0},"end":{"line":14,"column":53}},"6":{"start":{"line":15,"column":0},"end":{"line":15,"column":60}},"7":{"start":{"line":48,"column":2},"end":{"line":51,"column":4}},"8":{"start":{"line":49,"column":50},"end":{"line":49,"column":78}},"9":{"start":{"line":50,"column":4},"end":{"line":50,"column":74}},"10":{"start":{"line":53,"column":2},"end":{"line":57,"column":4}},"11":{"start":{"line":54,"column":36},"end":{"line":54,"column":46}},"12":{"start":{"line":55,"column":29},"end":{"line":55,"column":75}},"13":{"start":{"line":56,"column":4},"end":{"line":56,"column":28}},"14":{"start":{"line":59,"column":2},"end":{"line":66,"column":4}},"15":{"start":{"line":60,"column":4},"end":{"line":62,"column":null}},"16":{"start":{"line":61,"column":6},"end":{"line":61,"column":13}},"17":{"start":{"line":64,"column":21},"end":{"line":64,"column":50}},"18":{"start":{"line":65,"column":4},"end":{"line":65,"column":31}},"19":{"start":{"line":68,"column":2},"end":{"line":80,"column":4}},"20":{"start":{"line":69,"column":37},"end":{"line":69,"column":79}},"21":{"start":{"line":70,"column":22},"end":{"line":70,"column":66}},"22":{"start":{"line":71,"column":4},"end":{"line":73,"column":null}},"23":{"start":{"line":72,"column":6},"end":{"line":72,"column":13}},"24":{"start":{"line":74,"column":4},"end":{"line":76,"column":null}},"25":{"start":{"line":75,"column":6},"end":{"line":75,"column":13}},"26":{"start":{"line":78,"column":16},"end":{"line":78,"column":54}},"27":{"start":{"line":79,"column":4},"end":{"line":79,"column":28}},"28":{"start":{"line":82,"column":2},"end":{"line":123,"column":4}},"29":{"start":{"line":83,"column":4},"end":{"line":85,"column":null}},"30":{"start":{"line":84,"column":6},"end":{"line":84,"column":13}},"31":{"start":{"line":87,"column":42},"end":{"line":87,"column":52}},"32":{"start":{"line":88,"column":21},"end":{"line":88,"column":33}},"33":{"start":{"line":89,"column":37},"end":{"line":89,"column":79}},"34":{"start":{"line":91,"column":4},"end":{"line":98,"column":null}},"35":{"start":{"line":93,"column":8},"end":{"line":93,"column":56}},"36":{"start":{"line":94,"column":6},"end":{"line":96,"column":null}},"37":{"start":{"line":95,"column":8},"end":{"line":95,"column":15}},"38":{"start":{"line":97,"column":6},"end":{"line":97,"column":34}},"39":{"start":{"line":100,"column":19},"end":{"line":100,"column":45}},"40":{"start":{"line":102,"column":4},"end":{"line":104,"column":null}},"41":{"start":{"line":103,"column":6},"end":{"line":103,"column":13}},"42":{"start":{"line":106,"column":27},"end":{"line":106,"column":48}},"43":{"start":{"line":108,"column":16},"end":{"line":108,"column":51}},"44":{"start":{"line":109,"column":4},"end":{"line":111,"column":null}},"45":{"start":{"line":110,"column":6},"end":{"line":110,"column":49}},"46":{"start":{"line":112,"column":29},"end":{"line":116,"column":5}},"47":{"start":{"line":113,"column":6},"end":{"line":115,"column":null}},"48":{"start":{"line":114,"column":8},"end":{"line":114,"column":47}},"49":{"start":{"line":117,"column":4},"end":{"line":117,"column":63}},"50":{"start":{"line":120,"column":4},"end":{"line":122,"column":7}},"51":{"start":{"line":121,"column":6},"end":{"line":121,"column":68}},"52":{"start":{"line":125,"column":2},"end":{"line":130,"column":4}},"53":{"start":{"line":126,"column":4},"end":{"line":126,"column":23}},"54":{"start":{"line":127,"column":23},"end":{"line":127,"column":44}},"55":{"start":{"line":128,"column":29},"end":{"line":128,"column":51}},"56":{"start":{"line":129,"column":4},"end":{"line":129,"column":66}},"57":{"start":{"line":132,"column":2},"end":{"line":147,"column":4}},"58":{"start":{"line":133,"column":4},"end":{"line":136,"column":7}},"59":{"start":{"line":138,"column":4},"end":{"line":141,"column":7}},"60":{"start":{"line":143,"column":4},"end":{"line":146,"column":7}},"61":{"start":{"line":149,"column":2},"end":{"line":154,"column":4}},"62":{"start":{"line":150,"column":4},"end":{"line":153,"column":7}},"63":{"start":{"line":156,"column":2},"end":{"line":158,"column":4}},"64":{"start":{"line":157,"column":4},"end":{"line":157,"column":22}},"65":{"start":{"line":160,"column":2},"end":{"line":170,"column":4}},"66":{"start":{"line":161,"column":25},"end":{"line":161,"column":46}},"67":{"start":{"line":162,"column":29},"end":{"line":162,"column":51}},"68":{"start":{"line":164,"column":4},"end":{"line":169,"column":7}},"69":{"start":{"line":172,"column":2},"end":{"line":190,"column":4}},"70":{"start":{"line":173,"column":18},"end":{"line":173,"column":65}},"71":{"start":{"line":174,"column":27},"end":{"line":174,"column":50}},"72":{"start":{"line":176,"column":4},"end":{"line":189,"column":null}},"73":{"start":{"line":177,"column":6},"end":{"line":177,"column":28}},"74":{"start":{"line":179,"column":6},"end":{"line":179,"column":36}},"75":{"start":{"line":180,"column":6},"end":{"line":180,"column":24}},"76":{"start":{"line":181,"column":6},"end":{"line":181,"column":27}},"77":{"start":{"line":183,"column":6},"end":{"line":186,"column":9}},"78":{"start":{"line":188,"column":6},"end":{"line":188,"column":43}},"79":{"start":{"line":192,"column":2},"end":{"line":225,"column":4}},"80":{"start":{"line":197,"column":27},"end":{"line":197,"column":37}},"81":{"start":{"line":199,"column":16},"end":{"line":199,"column":52}},"82":{"start":{"line":201,"column":4},"end":{"line":224,"column":null}},"83":{"start":{"line":202,"column":6},"end":{"line":218,"column":null}},"84":{"start":{"line":203,"column":8},"end":{"line":205,"column":null}},"85":{"start":{"line":204,"column":10},"end":{"line":204,"column":34}},"86":{"start":{"line":206,"column":8},"end":{"line":209,"column":11}},"87":{"start":{"line":210,"column":13},"end":{"line":218,"column":null}},"88":{"start":{"line":211,"column":8},"end":{"line":213,"column":null}},"89":{"start":{"line":212,"column":10},"end":{"line":212,"column":32}},"90":{"start":{"line":214,"column":8},"end":{"line":217,"column":11}},"91":{"start":{"line":220,"column":6},"end":{"line":223,"column":9}},"92":{"start":{"line":227,"column":2},"end":{"line":262,"column":4}},"93":{"start":{"line":228,"column":37},"end":{"line":228,"column":47}},"94":{"start":{"line":229,"column":4},"end":{"line":261,"column":null}},"95":{"start":{"line":230,"column":30},"end":{"line":230,"column":55}},"96":{"start":{"line":231,"column":28},"end":{"line":231,"column":51}},"97":{"start":{"line":233,"column":6},"end":{"line":255,"column":null}},"98":{"start":{"line":234,"column":8},"end":{"line":237,"column":11}},"99":{"start":{"line":238,"column":13},"end":{"line":255,"column":null}},"100":{"start":{"line":239,"column":8},"end":{"line":242,"column":11}},"101":{"start":{"line":243,"column":13},"end":{"line":255,"column":null}},"102":{"start":{"line":244,"column":8},"end":{"line":254,"column":null}},"103":{"start":{"line":245,"column":10},"end":{"line":248,"column":13}},"104":{"start":{"line":250,"column":10},"end":{"line":253,"column":13}},"105":{"start":{"line":257,"column":6},"end":{"line":260,"column":9}},"106":{"start":{"line":264,"column":2},"end":{"line":286,"column":4}},"107":{"start":{"line":265,"column":43},"end":{"line":265,"column":53}},"108":{"start":{"line":266,"column":23},"end":{"line":266,"column":40}},"109":{"start":{"line":267,"column":15},"end":{"line":267,"column":77}},"110":{"start":{"line":268,"column":4},"end":{"line":270,"column":null}},"111":{"start":{"line":269,"column":6},"end":{"line":269,"column":76}},"112":{"start":{"line":271,"column":4},"end":{"line":271,"column":27}},"113":{"start":{"line":271,"column":18},"end":{"line":271,"column":27}},"114":{"start":{"line":272,"column":4},"end":{"line":272,"column":31}},"115":{"start":{"line":272,"column":20},"end":{"line":272,"column":31}},"116":{"start":{"line":274,"column":20},"end":{"line":274,"column":38}},"117":{"start":{"line":275,"column":22},"end":{"line":275,"column":37}},"118":{"start":{"line":276,"column":19},"end":{"line":276,"column":62}},"119":{"start":{"line":278,"column":4},"end":{"line":278,"column":35}},"120":{"start":{"line":278,"column":22},"end":{"line":278,"column":35}},"121":{"start":{"line":279,"column":4},"end":{"line":279,"column":39}},"122":{"start":{"line":279,"column":24},"end":{"line":279,"column":39}},"123":{"start":{"line":281,"column":21},"end":{"line":281,"column":45}},"124":{"start":{"line":283,"column":17},"end":{"line":283,"column":76}},"125":{"start":{"line":284,"column":16},"end":{"line":284,"column":56}},"126":{"start":{"line":285,"column":4},"end":{"line":285,"column":17}},"127":{"start":{"line":23,"column":42},"end":{"line":35,"column":6}},"128":{"start":{"line":36,"column":4},"end":{"line":36,"column":31}},"129":{"start":{"line":37,"column":4},"end":{"line":37,"column":46}},"130":{"start":{"line":39,"column":4},"end":{"line":39,"column":51}},"131":{"start":{"line":41,"column":4},"end":{"line":41,"column":39}},"132":{"start":{"line":43,"column":4},"end":{"line":43,"column":22}},"133":{"start":{"line":44,"column":4},"end":{"line":44,"column":25}},"134":{"start":{"line":45,"column":4},"end":{"line":45,"column":26}},"135":{"start":{"line":289,"column":0},"end":{"line":289,"column":25}}},"fnMap":{"0":{"name":"(anonymous_1)","decl":{"start":{"line":22,"column":2},"end":{"line":22,"column":14}},"loc":{"start":{"line":22,"column":55},"end":{"line":46,"column":3}}},"1":{"name":"(anonymous_2)","decl":{"start":{"line":48,"column":20},"end":{"line":48,"column":42}},"loc":{"start":{"line":48,"column":44},"end":{"line":51,"column":3}}},"2":{"name":"(anonymous_3)","decl":{"start":{"line":53,"column":19},"end":{"line":53,"column":35}},"loc":{"start":{"line":53,"column":37},"end":{"line":57,"column":3}}},"3":{"name":"(anonymous_4)","decl":{"start":{"line":59,"column":28},"end":{"line":59,"column":29}},"loc":{"start":{"line":59,"column":47},"end":{"line":66,"column":3}}},"4":{"name":"(anonymous_5)","decl":{"start":{"line":68,"column":23},"end":{"line":68,"column":24}},"loc":{"start":{"line":68,"column":47},"end":{"line":80,"column":3}}},"5":{"name":"(anonymous_6)","decl":{"start":{"line":82,"column":25},"end":{"line":82,"column":26}},"loc":{"start":{"line":82,"column":55},"end":{"line":123,"column":3}}},"6":{"name":"(anonymous_7)","decl":{"start":{"line":112,"column":29},"end":{"line":112,"column":30}},"loc":{"start":{"line":112,"column":51},"end":{"line":116,"column":5}}},"7":{"name":"(anonymous_8)","decl":{"start":{"line":120,"column":43},"end":{"line":120,"column":null}},"loc":{"start":{"line":120,"column":43},"end":{"line":122,"column":5}}},"8":{"name":"(anonymous_9)","decl":{"start":{"line":125,"column":19},"end":{"line":125,"column":20}},"loc":{"start":{"line":125,"column":50},"end":{"line":130,"column":3}}},"9":{"name":"(anonymous_10)","decl":{"start":{"line":132,"column":18},"end":{"line":132,"column":27}},"loc":{"start":{"line":132,"column":29},"end":{"line":147,"column":3}}},"10":{"name":"(anonymous_11)","decl":{"start":{"line":149,"column":19},"end":{"line":149,"column":22}},"loc":{"start":{"line":149,"column":24},"end":{"line":154,"column":3}}},"11":{"name":"(anonymous_12)","decl":{"start":{"line":156,"column":13},"end":{"line":156,"column":16}},"loc":{"start":{"line":156,"column":18},"end":{"line":158,"column":3}}},"12":{"name":"(anonymous_13)","decl":{"start":{"line":160,"column":15},"end":{"line":160,"column":18}},"loc":{"start":{"line":160,"column":20},"end":{"line":170,"column":3}}},"13":{"name":"(anonymous_14)","decl":{"start":{"line":172,"column":15},"end":{"line":172,"column":16}},"loc":{"start":{"line":172,"column":51},"end":{"line":190,"column":3}}},"14":{"name":"(anonymous_15)","decl":{"start":{"line":192,"column":15},"end":{"line":192,"column":null}},"loc":{"start":{"line":196,"column":12},"end":{"line":225,"column":3}}},"15":{"name":"(anonymous_16)","decl":{"start":{"line":227,"column":16},"end":{"line":227,"column":17}},"loc":{"start":{"line":227,"column":37},"end":{"line":262,"column":3}}},"16":{"name":"(anonymous_17)","decl":{"start":{"line":264,"column":23},"end":{"line":264,"column":24}},"loc":{"start":{"line":264,"column":76},"end":{"line":286,"column":3}}}},"branchMap":{"0":{"loc":{"start":{"line":60,"column":4},"end":{"line":62,"column":null}},"type":"if","locations":[{"start":{"line":60,"column":4},"end":{"line":62,"column":null}}]},"1":{"loc":{"start":{"line":64,"column":28},"end":{"line":64,"column":49}},"type":"cond-expr","locations":[{"start":{"line":64,"column":36},"end":{"line":64,"column":38}},{"start":{"line":64,"column":36},"end":{"line":64,"column":49}}]},"2":{"loc":{"start":{"line":64,"column":28},"end":{"line":64,"column":38}},"type":"binary-expr","locations":[{"start":{"line":64,"column":28},"end":{"line":64,"column":38}},{"start":{"line":64,"column":36},"end":{"line":64,"column":38}}]},"3":{"loc":{"start":{"line":71,"column":4},"end":{"line":73,"column":null}},"type":"if","locations":[{"start":{"line":71,"column":4},"end":{"line":73,"column":null}}]},"4":{"loc":{"start":{"line":71,"column":8},"end":{"line":71,"column":63}},"type":"binary-expr","locations":[{"start":{"line":71,"column":8},"end":{"line":71,"column":36}},{"start":{"line":71,"column":40},"end":{"line":71,"column":63}}]},"5":{"loc":{"start":{"line":74,"column":4},"end":{"line":76,"column":null}},"type":"if","locations":[{"start":{"line":74,"column":4},"end":{"line":76,"column":null}}]},"6":{"loc":{"start":{"line":83,"column":4},"end":{"line":85,"column":null}},"type":"if","locations":[{"start":{"line":83,"column":4},"end":{"line":85,"column":null}}]},"7":{"loc":{"start":{"line":91,"column":4},"end":{"line":98,"column":null}},"type":"if","locations":[{"start":{"line":91,"column":4},"end":{"line":98,"column":null}}]},"8":{"loc":{"start":{"line":91,"column":8},"end":{"line":91,"column":34}},"type":"binary-expr","locations":[{"start":{"line":91,"column":8},"end":{"line":91,"column":18}},{"start":{"line":91,"column":22},"end":{"line":91,"column":34}}]},"9":{"loc":{"start":{"line":94,"column":6},"end":{"line":96,"column":null}},"type":"if","locations":[{"start":{"line":94,"column":6},"end":{"line":96,"column":null}}]},"10":{"loc":{"start":{"line":100,"column":19},"end":{"line":100,"column":45}},"type":"cond-expr","locations":[{"start":{"line":100,"column":29},"end":{"line":100,"column":31}},{"start":{"line":100,"column":19},"end":{"line":100,"column":45}}]},"11":{"loc":{"start":{"line":100,"column":19},"end":{"line":100,"column":31}},"type":"binary-expr","locations":[{"start":{"line":100,"column":19},"end":{"line":100,"column":31}},{"start":{"line":100,"column":19},"end":{"line":100,"column":31}}]},"12":{"loc":{"start":{"line":102,"column":4},"end":{"line":104,"column":null}},"type":"if","locations":[{"start":{"line":102,"column":4},"end":{"line":104,"column":null}}]},"13":{"loc":{"start":{"line":102,"column":8},"end":{"line":102,"column":30}},"type":"binary-expr","locations":[{"start":{"line":102,"column":8},"end":{"line":102,"column":15}},{"start":{"line":102,"column":19},"end":{"line":102,"column":30}}]},"14":{"loc":{"start":{"line":109,"column":4},"end":{"line":111,"column":null}},"type":"if","locations":[{"start":{"line":109,"column":4},"end":{"line":111,"column":null}}]},"15":{"loc":{"start":{"line":113,"column":6},"end":{"line":115,"column":null}},"type":"if","locations":[{"start":{"line":113,"column":6},"end":{"line":115,"column":null}}]},"16":{"loc":{"start":{"line":176,"column":4},"end":{"line":189,"column":null}},"type":"if","locations":[{"start":{"line":176,"column":4},"end":{"line":189,"column":null}},{"start":{"line":187,"column":11},"end":{"line":189,"column":null}}]},"17":{"loc":{"start":{"line":201,"column":4},"end":{"line":224,"column":null}},"type":"if","locations":[{"start":{"line":201,"column":4},"end":{"line":224,"column":null}},{"start":{"line":219,"column":11},"end":{"line":224,"column":null}}]},"18":{"loc":{"start":{"line":202,"column":6},"end":{"line":218,"column":null}},"type":"if","locations":[{"start":{"line":202,"column":6},"end":{"line":218,"column":null}},{"start":{"line":210,"column":13},"end":{"line":218,"column":null}}]},"19":{"loc":{"start":{"line":203,"column":8},"end":{"line":205,"column":null}},"type":"if","locations":[{"start":{"line":203,"column":8},"end":{"line":205,"column":null}}]},"20":{"loc":{"start":{"line":210,"column":13},"end":{"line":218,"column":null}},"type":"if","locations":[{"start":{"line":210,"column":13},"end":{"line":218,"column":null}}]},"21":{"loc":{"start":{"line":211,"column":8},"end":{"line":213,"column":null}},"type":"if","locations":[{"start":{"line":211,"column":8},"end":{"line":213,"column":null}}]},"22":{"loc":{"start":{"line":229,"column":4},"end":{"line":261,"column":null}},"type":"if","locations":[{"start":{"line":229,"column":4},"end":{"line":261,"column":null}},{"start":{"line":256,"column":11},"end":{"line":261,"column":null}}]},"23":{"loc":{"start":{"line":233,"column":6},"end":{"line":255,"column":null}},"type":"if","locations":[{"start":{"line":233,"column":6},"end":{"line":255,"column":null}},{"start":{"line":238,"column":13},"end":{"line":255,"column":null}}]},"24":{"loc":{"start":{"line":238,"column":13},"end":{"line":255,"column":null}},"type":"if","locations":[{"start":{"line":238,"column":13},"end":{"line":255,"column":null}},{"start":{"line":243,"column":13},"end":{"line":255,"column":null}}]},"25":{"loc":{"start":{"line":243,"column":13},"end":{"line":255,"column":null}},"type":"if","locations":[{"start":{"line":243,"column":13},"end":{"line":255,"column":null}}]},"26":{"loc":{"start":{"line":244,"column":8},"end":{"line":254,"column":null}},"type":"if","locations":[{"start":{"line":244,"column":8},"end":{"line":254,"column":null}},{"start":{"line":249,"column":15},"end":{"line":254,"column":null}}]},"27":{"loc":{"start":{"line":268,"column":4},"end":{"line":270,"column":null}},"type":"if","locations":[{"start":{"line":268,"column":4},"end":{"line":270,"column":null}}]},"28":{"loc":{"start":{"line":271,"column":4},"end":{"line":271,"column":27}},"type":"if","locations":[{"start":{"line":271,"column":4},"end":{"line":271,"column":27}}]},"29":{"loc":{"start":{"line":272,"column":4},"end":{"line":272,"column":31}},"type":"if","locations":[{"start":{"line":272,"column":4},"end":{"line":272,"column":31}}]},"30":{"loc":{"start":{"line":278,"column":4},"end":{"line":278,"column":35}},"type":"if","locations":[{"start":{"line":278,"column":4},"end":{"line":278,"column":35}}]},"31":{"loc":{"start":{"line":279,"column":4},"end":{"line":279,"column":39}},"type":"if","locations":[{"start":{"line":279,"column":4},"end":{"line":279,"column":39}}]}},"s":{"0":2,"1":2,"2":2,"3":2,"4":2,"5":2,"6":2,"7":23,"8":36,"9":36,"10":23,"11":36,"12":36,"13":36,"14":23,"15":1,"16":0,"17":1,"18":1,"19":23,"20":1,"21":1,"22":1,"23":1,"24":0,"25":0,"26":0,"27":0,"28":23,"29":1,"30":0,"31":1,"32":1,"33":1,"34":1,"35":0,"36":0,"37":0,"38":0,"39":1,"40":1,"41":0,"42":1,"43":1,"44":1,"45":1,"46":1,"47":0,"48":0,"49":1,"50":1,"51":0,"52":23,"53":11,"54":11,"55":11,"56":11,"57":23,"58":25,"59":25,"60":25,"61":23,"62":23,"63":23,"64":17,"65":23,"66":25,"67":25,"68":25,"69":23,"70":2,"71":2,"72":2,"73":2,"74":2,"75":2,"76":2,"77":2,"78":0,"79":23,"80":3,"81":3,"82":3,"83":3,"84":1,"85":0,"86":1,"87":2,"88":1,"89":0,"90":1,"91":0,"92":23,"93":6,"94":6,"95":5,"96":5,"97":5,"98":2,"99":3,"100":1,"101":2,"102":2,"103":1,"104":1,"105":1,"106":23,"107":3,"108":3,"109":3,"110":3,"111":0,"112":3,"113":0,"114":3,"115":3,"116":3,"117":3,"118":3,"119":3,"120":0,"121":3,"122":0,"123":3,"124":3,"125":3,"126":3,"127":23,"128":23,"129":23,"130":23,"131":23,"132":23,"133":23,"134":23,"135":2},"f":{"0":23,"1":36,"2":36,"3":1,"4":1,"5":1,"6":0,"7":0,"8":11,"9":25,"10":23,"11":17,"12":25,"13":2,"14":3,"15":6,"16":3},"b":{"0":[0],"1":[0,1],"2":[1,1],"3":[1],"4":[1,1],"5":[0],"6":[0],"7":[0],"8":[1,0],"9":[0],"10":[0,1],"11":[1,1],"12":[0],"13":[1,1],"14":[1],"15":[0],"16":[2,0],"17":[3,0],"18":[1,2],"19":[0],"20":[1],"21":[0],"22":[5,1],"23":[2,3],"24":[1,2],"25":[2],"26":[1,1],"27":[0],"28":[0],"29":[3],"30":[0],"31":[0]}}
,"K:\\work\\metalamp\\metalamp-slider\\src\\slider\\layers\\presenter\\utils\\handle.ts": {"path":"K:\\work\\metalamp\\metalamp-slider\\src\\slider\\layers\\presenter\\utils\\handle.ts","statementMap":{"0":{"start":{"line":2,"column":37},"end":{"line":2,"column":65}},"1":{"start":{"line":4,"column":2},"end":{"line":9,"column":4}},"2":{"start":{"line":12,"column":9},"end":{"line":12,"column":18}}},"fnMap":{"0":{"name":"getCoords","decl":{"start":{"line":1,"column":9},"end":{"line":1,"column":18}},"loc":{"start":{"line":1,"column":36},"end":{"line":10,"column":1}}}},"branchMap":{},"s":{"0":5,"1":5,"2":3},"f":{"0":5},"b":{}}
,"K:\\work\\metalamp\\metalamp-slider\\src\\slider\\layers\\presenter\\utils\\lineBlock.ts": {"path":"K:\\work\\metalamp\\metalamp-slider\\src\\slider\\layers\\presenter\\utils\\lineBlock.ts","statementMap":{"0":{"start":{"line":9,"column":25},"end":{"line":22,"column":1}},"1":{"start":{"line":17,"column":2},"end":{"line":19,"column":null}},"2":{"start":{"line":18,"column":4},"end":{"line":18,"column":13}},"3":{"start":{"line":20,"column":22},"end":{"line":20,"column":58}},"4":{"start":{"line":21,"column":2},"end":{"line":21,"column":48}},"5":{"start":{"line":82,"column":2},"end":{"line":82,"column":18}},"6":{"start":{"line":25,"column":25},"end":{"line":27,"column":1}},"7":{"start":{"line":26,"column":2},"end":{"line":26,"column":36}},"8":{"start":{"line":81,"column":2},"end":{"line":81,"column":18}},"9":{"start":{"line":30,"column":27},"end":{"line":43,"column":1}},"10":{"start":{"line":38,"column":22},"end":{"line":38,"column":58}},"11":{"start":{"line":39,"column":2},"end":{"line":41,"column":null}},"12":{"start":{"line":40,"column":4},"end":{"line":40,"column":45}},"13":{"start":{"line":42,"column":2},"end":{"line":42,"column":52}},"14":{"start":{"line":83,"column":2},"end":{"line":83,"column":20}},"15":{"start":{"line":45,"column":25},"end":{"line":77,"column":1}},"16":{"start":{"line":46,"column":51},"end":{"line":46,"column":56}},"17":{"start":{"line":48,"column":20},"end":{"line":55,"column":4}},"18":{"start":{"line":56,"column":18},"end":{"line":63,"column":4}},"19":{"start":{"line":64,"column":24},"end":{"line":71,"column":4}},"20":{"start":{"line":72,"column":2},"end":{"line":76,"column":4}},"21":{"start":{"line":80,"column":2},"end":{"line":80,"column":18}}},"fnMap":{"0":{"name":"(anonymous_0)","decl":{"start":{"line":9,"column":25},"end":{"line":9,"column":26}},"loc":{"start":{"line":16,"column":27},"end":{"line":22,"column":1}}},"1":{"name":"(anonymous_1)","decl":{"start":{"line":25,"column":25},"end":{"line":25,"column":26}},"loc":{"start":{"line":25,"column":70},"end":{"line":27,"column":1}}},"2":{"name":"(anonymous_2)","decl":{"start":{"line":30,"column":27},"end":{"line":30,"column":28}},"loc":{"start":{"line":37,"column":39},"end":{"line":43,"column":1}}},"3":{"name":"(anonymous_3)","decl":{"start":{"line":45,"column":25},"end":{"line":45,"column":26}},"loc":{"start":{"line":45,"column":50},"end":{"line":77,"column":1}}}},"branchMap":{"0":{"loc":{"start":{"line":17,"column":2},"end":{"line":19,"column":null}},"type":"if","locations":[{"start":{"line":17,"column":2},"end":{"line":19,"column":null}}]},"1":{"loc":{"start":{"line":17,"column":6},"end":{"line":17,"column":38}},"type":"binary-expr","locations":[{"start":{"line":17,"column":6},"end":{"line":17,"column":17}},{"start":{"line":17,"column":21},"end":{"line":17,"column":38}}]},"2":{"loc":{"start":{"line":39,"column":2},"end":{"line":41,"column":null}},"type":"if","locations":[{"start":{"line":39,"column":2},"end":{"line":41,"column":null}}]}},"s":{"0":3,"1":86,"2":8,"3":78,"4":78,"5":3,"6":3,"7":125,"8":3,"9":3,"10":44,"11":44,"12":9,"13":35,"14":3,"15":3,"16":40,"17":40,"18":40,"19":40,"20":40,"21":3},"f":{"0":86,"1":125,"2":44,"3":40},"b":{"0":[8],"1":[86,15],"2":[9]}}
,"K:\\work\\metalamp\\metalamp-slider\\src\\slider\\layers\\presenter\\utils\\scale.ts": {"path":"K:\\work\\metalamp\\metalamp-slider\\src\\slider\\layers\\presenter\\utils\\scale.ts","statementMap":{"0":{"start":{"line":3,"column":23},"end":{"line":18,"column":1}},"1":{"start":{"line":4,"column":19},"end":{"line":4,"column":21}},"2":{"start":{"line":5,"column":2},"end":{"line":13,"column":null}},"3":{"start":{"line":5,"column":19},"end":{"line":5,"column":22}},"4":{"start":{"line":6,"column":22},"end":{"line":6,"column":46}},"5":{"start":{"line":7,"column":23},"end":{"line":7,"column":55}},"6":{"start":{"line":8,"column":4},"end":{"line":12,"column":null}},"7":{"start":{"line":9,"column":6},"end":{"line":9,"column":29}},"8":{"start":{"line":11,"column":6},"end":{"line":11,"column":34}},"9":{"start":{"line":14,"column":2},"end":{"line":16,"column":null}},"10":{"start":{"line":15,"column":4},"end":{"line":15,"column":25}},"11":{"start":{"line":17,"column":2},"end":{"line":17,"column":20}},"12":{"start":{"line":34,"column":26},"end":{"line":34,"column":40}},"13":{"start":{"line":20,"column":24},"end":{"line":24,"column":1}},"14":{"start":{"line":21,"column":16},"end":{"line":21,"column":46}},"15":{"start":{"line":22,"column":16},"end":{"line":22,"column":42}},"16":{"start":{"line":23,"column":2},"end":{"line":23,"column":26}},"17":{"start":{"line":34,"column":9},"end":{"line":34,"column":24}},"18":{"start":{"line":26,"column":27},"end":{"line":32,"column":1}},"19":{"start":{"line":27,"column":26},"end":{"line":27,"column":52}},"20":{"start":{"line":29,"column":2},"end":{"line":29,"column":58}},"21":{"start":{"line":31,"column":2},"end":{"line":31,"column":18}},"22":{"start":{"line":34,"column":42},"end":{"line":34,"column":60}}},"fnMap":{"0":{"name":"(anonymous_0)","decl":{"start":{"line":3,"column":23},"end":{"line":3,"column":24}},"loc":{"start":{"line":3,"column":66},"end":{"line":18,"column":1}}},"1":{"name":"(anonymous_1)","decl":{"start":{"line":20,"column":24},"end":{"line":20,"column":25}},"loc":{"start":{"line":20,"column":64},"end":{"line":24,"column":1}}},"2":{"name":"(anonymous_2)","decl":{"start":{"line":26,"column":27},"end":{"line":26,"column":28}},"loc":{"start":{"line":26,"column":44},"end":{"line":32,"column":1}}}},"branchMap":{"0":{"loc":{"start":{"line":8,"column":4},"end":{"line":12,"column":null}},"type":"if","locations":[{"start":{"line":8,"column":4},"end":{"line":12,"column":null}},{"start":{"line":10,"column":11},"end":{"line":12,"column":null}}]},"1":{"loc":{"start":{"line":8,"column":8},"end":{"line":8,"column":38}},"type":"binary-expr","locations":[{"start":{"line":8,"column":8},"end":{"line":8,"column":21}},{"start":{"line":8,"column":25},"end":{"line":8,"column":38}}]},"2":{"loc":{"start":{"line":14,"column":2},"end":{"line":16,"column":null}},"type":"if","locations":[{"start":{"line":14,"column":2},"end":{"line":16,"column":null}}]},"3":{"loc":{"start":{"line":29,"column":13},"end":{"line":29,"column":57}},"type":"cond-expr","locations":[{"start":{"line":29,"column":31},"end":{"line":29,"column":53}},{"start":{"line":29,"column":56},"end":{"line":29,"column":57}}]}},"s":{"0":3,"1":42,"2":42,"3":42,"4":688,"5":688,"6":688,"7":82,"8":606,"9":42,"10":2,"11":42,"12":3,"13":3,"14":39,"15":39,"16":39,"17":3,"18":3,"19":695,"20":695,"21":695,"22":3},"f":{"0":42,"1":39,"2":695},"b":{"0":[82,606],"1":[688,646],"2":[2],"3":[14,681]}}
,"K:\\work\\metalamp\\metalamp-slider\\src\\slider\\layers\\presenter\\utils\\validateModelOption.ts": {"path":"K:\\work\\metalamp\\metalamp-slider\\src\\slider\\layers\\presenter\\utils\\validateModelOption.ts","statementMap":{"0":{"start":{"line":3,"column":38},"end":{"line":15,"column":2}},"1":{"start":{"line":17,"column":22},"end":{"line":49,"column":1}},"2":{"start":{"line":18,"column":17},"end":{"line":18,"column":51}},"3":{"start":{"line":19,"column":39},"end":{"line":19,"column":48}},"4":{"start":{"line":20,"column":36},"end":{"line":20,"column":63}},"5":{"start":{"line":21,"column":34},"end":{"line":21,"column":45}},"6":{"start":{"line":22,"column":32},"end":{"line":22,"column":41}},"7":{"start":{"line":23,"column":29},"end":{"line":23,"column":39}},"8":{"start":{"line":25,"column":2},"end":{"line":30,"column":null}},"9":{"start":{"line":26,"column":4},"end":{"line":28,"column":6}},"10":{"start":{"line":29,"column":4},"end":{"line":29,"column":17}},"11":{"start":{"line":31,"column":2},"end":{"line":36,"column":null}},"12":{"start":{"line":32,"column":4},"end":{"line":34,"column":6}},"13":{"start":{"line":35,"column":4},"end":{"line":35,"column":17}},"14":{"start":{"line":37,"column":2},"end":{"line":42,"column":null}},"15":{"start":{"line":38,"column":4},"end":{"line":40,"column":6}},"16":{"start":{"line":41,"column":4},"end":{"line":41,"column":17}},"17":{"start":{"line":43,"column":2},"end":{"line":46,"column":null}},"18":{"start":{"line":44,"column":4},"end":{"line":44,"column":61}},"19":{"start":{"line":45,"column":4},"end":{"line":45,"column":17}},"20":{"start":{"line":48,"column":2},"end":{"line":48,"column":14}},"21":{"start":{"line":51,"column":9},"end":{"line":51,"column":22}}},"fnMap":{"0":{"name":"(anonymous_0)","decl":{"start":{"line":17,"column":22},"end":{"line":17,"column":23}},"loc":{"start":{"line":17,"column":47},"end":{"line":49,"column":1}}}},"branchMap":{"0":{"loc":{"start":{"line":25,"column":2},"end":{"line":30,"column":null}},"type":"if","locations":[{"start":{"line":25,"column":2},"end":{"line":30,"column":null}}]},"1":{"loc":{"start":{"line":31,"column":2},"end":{"line":36,"column":null}},"type":"if","locations":[{"start":{"line":31,"column":2},"end":{"line":36,"column":null}}]},"2":{"loc":{"start":{"line":37,"column":2},"end":{"line":42,"column":null}},"type":"if","locations":[{"start":{"line":37,"column":2},"end":{"line":42,"column":null}}]},"3":{"loc":{"start":{"line":43,"column":2},"end":{"line":46,"column":null}},"type":"if","locations":[{"start":{"line":43,"column":2},"end":{"line":46,"column":null}}]}},"s":{"0":3,"1":3,"2":7,"3":7,"4":7,"5":7,"6":7,"7":7,"8":7,"9":1,"10":1,"11":6,"12":1,"13":1,"14":5,"15":1,"16":1,"17":4,"18":1,"19":1,"20":3,"21":3},"f":{"0":7},"b":{"0":[1],"1":[1],"2":[1],"3":[1]}}
,"K:\\work\\metalamp\\metalamp-slider\\src\\slider\\layers\\view\\view.ts": {"path":"K:\\work\\metalamp\\metalamp-slider\\src\\slider\\layers\\view\\view.ts","statementMap":{"0":{"start":{"line":9,"column":0},"end":{"line":9,"column":44}},"1":{"start":{"line":10,"column":0},"end":{"line":10,"column":57}},"2":{"start":{"line":11,"column":0},"end":{"line":11,"column":45}},"3":{"start":{"line":34,"column":10},"end":{"line":51,"column":4}},"4":{"start":{"line":35,"column":4},"end":{"line":40,"column":7}},"5":{"start":{"line":41,"column":4},"end":{"line":50,"column":null}},"6":{"start":{"line":42,"column":38},"end":{"line":48,"column":8}},"7":{"start":{"line":49,"column":6},"end":{"line":49,"column":41}},"8":{"start":{"line":53,"column":9},"end":{"line":62,"column":4}},"9":{"start":{"line":58,"column":4},"end":{"line":58,"column":48}},"10":{"start":{"line":59,"column":4},"end":{"line":61,"column":null}},"11":{"start":{"line":60,"column":6},"end":{"line":60,"column":36}},"12":{"start":{"line":64,"column":9},"end":{"line":66,"column":4}},"13":{"start":{"line":65,"column":4},"end":{"line":65,"column":40}},"14":{"start":{"line":27,"column":4},"end":{"line":27,"column":31}},"15":{"start":{"line":28,"column":4},"end":{"line":28,"column":27}},"16":{"start":{"line":29,"column":4},"end":{"line":29,"column":35}},"17":{"start":{"line":30,"column":4},"end":{"line":30,"column":41}},"18":{"start":{"line":31,"column":4},"end":{"line":31,"column":50}},"19":{"start":{"line":69,"column":0},"end":{"line":69,"column":20}}},"fnMap":{"0":{"name":"(anonymous_1)","decl":{"start":{"line":21,"column":2},"end":{"line":21,"column":14}},"loc":{"start":{"line":26,"column":17},"end":{"line":32,"column":3}}},"1":{"name":"(anonymous_2)","decl":{"start":{"line":34,"column":17},"end":{"line":34,"column":18}},"loc":{"start":{"line":34,"column":72},"end":{"line":51,"column":3}}},"2":{"name":"(anonymous_3)","decl":{"start":{"line":53,"column":22},"end":{"line":53,"column":23}},"loc":{"start":{"line":57,"column":25},"end":{"line":62,"column":3}}},"3":{"name":"(anonymous_4)","decl":{"start":{"line":64,"column":21},"end":{"line":64,"column":22}},"loc":{"start":{"line":64,"column":49},"end":{"line":66,"column":3}}}},"branchMap":{"0":{"loc":{"start":{"line":41,"column":4},"end":{"line":50,"column":null}},"type":"if","locations":[{"start":{"line":41,"column":4},"end":{"line":50,"column":null}}]},"1":{"loc":{"start":{"line":59,"column":4},"end":{"line":61,"column":null}},"type":"if","locations":[{"start":{"line":59,"column":4},"end":{"line":61,"column":null}}]}},"s":{"0":3,"1":3,"2":3,"3":33,"4":33,"5":33,"6":32,"7":32,"8":33,"9":15,"10":15,"11":14,"12":33,"13":75,"14":33,"15":33,"16":33,"17":33,"18":33,"19":3},"f":{"0":33,"1":33,"2":15,"3":75},"b":{"0":[32],"1":[14]}}
,"K:\\work\\metalamp\\metalamp-slider\\src\\slider\\layers\\view\\components\\handle\\handle.ts": {"path":"K:\\work\\metalamp\\metalamp-slider\\src\\slider\\layers\\view\\components\\handle\\handle.ts","statementMap":{"0":{"start":{"line":1,"column":0},"end":{"line":1,"column":null}},"1":{"start":{"line":7,"column":0},"end":{"line":7,"column":23}},"2":{"start":{"line":30,"column":10},"end":{"line":42,"column":4}},"3":{"start":{"line":31,"column":19},"end":{"line":31,"column":48}},"4":{"start":{"line":32,"column":4},"end":{"line":32,"column":36}},"5":{"start":{"line":33,"column":4},"end":{"line":35,"column":null}},"6":{"start":{"line":34,"column":6},"end":{"line":34,"column":50}},"7":{"start":{"line":36,"column":4},"end":{"line":36,"column":25}},"8":{"start":{"line":37,"column":4},"end":{"line":37,"column":34}},"9":{"start":{"line":38,"column":4},"end":{"line":40,"column":6}},"10":{"start":{"line":39,"column":6},"end":{"line":39,"column":26}},"11":{"start":{"line":41,"column":4},"end":{"line":41,"column":45}},"12":{"start":{"line":44,"column":10},"end":{"line":49,"column":4}},"13":{"start":{"line":45,"column":4},"end":{"line":48,"column":7}},"14":{"start":{"line":51,"column":9},"end":{"line":59,"column":4}},"15":{"start":{"line":52,"column":4},"end":{"line":52,"column":23}},"16":{"start":{"line":53,"column":4},"end":{"line":53,"column":33}},"17":{"start":{"line":54,"column":4},"end":{"line":58,"column":null}},"18":{"start":{"line":55,"column":6},"end":{"line":55,"column":47}},"19":{"start":{"line":57,"column":6},"end":{"line":57,"column":48}},"20":{"start":{"line":23,"column":4},"end":{"line":23,"column":31}},"21":{"start":{"line":24,"column":4},"end":{"line":24,"column":23}},"22":{"start":{"line":25,"column":4},"end":{"line":25,"column":29}},"23":{"start":{"line":26,"column":4},"end":{"line":26,"column":41}},"24":{"start":{"line":27,"column":4},"end":{"line":27,"column":33}},"25":{"start":{"line":28,"column":4},"end":{"line":28,"column":18}},"26":{"start":{"line":62,"column":0},"end":{"line":62,"column":22}}},"fnMap":{"0":{"name":"(anonymous_0)","decl":{"start":{"line":16,"column":2},"end":{"line":16,"column":14}},"loc":{"start":{"line":22,"column":17},"end":{"line":29,"column":3}}},"1":{"name":"(anonymous_1)","decl":{"start":{"line":30,"column":19},"end":{"line":30,"column":22}},"loc":{"start":{"line":30,"column":24},"end":{"line":42,"column":3}}},"2":{"name":"(anonymous_2)","decl":{"start":{"line":38,"column":48},"end":{"line":38,"column":49}},"loc":{"start":{"line":39,"column":6},"end":{"line":39,"column":26}}},"3":{"name":"(anonymous_3)","decl":{"start":{"line":44,"column":25},"end":{"line":44,"column":26}},"loc":{"start":{"line":44,"column":49},"end":{"line":49,"column":3}}},"4":{"name":"(anonymous_4)","decl":{"start":{"line":51,"column":18},"end":{"line":51,"column":19}},"loc":{"start":{"line":51,"column":65},"end":{"line":59,"column":3}}}},"branchMap":{"0":{"loc":{"start":{"line":33,"column":4},"end":{"line":35,"column":null}},"type":"if","locations":[{"start":{"line":33,"column":4},"end":{"line":35,"column":null}}]},"1":{"loc":{"start":{"line":51,"column":34},"end":{"line":51,"column":61}},"type":"default-arg","locations":[{"start":{"line":51,"column":56},"end":{"line":51,"column":61}}]},"2":{"loc":{"start":{"line":54,"column":4},"end":{"line":58,"column":null}},"type":"if","locations":[{"start":{"line":54,"column":4},"end":{"line":58,"column":null}},{"start":{"line":56,"column":11},"end":{"line":58,"column":null}}]}},"s":{"0":5,"1":5,"2":89,"3":89,"4":89,"5":89,"6":81,"7":89,"8":89,"9":89,"10":0,"11":89,"12":89,"13":0,"14":89,"15":136,"16":136,"17":136,"18":117,"19":19,"20":89,"21":89,"22":89,"23":89,"24":89,"25":89,"26":5},"f":{"0":89,"1":89,"2":0,"3":0,"4":136},"b":{"0":[81],"1":[6],"2":[117,19]}}
,"K:\\work\\metalamp\\metalamp-slider\\src\\slider\\layers\\view\\components\\label\\label.ts": {"path":"K:\\work\\metalamp\\metalamp-slider\\src\\slider\\layers\\view\\components\\label\\label.ts","statementMap":{"0":{"start":{"line":3,"column":0},"end":{"line":3,"column":22}},"1":{"start":{"line":22,"column":10},"end":{"line":26,"column":4}},"2":{"start":{"line":23,"column":4},"end":{"line":23,"column":38}},"3":{"start":{"line":24,"column":4},"end":{"line":24,"column":38}},"4":{"start":{"line":25,"column":4},"end":{"line":25,"column":39}},"5":{"start":{"line":27,"column":2},"end":{"line":36,"column":4}},"6":{"start":{"line":28,"column":4},"end":{"line":28,"column":22}},"7":{"start":{"line":29,"column":4},"end":{"line":29,"column":44}},"8":{"start":{"line":30,"column":4},"end":{"line":30,"column":23}},"9":{"start":{"line":31,"column":4},"end":{"line":35,"column":null}},"10":{"start":{"line":32,"column":6},"end":{"line":32,"column":46}},"11":{"start":{"line":34,"column":6},"end":{"line":34,"column":47}},"12":{"start":{"line":13,"column":4},"end":{"line":13,"column":31}},"13":{"start":{"line":14,"column":4},"end":{"line":14,"column":23}},"14":{"start":{"line":15,"column":4},"end":{"line":15,"column":21}},"15":{"start":{"line":16,"column":4},"end":{"line":16,"column":33}},"16":{"start":{"line":17,"column":4},"end":{"line":17,"column":29}},"17":{"start":{"line":18,"column":18},"end":{"line":18,"column":47}},"18":{"start":{"line":19,"column":4},"end":{"line":19,"column":23}},"19":{"start":{"line":20,"column":4},"end":{"line":20,"column":18}},"20":{"start":{"line":39,"column":0},"end":{"line":39,"column":21}}},"fnMap":{"0":{"name":"(anonymous_0)","decl":{"start":{"line":12,"column":2},"end":{"line":12,"column":14}},"loc":{"start":{"line":12,"column":75},"end":{"line":21,"column":3}}},"1":{"name":"(anonymous_1)","decl":{"start":{"line":22,"column":19},"end":{"line":22,"column":22}},"loc":{"start":{"line":22,"column":24},"end":{"line":26,"column":3}}},"2":{"name":"(anonymous_2)","decl":{"start":{"line":27,"column":11},"end":{"line":27,"column":12}},"loc":{"start":{"line":27,"column":44},"end":{"line":36,"column":3}}}},"branchMap":{"0":{"loc":{"start":{"line":31,"column":4},"end":{"line":35,"column":null}},"type":"if","locations":[{"start":{"line":31,"column":4},"end":{"line":35,"column":null}},{"start":{"line":33,"column":11},"end":{"line":35,"column":null}}]}},"s":{"0":5,"1":88,"2":88,"3":88,"4":88,"5":88,"6":135,"7":135,"8":135,"9":135,"10":120,"11":15,"12":88,"13":88,"14":88,"15":88,"16":88,"17":88,"18":88,"19":88,"20":5},"f":{"0":88,"1":88,"2":135},"b":{"0":[120,15]}}
,"K:\\work\\metalamp\\metalamp-slider\\src\\slider\\layers\\view\\components\\lineBlock\\lineBlock.ts": {"path":"K:\\work\\metalamp\\metalamp-slider\\src\\slider\\layers\\view\\components\\lineBlock\\lineBlock.ts","statementMap":{"0":{"start":{"line":1,"column":0},"end":{"line":1,"column":null}},"1":{"start":{"line":10,"column":0},"end":{"line":10,"column":38}},"2":{"start":{"line":11,"column":0},"end":{"line":11,"column":35}},"3":{"start":{"line":12,"column":0},"end":{"line":12,"column":53}},"4":{"start":{"line":13,"column":0},"end":{"line":13,"column":26}},"5":{"start":{"line":33,"column":10},"end":{"line":122,"column":4}},"6":{"start":{"line":34,"column":51},"end":{"line":34,"column":58}},"7":{"start":{"line":35,"column":22},"end":{"line":35,"column":51}},"8":{"start":{"line":36,"column":24},"end":{"line":36,"column":53}},"9":{"start":{"line":38,"column":25},"end":{"line":38,"column":35}},"10":{"start":{"line":40,"column":4},"end":{"line":40,"column":41}},"11":{"start":{"line":41,"column":4},"end":{"line":44,"column":6}},"12":{"start":{"line":45,"column":4},"end":{"line":45,"column":51}},"13":{"start":{"line":46,"column":4},"end":{"line":51,"column":6}},"14":{"start":{"line":47,"column":6},"end":{"line":50,"column":8}},"15":{"start":{"line":53,"column":4},"end":{"line":104,"column":null}},"16":{"start":{"line":54,"column":6},"end":{"line":60,"column":9}},"17":{"start":{"line":61,"column":6},"end":{"line":69,"column":null}},"18":{"start":{"line":62,"column":8},"end":{"line":68,"column":11}},"19":{"start":{"line":71,"column":6},"end":{"line":77,"column":9}},"20":{"start":{"line":79,"column":6},"end":{"line":87,"column":null}},"21":{"start":{"line":80,"column":8},"end":{"line":86,"column":11}},"22":{"start":{"line":89,"column":6},"end":{"line":94,"column":9}},"23":{"start":{"line":95,"column":6},"end":{"line":103,"column":null}},"24":{"start":{"line":96,"column":8},"end":{"line":102,"column":11}},"25":{"start":{"line":106,"column":4},"end":{"line":106,"column":34}},"26":{"start":{"line":108,"column":52},"end":{"line":114,"column":6}},"27":{"start":{"line":115,"column":4},"end":{"line":117,"column":null}},"28":{"start":{"line":116,"column":6},"end":{"line":116,"column":61}},"29":{"start":{"line":119,"column":4},"end":{"line":121,"column":null}},"30":{"start":{"line":120,"column":6},"end":{"line":120,"column":39}},"31":{"start":{"line":124,"column":9},"end":{"line":150,"column":4}},"32":{"start":{"line":125,"column":58},"end":{"line":125,"column":63}},"33":{"start":{"line":126,"column":51},"end":{"line":126,"column":58}},"34":{"start":{"line":128,"column":4},"end":{"line":130,"column":null}},"35":{"start":{"line":129,"column":6},"end":{"line":129,"column":37}},"36":{"start":{"line":131,"column":4},"end":{"line":137,"column":null}},"37":{"start":{"line":132,"column":6},"end":{"line":132,"column":25}},"38":{"start":{"line":133,"column":6},"end":{"line":133,"column":52}},"39":{"start":{"line":134,"column":6},"end":{"line":136,"column":null}},"40":{"start":{"line":135,"column":8},"end":{"line":135,"column":47}},"41":{"start":{"line":138,"column":4},"end":{"line":142,"column":null}},"42":{"start":{"line":139,"column":6},"end":{"line":139,"column":46}},"43":{"start":{"line":141,"column":6},"end":{"line":141,"column":34}},"44":{"start":{"line":143,"column":4},"end":{"line":149,"column":null}},"45":{"start":{"line":144,"column":6},"end":{"line":148,"column":9}},"46":{"start":{"line":26,"column":52},"end":{"line":26,"column":63}},"47":{"start":{"line":27,"column":4},"end":{"line":27,"column":31}},"48":{"start":{"line":28,"column":4},"end":{"line":28,"column":23}},"49":{"start":{"line":29,"column":4},"end":{"line":29,"column":29}},"50":{"start":{"line":30,"column":4},"end":{"line":30,"column":23}},"51":{"start":{"line":153,"column":0},"end":{"line":153,"column":25}}},"fnMap":{"0":{"name":"(anonymous_1)","decl":{"start":{"line":25,"column":2},"end":{"line":25,"column":14}},"loc":{"start":{"line":25,"column":42},"end":{"line":31,"column":3}}},"1":{"name":"(anonymous_2)","decl":{"start":{"line":33,"column":17},"end":{"line":33,"column":18}},"loc":{"start":{"line":33,"column":48},"end":{"line":122,"column":3}}},"2":{"name":"(anonymous_3)","decl":{"start":{"line":46,"column":46},"end":{"line":46,"column":47}},"loc":{"start":{"line":47,"column":6},"end":{"line":50,"column":8}}},"3":{"name":"(anonymous_4)","decl":{"start":{"line":124,"column":18},"end":{"line":124,"column":19}},"loc":{"start":{"line":124,"column":71},"end":{"line":150,"column":3}}}},"branchMap":{"0":{"loc":{"start":{"line":53,"column":4},"end":{"line":104,"column":null}},"type":"if","locations":[{"start":{"line":53,"column":4},"end":{"line":104,"column":null}},{"start":{"line":88,"column":11},"end":{"line":104,"column":null}}]},"1":{"loc":{"start":{"line":61,"column":6},"end":{"line":69,"column":null}},"type":"if","locations":[{"start":{"line":61,"column":6},"end":{"line":69,"column":null}}]},"2":{"loc":{"start":{"line":79,"column":6},"end":{"line":87,"column":null}},"type":"if","locations":[{"start":{"line":79,"column":6},"end":{"line":87,"column":null}}]},"3":{"loc":{"start":{"line":95,"column":6},"end":{"line":103,"column":null}},"type":"if","locations":[{"start":{"line":95,"column":6},"end":{"line":103,"column":null}}]},"4":{"loc":{"start":{"line":115,"column":4},"end":{"line":117,"column":null}},"type":"if","locations":[{"start":{"line":115,"column":4},"end":{"line":117,"column":null}}]},"5":{"loc":{"start":{"line":119,"column":4},"end":{"line":121,"column":null}},"type":"if","locations":[{"start":{"line":119,"column":4},"end":{"line":121,"column":null}}]},"6":{"loc":{"start":{"line":128,"column":4},"end":{"line":130,"column":null}},"type":"if","locations":[{"start":{"line":128,"column":4},"end":{"line":130,"column":null}}]},"7":{"loc":{"start":{"line":131,"column":4},"end":{"line":137,"column":null}},"type":"if","locations":[{"start":{"line":131,"column":4},"end":{"line":137,"column":null}}]},"8":{"loc":{"start":{"line":134,"column":6},"end":{"line":136,"column":null}},"type":"if","locations":[{"start":{"line":134,"column":6},"end":{"line":136,"column":null}}]},"9":{"loc":{"start":{"line":138,"column":4},"end":{"line":142,"column":null}},"type":"if","locations":[{"start":{"line":138,"column":4},"end":{"line":142,"column":null}},{"start":{"line":140,"column":11},"end":{"line":142,"column":null}}]},"10":{"loc":{"start":{"line":143,"column":4},"end":{"line":149,"column":null}},"type":"if","locations":[{"start":{"line":143,"column":4},"end":{"line":149,"column":null}}]}},"s":{"0":4,"1":4,"2":4,"3":4,"4":4,"5":46,"6":46,"7":46,"8":46,"9":46,"10":46,"11":46,"12":46,"13":46,"14":0,"15":46,"16":38,"17":38,"18":38,"19":38,"20":38,"21":38,"22":8,"23":8,"24":8,"25":46,"26":46,"27":46,"28":44,"29":46,"30":46,"31":46,"32":26,"33":26,"34":26,"35":26,"36":26,"37":19,"38":19,"39":19,"40":19,"41":26,"42":20,"43":6,"44":26,"45":24,"46":46,"47":46,"48":46,"49":46,"50":46,"51":4},"f":{"0":46,"1":46,"2":0,"3":26},"b":{"0":[38,8],"1":[38],"2":[38],"3":[8],"4":[44],"5":[46],"6":[26],"7":[19],"8":[19],"9":[20,6],"10":[24]}}
,"K:\\work\\metalamp\\metalamp-slider\\src\\slider\\layers\\view\\components\\progressBar\\progressBar.ts": {"path":"K:\\work\\metalamp\\metalamp-slider\\src\\slider\\layers\\view\\components\\progressBar\\progressBar.ts","statementMap":{"0":{"start":{"line":6,"column":0},"end":{"line":6,"column":28}},"1":{"start":{"line":28,"column":10},"end":{"line":37,"column":4}},"2":{"start":{"line":29,"column":24},"end":{"line":29,"column":53}},"3":{"start":{"line":30,"column":4},"end":{"line":30,"column":45}},"4":{"start":{"line":31,"column":4},"end":{"line":31,"column":39}},"5":{"start":{"line":32,"column":4},"end":{"line":36,"column":7}},"6":{"start":{"line":39,"column":2},"end":{"line":58,"column":4}},"7":{"start":{"line":44,"column":4},"end":{"line":44,"column":31}},"8":{"start":{"line":46,"column":4},"end":{"line":46,"column":23}},"9":{"start":{"line":48,"column":6},"end":{"line":48,"column":50}},"10":{"start":{"line":49,"column":4},"end":{"line":57,"column":null}},"11":{"start":{"line":50,"column":6},"end":{"line":56,"column":null}},"12":{"start":{"line":51,"column":8},"end":{"line":51,"column":57}},"13":{"start":{"line":52,"column":8},"end":{"line":52,"column":56}},"14":{"start":{"line":54,"column":8},"end":{"line":54,"column":58}},"15":{"start":{"line":55,"column":8},"end":{"line":55,"column":55}},"16":{"start":{"line":21,"column":4},"end":{"line":21,"column":31}},"17":{"start":{"line":22,"column":4},"end":{"line":22,"column":31}},"18":{"start":{"line":23,"column":4},"end":{"line":23,"column":33}},"19":{"start":{"line":24,"column":4},"end":{"line":24,"column":23}},"20":{"start":{"line":25,"column":4},"end":{"line":25,"column":29}},"21":{"start":{"line":26,"column":4},"end":{"line":26,"column":32}},"22":{"start":{"line":61,"column":0},"end":{"line":61,"column":27}}},"fnMap":{"0":{"name":"(anonymous_0)","decl":{"start":{"line":14,"column":2},"end":{"line":14,"column":14}},"loc":{"start":{"line":20,"column":24},"end":{"line":27,"column":3}}},"1":{"name":"(anonymous_1)","decl":{"start":{"line":28,"column":19},"end":{"line":28,"column":20}},"loc":{"start":{"line":28,"column":52},"end":{"line":37,"column":3}}},"2":{"name":"(anonymous_2)","decl":{"start":{"line":39,"column":11},"end":{"line":39,"column":12}},"loc":{"start":{"line":43,"column":38},"end":{"line":58,"column":3}}}},"branchMap":{"0":{"loc":{"start":{"line":49,"column":4},"end":{"line":57,"column":null}},"type":"if","locations":[{"start":{"line":49,"column":4},"end":{"line":57,"column":null}}]},"1":{"loc":{"start":{"line":50,"column":6},"end":{"line":56,"column":null}},"type":"if","locations":[{"start":{"line":50,"column":6},"end":{"line":56,"column":null}},{"start":{"line":53,"column":13},"end":{"line":56,"column":null}}]}},"s":{"0":5,"1":47,"2":47,"3":47,"4":47,"5":47,"6":47,"7":73,"8":73,"9":73,"10":73,"11":73,"12":58,"13":58,"14":15,"15":15,"16":47,"17":47,"18":47,"19":47,"20":47,"21":47,"22":5},"f":{"0":47,"1":47,"2":73},"b":{"0":[73],"1":[58,15]}}
,"K:\\work\\metalamp\\metalamp-slider\\src\\slider\\layers\\view\\components\\scale\\scale.ts": {"path":"K:\\work\\metalamp\\metalamp-slider\\src\\slider\\layers\\view\\components\\scale\\scale.ts","statementMap":{"0":{"start":{"line":1,"column":0},"end":{"line":1,"column":null}},"1":{"start":{"line":7,"column":0},"end":{"line":7,"column":22}},"2":{"start":{"line":31,"column":10},"end":{"line":36,"column":4}},"3":{"start":{"line":32,"column":4},"end":{"line":35,"column":7}},"4":{"start":{"line":38,"column":10},"end":{"line":73,"column":4}},"5":{"start":{"line":39,"column":18},"end":{"line":39,"column":47}},"6":{"start":{"line":40,"column":4},"end":{"line":40,"column":33}},"7":{"start":{"line":41,"column":4},"end":{"line":51,"column":7}},"8":{"start":{"line":42,"column":24},"end":{"line":42,"column":41}},"9":{"start":{"line":43,"column":6},"end":{"line":47,"column":null}},"10":{"start":{"line":44,"column":8},"end":{"line":44,"column":48}},"11":{"start":{"line":46,"column":8},"end":{"line":46,"column":49}},"12":{"start":{"line":48,"column":6},"end":{"line":48,"column":40}},"13":{"start":{"line":49,"column":6},"end":{"line":49,"column":73}},"14":{"start":{"line":49,"column":57},"end":{"line":49,"column":71}},"15":{"start":{"line":50,"column":6},"end":{"line":50,"column":37}},"16":{"start":{"line":53,"column":4},"end":{"line":53,"column":38}},"17":{"start":{"line":54,"column":22},"end":{"line":54,"column":60}},"18":{"start":{"line":55,"column":4},"end":{"line":72,"column":null}},"19":{"start":{"line":57,"column":8},"end":{"line":57,"column":50}},"20":{"start":{"line":58,"column":19},"end":{"line":58,"column":20}},"21":{"start":{"line":59,"column":6},"end":{"line":70,"column":null}},"22":{"start":{"line":59,"column":23},"end":{"line":59,"column":24}},"23":{"start":{"line":60,"column":8},"end":{"line":62,"column":null}},"24":{"start":{"line":61,"column":10},"end":{"line":61,"column":23}},"25":{"start":{"line":63,"column":8},"end":{"line":67,"column":null}},"26":{"start":{"line":64,"column":10},"end":{"line":64,"column":57}},"27":{"start":{"line":66,"column":10},"end":{"line":66,"column":58}},"28":{"start":{"line":69,"column":8},"end":{"line":69,"column":29}},"29":{"start":{"line":71,"column":6},"end":{"line":71,"column":17}},"30":{"start":{"line":75,"column":9},"end":{"line":83,"column":4}},"31":{"start":{"line":76,"column":4},"end":{"line":76,"column":28}},"32":{"start":{"line":77,"column":4},"end":{"line":77,"column":23}},"33":{"start":{"line":78,"column":27},"end":{"line":78,"column":65}},"34":{"start":{"line":79,"column":4},"end":{"line":81,"column":null}},"35":{"start":{"line":80,"column":6},"end":{"line":80,"column":30}},"36":{"start":{"line":82,"column":4},"end":{"line":82,"column":18}},"37":{"start":{"line":85,"column":10},"end":{"line":89,"column":4}},"38":{"start":{"line":86,"column":18},"end":{"line":86,"column":47}},"39":{"start":{"line":87,"column":4},"end":{"line":87,"column":39}},"40":{"start":{"line":88,"column":4},"end":{"line":88,"column":17}},"41":{"start":{"line":22,"column":4},"end":{"line":22,"column":33}},"42":{"start":{"line":23,"column":4},"end":{"line":23,"column":31}},"43":{"start":{"line":24,"column":4},"end":{"line":24,"column":23}},"44":{"start":{"line":25,"column":4},"end":{"line":25,"column":29}},"45":{"start":{"line":26,"column":4},"end":{"line":26,"column":33}},"46":{"start":{"line":28,"column":4},"end":{"line":28,"column":18}},"47":{"start":{"line":92,"column":0},"end":{"line":92,"column":21}}},"fnMap":{"0":{"name":"(anonymous_0)","decl":{"start":{"line":15,"column":2},"end":{"line":15,"column":14}},"loc":{"start":{"line":21,"column":18},"end":{"line":29,"column":3}}},"1":{"name":"(anonymous_1)","decl":{"start":{"line":31,"column":19},"end":{"line":31,"column":20}},"loc":{"start":{"line":31,"column":39},"end":{"line":36,"column":3}}},"2":{"name":"(anonymous_2)","decl":{"start":{"line":38,"column":19},"end":{"line":38,"column":22}},"loc":{"start":{"line":38,"column":24},"end":{"line":73,"column":3}}},"3":{"name":"(anonymous_3)","decl":{"start":{"line":41,"column":28},"end":{"line":41,"column":29}},"loc":{"start":{"line":41,"column":35},"end":{"line":51,"column":5}}},"4":{"name":"(anonymous_4)","decl":{"start":{"line":49,"column":50},"end":{"line":49,"column":51}},"loc":{"start":{"line":49,"column":57},"end":{"line":49,"column":71}}},"5":{"name":"(anonymous_5)","decl":{"start":{"line":75,"column":18},"end":{"line":75,"column":19}},"loc":{"start":{"line":75,"column":52},"end":{"line":83,"column":3}}},"6":{"name":"(anonymous_6)","decl":{"start":{"line":85,"column":23},"end":{"line":85,"column":26}},"loc":{"start":{"line":85,"column":28},"end":{"line":89,"column":3}}}},"branchMap":{"0":{"loc":{"start":{"line":43,"column":6},"end":{"line":47,"column":null}},"type":"if","locations":[{"start":{"line":43,"column":6},"end":{"line":47,"column":null}},{"start":{"line":45,"column":13},"end":{"line":47,"column":null}}]},"1":{"loc":{"start":{"line":55,"column":4},"end":{"line":72,"column":null}},"type":"if","locations":[{"start":{"line":55,"column":4},"end":{"line":72,"column":null}}]},"2":{"loc":{"start":{"line":60,"column":8},"end":{"line":62,"column":null}},"type":"if","locations":[{"start":{"line":60,"column":8},"end":{"line":62,"column":null}}]},"3":{"loc":{"start":{"line":63,"column":8},"end":{"line":67,"column":null}},"type":"if","locations":[{"start":{"line":63,"column":8},"end":{"line":67,"column":null}},{"start":{"line":65,"column":15},"end":{"line":67,"column":null}}]},"4":{"loc":{"start":{"line":79,"column":4},"end":{"line":81,"column":null}},"type":"if","locations":[{"start":{"line":79,"column":4},"end":{"line":81,"column":null}}]}},"s":{"0":4,"1":4,"2":39,"3":0,"4":39,"5":54,"6":54,"7":54,"8":777,"9":777,"10":438,"11":339,"12":777,"13":777,"14":0,"15":777,"16":54,"17":54,"18":54,"19":54,"20":54,"21":54,"22":54,"23":777,"24":71,"25":777,"26":438,"27":339,"28":777,"29":54,"30":39,"31":15,"32":15,"33":15,"34":15,"35":15,"36":15,"37":39,"38":777,"39":777,"40":777,"41":39,"42":39,"43":39,"44":39,"45":39,"46":39,"47":4},"f":{"0":39,"1":0,"2":54,"3":777,"4":0,"5":15,"6":777},"b":{"0":[438,339],"1":[54],"2":[71],"3":[438,339],"4":[15]}}
}
