{"K:\\work\\metalamp\\metalamp-slider\\src\\layers\\interfaces\\interfaces.ts": {"path":"K:\\work\\metalamp\\metalamp-slider\\src\\layers\\interfaces\\interfaces.ts","statementMap":{"0":{"start":{"line":16,"column":0},"end":{"line":16,"column":null}},"1":{"start":{"line":17,"column":2},"end":{"line":17,"column":null}},"2":{"start":{"line":18,"column":2},"end":{"line":18,"column":null}},"3":{"start":{"line":19,"column":2},"end":{"line":19,"column":null}},"4":{"start":{"line":20,"column":2},"end":{"line":20,"column":null}},"5":{"start":{"line":21,"column":2},"end":{"line":21,"column":null}},"6":{"start":{"line":22,"column":2},"end":{"line":22,"column":null}},"7":{"start":{"line":23,"column":2},"end":{"line":23,"column":null}},"8":{"start":{"line":24,"column":2},"end":{"line":24,"column":null}},"9":{"start":{"line":25,"column":2},"end":{"line":25,"column":null}},"10":{"start":{"line":26,"column":2},"end":{"line":26,"column":null}},"11":{"start":{"line":182,"column":2},"end":{"line":182,"column":13}},"12":{"start":{"line":72,"column":0},"end":{"line":72,"column":null}},"13":{"start":{"line":73,"column":2},"end":{"line":73,"column":null}},"14":{"start":{"line":74,"column":2},"end":{"line":74,"column":null}},"15":{"start":{"line":75,"column":2},"end":{"line":75,"column":null}},"16":{"start":{"line":76,"column":2},"end":{"line":76,"column":null}},"17":{"start":{"line":205,"column":2},"end":{"line":205,"column":11}},"18":{"start":{"line":159,"column":0},"end":{"line":159,"column":null}},"19":{"start":{"line":160,"column":2},"end":{"line":160,"column":null}},"20":{"start":{"line":161,"column":2},"end":{"line":161,"column":null}},"21":{"start":{"line":201,"column":2},"end":{"line":201,"column":16}}},"fnMap":{"0":{"name":"(anonymous_0)","decl":{"start":{"line":16,"column":0},"end":{"line":16,"column":5}},"loc":{"start":{"line":16,"column":16},"end":{"line":27,"column":1}}},"1":{"name":"(anonymous_1)","decl":{"start":{"line":72,"column":0},"end":{"line":72,"column":5}},"loc":{"start":{"line":72,"column":14},"end":{"line":77,"column":1}}},"2":{"name":"(anonymous_2)","decl":{"start":{"line":159,"column":0},"end":{"line":159,"column":5}},"loc":{"start":{"line":159,"column":19},"end":{"line":162,"column":1}}}},"branchMap":{"0":{"loc":{"start":{"line":16,"column":5},"end":{"line":16,"column":null}},"type":"binary-expr","locations":[{"start":{"line":16,"column":5},"end":{"line":16,"column":16}},{"start":{"line":16,"column":5},"end":{"line":16,"column":null}}]},"1":{"loc":{"start":{"line":72,"column":5},"end":{"line":72,"column":null}},"type":"binary-expr","locations":[{"start":{"line":72,"column":5},"end":{"line":72,"column":14}},{"start":{"line":72,"column":5},"end":{"line":72,"column":null}}]},"2":{"loc":{"start":{"line":159,"column":5},"end":{"line":159,"column":null}},"type":"binary-expr","locations":[{"start":{"line":159,"column":5},"end":{"line":159,"column":19}},{"start":{"line":159,"column":5},"end":{"line":159,"column":null}}]}},"s":{"0":7,"1":7,"2":7,"3":7,"4":7,"5":7,"6":7,"7":7,"8":7,"9":7,"10":7,"11":7,"12":7,"13":7,"14":7,"15":7,"16":7,"17":7,"18":7,"19":7,"20":7,"21":7},"f":{"0":7,"1":7,"2":7},"b":{"0":[7,7],"1":[7,7],"2":[7,7]}}
,"K:\\work\\metalamp\\metalamp-slider\\src\\layers\\model\\model.ts": {"path":"K:\\work\\metalamp\\metalamp-slider\\src\\layers\\model\\model.ts","statementMap":{"0":{"start":{"line":1,"column":0},"end":{"line":1,"column":null}},"1":{"start":{"line":9,"column":0},"end":{"line":9,"column":44}},"2":{"start":{"line":32,"column":9},"end":{"line":32,"column":46}},"3":{"start":{"line":60,"column":2},"end":{"line":107,"column":4}},"4":{"start":{"line":61,"column":4},"end":{"line":105,"column":null}},"5":{"start":{"line":62,"column":6},"end":{"line":78,"column":null}},"6":{"start":{"line":64,"column":10},"end":{"line":64,"column":40}},"7":{"start":{"line":65,"column":10},"end":{"line":65,"column":16}},"8":{"start":{"line":67,"column":10},"end":{"line":67,"column":40}},"9":{"start":{"line":68,"column":10},"end":{"line":68,"column":16}},"10":{"start":{"line":70,"column":10},"end":{"line":70,"column":41}},"11":{"start":{"line":71,"column":10},"end":{"line":71,"column":16}},"12":{"start":{"line":73,"column":10},"end":{"line":73,"column":39}},"13":{"start":{"line":74,"column":10},"end":{"line":74,"column":16}},"14":{"start":{"line":76,"column":10},"end":{"line":76,"column":36}},"15":{"start":{"line":77,"column":10},"end":{"line":77,"column":16}},"16":{"start":{"line":79,"column":6},"end":{"line":82,"column":9}},"17":{"start":{"line":83,"column":11},"end":{"line":105,"column":null}},"18":{"start":{"line":84,"column":6},"end":{"line":100,"column":null}},"19":{"start":{"line":86,"column":10},"end":{"line":86,"column":42}},"20":{"start":{"line":87,"column":10},"end":{"line":87,"column":16}},"21":{"start":{"line":89,"column":10},"end":{"line":89,"column":42}},"22":{"start":{"line":90,"column":10},"end":{"line":90,"column":16}},"23":{"start":{"line":92,"column":10},"end":{"line":92,"column":39}},"24":{"start":{"line":93,"column":10},"end":{"line":93,"column":16}},"25":{"start":{"line":95,"column":10},"end":{"line":95,"column":45}},"26":{"start":{"line":96,"column":10},"end":{"line":96,"column":16}},"27":{"start":{"line":98,"column":10},"end":{"line":98,"column":39}},"28":{"start":{"line":99,"column":10},"end":{"line":99,"column":16}},"29":{"start":{"line":101,"column":6},"end":{"line":104,"column":9}},"30":{"start":{"line":106,"column":4},"end":{"line":106,"column":37}},"31":{"start":{"line":109,"column":9},"end":{"line":111,"column":4}},"32":{"start":{"line":110,"column":4},"end":{"line":110,"column":40}},"33":{"start":{"line":113,"column":9},"end":{"line":126,"column":4}},"34":{"start":{"line":114,"column":4},"end":{"line":125,"column":6}},"35":{"start":{"line":46,"column":8},"end":{"line":46,"column":15}},"36":{"start":{"line":48,"column":4},"end":{"line":48,"column":24}},"37":{"start":{"line":49,"column":4},"end":{"line":49,"column":24}},"38":{"start":{"line":50,"column":4},"end":{"line":50,"column":26}},"39":{"start":{"line":51,"column":4},"end":{"line":51,"column":22}},"40":{"start":{"line":52,"column":4},"end":{"line":52,"column":21}},"41":{"start":{"line":53,"column":4},"end":{"line":53,"column":33}},"42":{"start":{"line":54,"column":4},"end":{"line":54,"column":33}},"43":{"start":{"line":55,"column":4},"end":{"line":55,"column":27}},"44":{"start":{"line":56,"column":4},"end":{"line":56,"column":27}},"45":{"start":{"line":57,"column":4},"end":{"line":57,"column":39}},"46":{"start":{"line":11,"column":0},"end":{"line":11,"column":21}}},"fnMap":{"0":{"name":"(anonymous_1)","decl":{"start":{"line":34,"column":2},"end":{"line":34,"column":14}},"loc":{"start":{"line":34,"column":36},"end":{"line":58,"column":3}}},"1":{"name":"(anonymous_2)","decl":{"start":{"line":60,"column":16},"end":{"line":60,"column":17}},"loc":{"start":{"line":60,"column":58},"end":{"line":107,"column":3}}},"2":{"name":"(anonymous_3)","decl":{"start":{"line":109,"column":21},"end":{"line":109,"column":22}},"loc":{"start":{"line":109,"column":49},"end":{"line":111,"column":3}}},"3":{"name":"(anonymous_4)","decl":{"start":{"line":113,"column":20},"end":{"line":113,"column":38}},"loc":{"start":{"line":113,"column":40},"end":{"line":126,"column":3}}}},"branchMap":{"0":{"loc":{"start":{"line":61,"column":4},"end":{"line":105,"column":null}},"type":"if","locations":[{"start":{"line":61,"column":4},"end":{"line":105,"column":null}},{"start":{"line":83,"column":11},"end":{"line":105,"column":null}}]},"1":{"loc":{"start":{"line":62,"column":6},"end":{"line":78,"column":null}},"type":"switch","locations":[{"start":{"line":63,"column":8},"end":{"line":65,"column":16}},{"start":{"line":66,"column":8},"end":{"line":68,"column":16}},{"start":{"line":69,"column":8},"end":{"line":71,"column":16}},{"start":{"line":72,"column":8},"end":{"line":74,"column":16}},{"start":{"line":75,"column":8},"end":{"line":77,"column":16}}]},"2":{"loc":{"start":{"line":83,"column":11},"end":{"line":105,"column":null}},"type":"if","locations":[{"start":{"line":83,"column":11},"end":{"line":105,"column":null}}]},"3":{"loc":{"start":{"line":84,"column":6},"end":{"line":100,"column":null}},"type":"switch","locations":[{"start":{"line":85,"column":8},"end":{"line":87,"column":16}},{"start":{"line":88,"column":8},"end":{"line":90,"column":16}},{"start":{"line":91,"column":8},"end":{"line":93,"column":16}},{"start":{"line":94,"column":8},"end":{"line":96,"column":16}},{"start":{"line":97,"column":8},"end":{"line":99,"column":16}}]}},"s":{"0":2,"1":2,"2":8,"3":8,"4":11,"5":5,"6":1,"7":1,"8":1,"9":1,"10":1,"11":1,"12":1,"13":1,"14":1,"15":1,"16":5,"17":6,"18":6,"19":2,"20":2,"21":1,"22":1,"23":1,"24":1,"25":1,"26":1,"27":1,"28":1,"29":6,"30":11,"31":8,"32":7,"33":8,"34":29,"35":8,"36":8,"37":8,"38":8,"39":8,"40":8,"41":8,"42":8,"43":8,"44":8,"45":8,"46":2},"f":{"0":8,"1":11,"2":7,"3":29},"b":{"0":[5,6],"1":[1,1,1,1,1],"2":[6],"3":[2,1,1,1,1]}}
,"K:\\work\\metalamp\\metalamp-slider\\src\\layers\\observer\\observer.ts": {"path":"K:\\work\\metalamp\\metalamp-slider\\src\\layers\\observer\\observer.ts","statementMap":{"0":{"start":{"line":8,"column":2},"end":{"line":10,"column":4}},"1":{"start":{"line":9,"column":4},"end":{"line":9,"column":38}},"2":{"start":{"line":11,"column":2},"end":{"line":13,"column":4}},"3":{"start":{"line":12,"column":4},"end":{"line":12,"column":74}},"4":{"start":{"line":12,"column":55},"end":{"line":12,"column":72}},"5":{"start":{"line":14,"column":2},"end":{"line":20,"column":4}},"6":{"start":{"line":15,"column":4},"end":{"line":19,"column":6}},"7":{"start":{"line":16,"column":6},"end":{"line":18,"column":14}},"8":{"start":{"line":6,"column":4},"end":{"line":6,"column":26}},"9":{"start":{"line":23,"column":0},"end":{"line":23,"column":24}}},"fnMap":{"0":{"name":"(anonymous_0)","decl":{"start":{"line":5,"column":2},"end":{"line":5,"column":null}},"loc":{"start":{"line":5,"column":2},"end":{"line":7,"column":3}}},"1":{"name":"(anonymous_1)","decl":{"start":{"line":8,"column":14},"end":{"line":8,"column":15}},"loc":{"start":{"line":8,"column":48},"end":{"line":10,"column":3}}},"2":{"name":"(anonymous_2)","decl":{"start":{"line":11,"column":16},"end":{"line":11,"column":17}},"loc":{"start":{"line":11,"column":50},"end":{"line":13,"column":3}}},"3":{"name":"(anonymous_3)","decl":{"start":{"line":12,"column":47},"end":{"line":12,"column":48}},"loc":{"start":{"line":12,"column":55},"end":{"line":12,"column":72}}},"4":{"name":"(anonymous_4)","decl":{"start":{"line":14,"column":11},"end":{"line":14,"column":12}},"loc":{"start":{"line":14,"column":47},"end":{"line":20,"column":3}}},"5":{"name":"(anonymous_5)","decl":{"start":{"line":15,"column":29},"end":{"line":15,"column":30}},"loc":{"start":{"line":16,"column":6},"end":{"line":18,"column":14}}}},"branchMap":{"0":{"loc":{"start":{"line":16,"column":6},"end":{"line":18,"column":14}},"type":"cond-expr","locations":[{"start":{"line":17,"column":10},"end":{"line":17,"column":47}},{"start":{"line":18,"column":10},"end":{"line":18,"column":14}}]}},"s":{"0":32,"1":30,"2":32,"3":1,"4":0,"5":32,"6":11,"7":1,"8":32,"9":9},"f":{"0":32,"1":30,"2":1,"3":0,"4":11,"5":1},"b":{"0":[1,0]}}
,"K:\\work\\metalamp\\metalamp-slider\\src\\layers\\presenter\\presenter.ts": {"path":"K:\\work\\metalamp\\metalamp-slider\\src\\layers\\presenter\\presenter.ts","statementMap":{"0":{"start":{"line":1,"column":0},"end":{"line":1,"column":null}},"1":{"start":{"line":10,"column":0},"end":{"line":10,"column":35}},"2":{"start":{"line":11,"column":0},"end":{"line":11,"column":32}},"3":{"start":{"line":12,"column":0},"end":{"line":12,"column":48}},"4":{"start":{"line":13,"column":0},"end":{"line":13,"column":43}},"5":{"start":{"line":14,"column":0},"end":{"line":14,"column":53}},"6":{"start":{"line":51,"column":2},"end":{"line":53,"column":4}},"7":{"start":{"line":52,"column":4},"end":{"line":52,"column":39}},"8":{"start":{"line":55,"column":2},"end":{"line":58,"column":4}},"9":{"start":{"line":56,"column":50},"end":{"line":56,"column":78}},"10":{"start":{"line":57,"column":4},"end":{"line":57,"column":74}},"11":{"start":{"line":60,"column":2},"end":{"line":64,"column":4}},"12":{"start":{"line":61,"column":31},"end":{"line":61,"column":41}},"13":{"start":{"line":62,"column":29},"end":{"line":62,"column":64}},"14":{"start":{"line":63,"column":4},"end":{"line":63,"column":28}},"15":{"start":{"line":66,"column":2},"end":{"line":106,"column":4}},"16":{"start":{"line":67,"column":4},"end":{"line":69,"column":null}},"17":{"start":{"line":68,"column":6},"end":{"line":68,"column":13}},"18":{"start":{"line":71,"column":21},"end":{"line":71,"column":50}},"19":{"start":{"line":72,"column":37},"end":{"line":72,"column":47}},"20":{"start":{"line":73,"column":4},"end":{"line":105,"column":null}},"21":{"start":{"line":74,"column":30},"end":{"line":74,"column":75}},"22":{"start":{"line":75,"column":28},"end":{"line":75,"column":71}},"23":{"start":{"line":77,"column":6},"end":{"line":99,"column":null}},"24":{"start":{"line":78,"column":8},"end":{"line":81,"column":11}},"25":{"start":{"line":82,"column":13},"end":{"line":99,"column":null}},"26":{"start":{"line":83,"column":8},"end":{"line":86,"column":11}},"27":{"start":{"line":87,"column":13},"end":{"line":99,"column":null}},"28":{"start":{"line":88,"column":8},"end":{"line":98,"column":null}},"29":{"start":{"line":89,"column":10},"end":{"line":92,"column":13}},"30":{"start":{"line":94,"column":10},"end":{"line":97,"column":13}},"31":{"start":{"line":101,"column":6},"end":{"line":104,"column":9}},"32":{"start":{"line":108,"column":2},"end":{"line":171,"column":4}},"33":{"start":{"line":109,"column":65},"end":{"line":109,"column":75}},"34":{"start":{"line":110,"column":37},"end":{"line":110,"column":79}},"35":{"start":{"line":111,"column":22},"end":{"line":111,"column":77}},"36":{"start":{"line":112,"column":4},"end":{"line":114,"column":null}},"37":{"start":{"line":113,"column":6},"end":{"line":113,"column":19}},"38":{"start":{"line":116,"column":4},"end":{"line":118,"column":null}},"39":{"start":{"line":117,"column":6},"end":{"line":117,"column":13}},"40":{"start":{"line":120,"column":23},"end":{"line":120,"column":40}},"41":{"start":{"line":121,"column":15},"end":{"line":121,"column":77}},"42":{"start":{"line":122,"column":4},"end":{"line":124,"column":null}},"43":{"start":{"line":123,"column":6},"end":{"line":123,"column":76}},"44":{"start":{"line":125,"column":4},"end":{"line":125,"column":27}},"45":{"start":{"line":125,"column":18},"end":{"line":125,"column":27}},"46":{"start":{"line":126,"column":4},"end":{"line":126,"column":31}},"47":{"start":{"line":126,"column":20},"end":{"line":126,"column":31}},"48":{"start":{"line":128,"column":20},"end":{"line":128,"column":38}},"49":{"start":{"line":129,"column":22},"end":{"line":129,"column":37}},"50":{"start":{"line":130,"column":19},"end":{"line":130,"column":53}},"51":{"start":{"line":132,"column":4},"end":{"line":132,"column":35}},"52":{"start":{"line":132,"column":22},"end":{"line":132,"column":35}},"53":{"start":{"line":133,"column":4},"end":{"line":133,"column":39}},"54":{"start":{"line":133,"column":24},"end":{"line":133,"column":39}},"55":{"start":{"line":135,"column":17},"end":{"line":135,"column":68}},"56":{"start":{"line":136,"column":16},"end":{"line":136,"column":28}},"57":{"start":{"line":138,"column":4},"end":{"line":170,"column":null}},"58":{"start":{"line":139,"column":30},"end":{"line":139,"column":72}},"59":{"start":{"line":140,"column":28},"end":{"line":140,"column":68}},"60":{"start":{"line":142,"column":6},"end":{"line":164,"column":null}},"61":{"start":{"line":143,"column":8},"end":{"line":146,"column":11}},"62":{"start":{"line":147,"column":13},"end":{"line":164,"column":null}},"63":{"start":{"line":148,"column":8},"end":{"line":151,"column":11}},"64":{"start":{"line":152,"column":13},"end":{"line":164,"column":null}},"65":{"start":{"line":153,"column":8},"end":{"line":163,"column":null}},"66":{"start":{"line":154,"column":10},"end":{"line":157,"column":13}},"67":{"start":{"line":159,"column":10},"end":{"line":162,"column":13}},"68":{"start":{"line":166,"column":6},"end":{"line":169,"column":9}},"69":{"start":{"line":173,"column":2},"end":{"line":260,"column":4}},"70":{"start":{"line":174,"column":4},"end":{"line":176,"column":null}},"71":{"start":{"line":175,"column":6},"end":{"line":175,"column":13}},"72":{"start":{"line":179,"column":65},"end":{"line":179,"column":75}},"73":{"start":{"line":180,"column":21},"end":{"line":180,"column":33}},"74":{"start":{"line":181,"column":37},"end":{"line":181,"column":79}},"75":{"start":{"line":183,"column":4},"end":{"line":192,"column":null}},"76":{"start":{"line":185,"column":8},"end":{"line":185,"column":56}},"77":{"start":{"line":186,"column":6},"end":{"line":188,"column":null}},"78":{"start":{"line":187,"column":8},"end":{"line":187,"column":15}},"79":{"start":{"line":190,"column":6},"end":{"line":190,"column":34}},"80":{"start":{"line":191,"column":6},"end":{"line":191,"column":30}},"81":{"start":{"line":193,"column":19},"end":{"line":193,"column":45}},"82":{"start":{"line":195,"column":4},"end":{"line":197,"column":null}},"83":{"start":{"line":196,"column":6},"end":{"line":196,"column":13}},"84":{"start":{"line":199,"column":23},"end":{"line":199,"column":40}},"85":{"start":{"line":200,"column":27},"end":{"line":200,"column":48}},"86":{"start":{"line":202,"column":16},"end":{"line":202,"column":51}},"87":{"start":{"line":203,"column":4},"end":{"line":205,"column":null}},"88":{"start":{"line":204,"column":6},"end":{"line":204,"column":49}},"89":{"start":{"line":206,"column":29},"end":{"line":206,"column":67}},"90":{"start":{"line":206,"column":52},"end":{"line":206,"column":67}},"91":{"start":{"line":207,"column":4},"end":{"line":207,"column":63}},"92":{"start":{"line":210,"column":23},"end":{"line":255,"column":5}},"93":{"start":{"line":212,"column":8},"end":{"line":212,"column":76}},"94":{"start":{"line":213,"column":6},"end":{"line":216,"column":null}},"95":{"start":{"line":214,"column":8},"end":{"line":215,"column":79}},"96":{"start":{"line":217,"column":6},"end":{"line":217,"column":29}},"97":{"start":{"line":217,"column":20},"end":{"line":217,"column":29}},"98":{"start":{"line":218,"column":6},"end":{"line":218,"column":33}},"99":{"start":{"line":218,"column":22},"end":{"line":218,"column":33}},"100":{"start":{"line":221,"column":22},"end":{"line":221,"column":40}},"101":{"start":{"line":222,"column":24},"end":{"line":222,"column":39}},"102":{"start":{"line":223,"column":21},"end":{"line":223,"column":55}},"103":{"start":{"line":224,"column":6},"end":{"line":224,"column":37}},"104":{"start":{"line":224,"column":24},"end":{"line":224,"column":37}},"105":{"start":{"line":225,"column":6},"end":{"line":225,"column":41}},"106":{"start":{"line":225,"column":26},"end":{"line":225,"column":41}},"107":{"start":{"line":228,"column":19},"end":{"line":228,"column":70}},"108":{"start":{"line":229,"column":18},"end":{"line":229,"column":30}},"109":{"start":{"line":231,"column":6},"end":{"line":254,"column":null}},"110":{"start":{"line":232,"column":8},"end":{"line":248,"column":null}},"111":{"start":{"line":233,"column":10},"end":{"line":235,"column":null}},"112":{"start":{"line":234,"column":12},"end":{"line":234,"column":36}},"113":{"start":{"line":236,"column":10},"end":{"line":239,"column":13}},"114":{"start":{"line":240,"column":15},"end":{"line":248,"column":null}},"115":{"start":{"line":241,"column":10},"end":{"line":243,"column":null}},"116":{"start":{"line":242,"column":12},"end":{"line":242,"column":34}},"117":{"start":{"line":244,"column":10},"end":{"line":247,"column":13}},"118":{"start":{"line":250,"column":8},"end":{"line":253,"column":11}},"119":{"start":{"line":257,"column":4},"end":{"line":259,"column":7}},"120":{"start":{"line":258,"column":6},"end":{"line":258,"column":68}},"121":{"start":{"line":262,"column":2},"end":{"line":267,"column":4}},"122":{"start":{"line":263,"column":4},"end":{"line":263,"column":23}},"123":{"start":{"line":264,"column":23},"end":{"line":264,"column":44}},"124":{"start":{"line":265,"column":29},"end":{"line":265,"column":51}},"125":{"start":{"line":266,"column":4},"end":{"line":266,"column":66}},"126":{"start":{"line":269,"column":2},"end":{"line":291,"column":4}},"127":{"start":{"line":271,"column":4},"end":{"line":274,"column":7}},"128":{"start":{"line":276,"column":4},"end":{"line":279,"column":7}},"129":{"start":{"line":281,"column":4},"end":{"line":284,"column":7}},"130":{"start":{"line":287,"column":4},"end":{"line":290,"column":7}},"131":{"start":{"line":292,"column":2},"end":{"line":294,"column":4}},"132":{"start":{"line":293,"column":4},"end":{"line":293,"column":22}},"133":{"start":{"line":22,"column":42},"end":{"line":33,"column":6}},"134":{"start":{"line":34,"column":4},"end":{"line":34,"column":31}},"135":{"start":{"line":35,"column":21},"end":{"line":35,"column":57}},"136":{"start":{"line":36,"column":4},"end":{"line":36,"column":40}},"137":{"start":{"line":37,"column":4},"end":{"line":37,"column":20}},"138":{"start":{"line":38,"column":25},"end":{"line":38,"column":46}},"139":{"start":{"line":40,"column":29},"end":{"line":40,"column":51}},"140":{"start":{"line":41,"column":4},"end":{"line":46,"column":7}},"141":{"start":{"line":48,"column":4},"end":{"line":48,"column":21}},"142":{"start":{"line":297,"column":0},"end":{"line":297,"column":25}}},"fnMap":{"0":{"name":"(anonymous_1)","decl":{"start":{"line":21,"column":2},"end":{"line":21,"column":14}},"loc":{"start":{"line":21,"column":55},"end":{"line":49,"column":3}}},"1":{"name":"(anonymous_2)","decl":{"start":{"line":51,"column":13},"end":{"line":51,"column":22}},"loc":{"start":{"line":51,"column":24},"end":{"line":53,"column":3}}},"2":{"name":"(anonymous_3)","decl":{"start":{"line":55,"column":20},"end":{"line":55,"column":42}},"loc":{"start":{"line":55,"column":44},"end":{"line":58,"column":3}}},"3":{"name":"(anonymous_4)","decl":{"start":{"line":60,"column":19},"end":{"line":60,"column":35}},"loc":{"start":{"line":60,"column":37},"end":{"line":64,"column":3}}},"4":{"name":"(anonymous_5)","decl":{"start":{"line":66,"column":28},"end":{"line":66,"column":29}},"loc":{"start":{"line":66,"column":47},"end":{"line":106,"column":3}}},"5":{"name":"(anonymous_6)","decl":{"start":{"line":108,"column":23},"end":{"line":108,"column":24}},"loc":{"start":{"line":108,"column":47},"end":{"line":171,"column":3}}},"6":{"name":"(anonymous_7)","decl":{"start":{"line":173,"column":25},"end":{"line":173,"column":26}},"loc":{"start":{"line":173,"column":55},"end":{"line":260,"column":3}}},"7":{"name":"(anonymous_8)","decl":{"start":{"line":206,"column":29},"end":{"line":206,"column":30}},"loc":{"start":{"line":206,"column":52},"end":{"line":206,"column":67}}},"8":{"name":"(anonymous_9)","decl":{"start":{"line":210,"column":23},"end":{"line":210,"column":24}},"loc":{"start":{"line":210,"column":51},"end":{"line":255,"column":5}}},"9":{"name":"(anonymous_10)","decl":{"start":{"line":257,"column":43},"end":{"line":257,"column":null}},"loc":{"start":{"line":257,"column":43},"end":{"line":259,"column":5}}},"10":{"name":"(anonymous_11)","decl":{"start":{"line":262,"column":19},"end":{"line":262,"column":20}},"loc":{"start":{"line":262,"column":50},"end":{"line":267,"column":3}}},"11":{"name":"(anonymous_12)","decl":{"start":{"line":269,"column":14},"end":{"line":269,"column":23}},"loc":{"start":{"line":269,"column":25},"end":{"line":291,"column":3}}},"12":{"name":"(anonymous_13)","decl":{"start":{"line":292,"column":13},"end":{"line":292,"column":16}},"loc":{"start":{"line":292,"column":18},"end":{"line":294,"column":3}}}},"branchMap":{"0":{"loc":{"start":{"line":67,"column":4},"end":{"line":69,"column":null}},"type":"if","locations":[{"start":{"line":67,"column":4},"end":{"line":69,"column":null}}]},"1":{"loc":{"start":{"line":71,"column":28},"end":{"line":71,"column":49}},"type":"cond-expr","locations":[{"start":{"line":71,"column":36},"end":{"line":71,"column":38}},{"start":{"line":71,"column":36},"end":{"line":71,"column":49}}]},"2":{"loc":{"start":{"line":71,"column":28},"end":{"line":71,"column":38}},"type":"binary-expr","locations":[{"start":{"line":71,"column":28},"end":{"line":71,"column":38}},{"start":{"line":71,"column":36},"end":{"line":71,"column":38}}]},"3":{"loc":{"start":{"line":73,"column":4},"end":{"line":105,"column":null}},"type":"if","locations":[{"start":{"line":73,"column":4},"end":{"line":105,"column":null}},{"start":{"line":100,"column":11},"end":{"line":105,"column":null}}]},"4":{"loc":{"start":{"line":77,"column":6},"end":{"line":99,"column":null}},"type":"if","locations":[{"start":{"line":77,"column":6},"end":{"line":99,"column":null}},{"start":{"line":82,"column":13},"end":{"line":99,"column":null}}]},"5":{"loc":{"start":{"line":82,"column":13},"end":{"line":99,"column":null}},"type":"if","locations":[{"start":{"line":82,"column":13},"end":{"line":99,"column":null}},{"start":{"line":87,"column":13},"end":{"line":99,"column":null}}]},"6":{"loc":{"start":{"line":87,"column":13},"end":{"line":99,"column":null}},"type":"if","locations":[{"start":{"line":87,"column":13},"end":{"line":99,"column":null}}]},"7":{"loc":{"start":{"line":88,"column":8},"end":{"line":98,"column":null}},"type":"if","locations":[{"start":{"line":88,"column":8},"end":{"line":98,"column":null}},{"start":{"line":93,"column":15},"end":{"line":98,"column":null}}]},"8":{"loc":{"start":{"line":112,"column":4},"end":{"line":114,"column":null}},"type":"if","locations":[{"start":{"line":112,"column":4},"end":{"line":114,"column":null}}]},"9":{"loc":{"start":{"line":112,"column":8},"end":{"line":112,"column":63}},"type":"binary-expr","locations":[{"start":{"line":112,"column":8},"end":{"line":112,"column":36}},{"start":{"line":112,"column":40},"end":{"line":112,"column":63}}]},"10":{"loc":{"start":{"line":116,"column":4},"end":{"line":118,"column":null}},"type":"if","locations":[{"start":{"line":116,"column":4},"end":{"line":118,"column":null}}]},"11":{"loc":{"start":{"line":122,"column":4},"end":{"line":124,"column":null}},"type":"if","locations":[{"start":{"line":122,"column":4},"end":{"line":124,"column":null}}]},"12":{"loc":{"start":{"line":125,"column":4},"end":{"line":125,"column":27}},"type":"if","locations":[{"start":{"line":125,"column":4},"end":{"line":125,"column":27}}]},"13":{"loc":{"start":{"line":126,"column":4},"end":{"line":126,"column":31}},"type":"if","locations":[{"start":{"line":126,"column":4},"end":{"line":126,"column":31}}]},"14":{"loc":{"start":{"line":132,"column":4},"end":{"line":132,"column":35}},"type":"if","locations":[{"start":{"line":132,"column":4},"end":{"line":132,"column":35}}]},"15":{"loc":{"start":{"line":133,"column":4},"end":{"line":133,"column":39}},"type":"if","locations":[{"start":{"line":133,"column":4},"end":{"line":133,"column":39}}]},"16":{"loc":{"start":{"line":138,"column":4},"end":{"line":170,"column":null}},"type":"if","locations":[{"start":{"line":138,"column":4},"end":{"line":170,"column":null}},{"start":{"line":165,"column":11},"end":{"line":170,"column":null}}]},"17":{"loc":{"start":{"line":142,"column":6},"end":{"line":164,"column":null}},"type":"if","locations":[{"start":{"line":142,"column":6},"end":{"line":164,"column":null}},{"start":{"line":147,"column":13},"end":{"line":164,"column":null}}]},"18":{"loc":{"start":{"line":147,"column":13},"end":{"line":164,"column":null}},"type":"if","locations":[{"start":{"line":147,"column":13},"end":{"line":164,"column":null}},{"start":{"line":152,"column":13},"end":{"line":164,"column":null}}]},"19":{"loc":{"start":{"line":152,"column":13},"end":{"line":164,"column":null}},"type":"if","locations":[{"start":{"line":152,"column":13},"end":{"line":164,"column":null}}]},"20":{"loc":{"start":{"line":153,"column":8},"end":{"line":163,"column":null}},"type":"if","locations":[{"start":{"line":153,"column":8},"end":{"line":163,"column":null}},{"start":{"line":158,"column":15},"end":{"line":163,"column":null}}]},"21":{"loc":{"start":{"line":174,"column":4},"end":{"line":176,"column":null}},"type":"if","locations":[{"start":{"line":174,"column":4},"end":{"line":176,"column":null}}]},"22":{"loc":{"start":{"line":183,"column":4},"end":{"line":192,"column":null}},"type":"if","locations":[{"start":{"line":183,"column":4},"end":{"line":192,"column":null}}]},"23":{"loc":{"start":{"line":183,"column":8},"end":{"line":183,"column":34}},"type":"binary-expr","locations":[{"start":{"line":183,"column":8},"end":{"line":183,"column":18}},{"start":{"line":183,"column":22},"end":{"line":183,"column":34}}]},"24":{"loc":{"start":{"line":186,"column":6},"end":{"line":188,"column":null}},"type":"if","locations":[{"start":{"line":186,"column":6},"end":{"line":188,"column":null}}]},"25":{"loc":{"start":{"line":193,"column":19},"end":{"line":193,"column":45}},"type":"cond-expr","locations":[{"start":{"line":193,"column":29},"end":{"line":193,"column":31}},{"start":{"line":193,"column":19},"end":{"line":193,"column":45}}]},"26":{"loc":{"start":{"line":193,"column":19},"end":{"line":193,"column":31}},"type":"binary-expr","locations":[{"start":{"line":193,"column":19},"end":{"line":193,"column":31}},{"start":{"line":193,"column":19},"end":{"line":193,"column":31}}]},"27":{"loc":{"start":{"line":195,"column":4},"end":{"line":197,"column":null}},"type":"if","locations":[{"start":{"line":195,"column":4},"end":{"line":197,"column":null}}]},"28":{"loc":{"start":{"line":195,"column":8},"end":{"line":195,"column":30}},"type":"binary-expr","locations":[{"start":{"line":195,"column":8},"end":{"line":195,"column":15}},{"start":{"line":195,"column":19},"end":{"line":195,"column":30}}]},"29":{"loc":{"start":{"line":203,"column":4},"end":{"line":205,"column":null}},"type":"if","locations":[{"start":{"line":203,"column":4},"end":{"line":205,"column":null}}]},"30":{"loc":{"start":{"line":213,"column":6},"end":{"line":216,"column":null}},"type":"if","locations":[{"start":{"line":213,"column":6},"end":{"line":216,"column":null}}]},"31":{"loc":{"start":{"line":217,"column":6},"end":{"line":217,"column":29}},"type":"if","locations":[{"start":{"line":217,"column":6},"end":{"line":217,"column":29}}]},"32":{"loc":{"start":{"line":218,"column":6},"end":{"line":218,"column":33}},"type":"if","locations":[{"start":{"line":218,"column":6},"end":{"line":218,"column":33}}]},"33":{"loc":{"start":{"line":224,"column":6},"end":{"line":224,"column":37}},"type":"if","locations":[{"start":{"line":224,"column":6},"end":{"line":224,"column":37}}]},"34":{"loc":{"start":{"line":225,"column":6},"end":{"line":225,"column":41}},"type":"if","locations":[{"start":{"line":225,"column":6},"end":{"line":225,"column":41}}]},"35":{"loc":{"start":{"line":231,"column":6},"end":{"line":254,"column":null}},"type":"if","locations":[{"start":{"line":231,"column":6},"end":{"line":254,"column":null}},{"start":{"line":249,"column":13},"end":{"line":254,"column":null}}]},"36":{"loc":{"start":{"line":232,"column":8},"end":{"line":248,"column":null}},"type":"if","locations":[{"start":{"line":232,"column":8},"end":{"line":248,"column":null}},{"start":{"line":240,"column":15},"end":{"line":248,"column":null}}]},"37":{"loc":{"start":{"line":233,"column":10},"end":{"line":235,"column":null}},"type":"if","locations":[{"start":{"line":233,"column":10},"end":{"line":235,"column":null}}]},"38":{"loc":{"start":{"line":240,"column":15},"end":{"line":248,"column":null}},"type":"if","locations":[{"start":{"line":240,"column":15},"end":{"line":248,"column":null}}]},"39":{"loc":{"start":{"line":241,"column":10},"end":{"line":243,"column":null}},"type":"if","locations":[{"start":{"line":241,"column":10},"end":{"line":243,"column":null}}]}},"s":{"0":1,"1":1,"2":1,"3":1,"4":1,"5":1,"6":7,"7":7,"8":7,"9":8,"10":8,"11":7,"12":8,"13":8,"14":8,"15":7,"16":0,"17":0,"18":0,"19":0,"20":0,"21":0,"22":0,"23":0,"24":0,"25":0,"26":0,"27":0,"28":0,"29":0,"30":0,"31":0,"32":7,"33":0,"34":0,"35":0,"36":0,"37":0,"38":0,"39":0,"40":0,"41":0,"42":0,"43":0,"44":0,"45":0,"46":0,"47":0,"48":0,"49":0,"50":0,"51":0,"52":0,"53":0,"54":0,"55":0,"56":0,"57":0,"58":0,"59":0,"60":0,"61":0,"62":0,"63":0,"64":0,"65":0,"66":0,"67":0,"68":0,"69":7,"70":0,"71":0,"72":0,"73":0,"74":0,"75":0,"76":0,"77":0,"78":0,"79":0,"80":0,"81":0,"82":0,"83":0,"84":0,"85":0,"86":0,"87":0,"88":0,"89":0,"90":0,"91":0,"92":0,"93":0,"94":0,"95":0,"96":0,"97":0,"98":0,"99":0,"100":0,"101":0,"102":0,"103":0,"104":0,"105":0,"106":0,"107":0,"108":0,"109":0,"110":0,"111":0,"112":0,"113":0,"114":0,"115":0,"116":0,"117":0,"118":0,"119":0,"120":0,"121":7,"122":1,"123":1,"124":1,"125":1,"126":7,"127":7,"128":7,"129":7,"130":7,"131":7,"132":2,"133":7,"134":7,"135":7,"136":7,"137":7,"138":7,"139":7,"140":7,"141":7,"142":1},"f":{"0":7,"1":7,"2":8,"3":8,"4":0,"5":0,"6":0,"7":0,"8":0,"9":0,"10":1,"11":7,"12":2},"b":{"0":[0],"1":[0,0],"2":[0,0],"3":[0,0],"4":[0,0],"5":[0,0],"6":[0],"7":[0,0],"8":[0],"9":[0,0],"10":[0],"11":[0],"12":[0],"13":[0],"14":[0],"15":[0],"16":[0,0],"17":[0,0],"18":[0,0],"19":[0],"20":[0,0],"21":[0],"22":[0],"23":[0,0],"24":[0],"25":[0,0],"26":[0,0],"27":[0],"28":[0,0],"29":[0],"30":[0],"31":[0],"32":[0],"33":[0],"34":[0],"35":[0,0],"36":[0,0],"37":[0],"38":[0],"39":[0]}}
,"K:\\work\\metalamp\\metalamp-slider\\src\\layers\\presenter\\utils\\handle.ts": {"path":"K:\\work\\metalamp\\metalamp-slider\\src\\layers\\presenter\\utils\\handle.ts","statementMap":{"0":{"start":{"line":2,"column":37},"end":{"line":2,"column":65}},"1":{"start":{"line":4,"column":2},"end":{"line":9,"column":4}},"2":{"start":{"line":12,"column":9},"end":{"line":12,"column":18}}},"fnMap":{"0":{"name":"getCoords","decl":{"start":{"line":1,"column":9},"end":{"line":1,"column":18}},"loc":{"start":{"line":1,"column":36},"end":{"line":10,"column":1}}}},"branchMap":{},"s":{"0":1,"1":1,"2":2},"f":{"0":1},"b":{}}
,"K:\\work\\metalamp\\metalamp-slider\\src\\layers\\presenter\\utils\\lineBlock.ts": {"path":"K:\\work\\metalamp\\metalamp-slider\\src\\layers\\presenter\\utils\\lineBlock.ts","statementMap":{"0":{"start":{"line":9,"column":25},"end":{"line":22,"column":1}},"1":{"start":{"line":17,"column":2},"end":{"line":19,"column":null}},"2":{"start":{"line":18,"column":4},"end":{"line":18,"column":13}},"3":{"start":{"line":20,"column":22},"end":{"line":20,"column":58}},"4":{"start":{"line":21,"column":2},"end":{"line":21,"column":48}},"5":{"start":{"line":82,"column":2},"end":{"line":82,"column":18}},"6":{"start":{"line":25,"column":25},"end":{"line":27,"column":1}},"7":{"start":{"line":26,"column":2},"end":{"line":26,"column":36}},"8":{"start":{"line":81,"column":2},"end":{"line":81,"column":18}},"9":{"start":{"line":30,"column":27},"end":{"line":43,"column":1}},"10":{"start":{"line":38,"column":22},"end":{"line":38,"column":58}},"11":{"start":{"line":39,"column":2},"end":{"line":41,"column":null}},"12":{"start":{"line":40,"column":4},"end":{"line":40,"column":45}},"13":{"start":{"line":42,"column":2},"end":{"line":42,"column":52}},"14":{"start":{"line":83,"column":2},"end":{"line":83,"column":20}},"15":{"start":{"line":45,"column":25},"end":{"line":77,"column":1}},"16":{"start":{"line":46,"column":51},"end":{"line":46,"column":56}},"17":{"start":{"line":48,"column":20},"end":{"line":55,"column":4}},"18":{"start":{"line":56,"column":18},"end":{"line":63,"column":4}},"19":{"start":{"line":64,"column":24},"end":{"line":71,"column":4}},"20":{"start":{"line":72,"column":2},"end":{"line":76,"column":4}},"21":{"start":{"line":80,"column":2},"end":{"line":80,"column":18}}},"fnMap":{"0":{"name":"(anonymous_0)","decl":{"start":{"line":9,"column":25},"end":{"line":9,"column":26}},"loc":{"start":{"line":16,"column":27},"end":{"line":22,"column":1}}},"1":{"name":"(anonymous_1)","decl":{"start":{"line":25,"column":25},"end":{"line":25,"column":26}},"loc":{"start":{"line":25,"column":70},"end":{"line":27,"column":1}}},"2":{"name":"(anonymous_2)","decl":{"start":{"line":30,"column":27},"end":{"line":30,"column":28}},"loc":{"start":{"line":37,"column":39},"end":{"line":43,"column":1}}},"3":{"name":"(anonymous_3)","decl":{"start":{"line":45,"column":25},"end":{"line":45,"column":26}},"loc":{"start":{"line":45,"column":50},"end":{"line":77,"column":1}}}},"branchMap":{"0":{"loc":{"start":{"line":17,"column":2},"end":{"line":19,"column":null}},"type":"if","locations":[{"start":{"line":17,"column":2},"end":{"line":19,"column":null}}]},"1":{"loc":{"start":{"line":17,"column":6},"end":{"line":17,"column":38}},"type":"binary-expr","locations":[{"start":{"line":17,"column":6},"end":{"line":17,"column":17}},{"start":{"line":17,"column":21},"end":{"line":17,"column":38}}]},"2":{"loc":{"start":{"line":39,"column":2},"end":{"line":41,"column":null}},"type":"if","locations":[{"start":{"line":39,"column":2},"end":{"line":41,"column":null}}]}},"s":{"0":2,"1":30,"2":3,"3":27,"4":27,"5":2,"6":2,"7":46,"8":2,"9":2,"10":16,"11":16,"12":4,"13":12,"14":2,"15":2,"16":12,"17":12,"18":12,"19":12,"20":12,"21":2},"f":{"0":30,"1":46,"2":16,"3":12},"b":{"0":[3],"1":[30,5],"2":[4]}}
,"K:\\work\\metalamp\\metalamp-slider\\src\\layers\\presenter\\utils\\scale.ts": {"path":"K:\\work\\metalamp\\metalamp-slider\\src\\layers\\presenter\\utils\\scale.ts","statementMap":{"0":{"start":{"line":3,"column":23},"end":{"line":12,"column":1}},"1":{"start":{"line":4,"column":19},"end":{"line":4,"column":21}},"2":{"start":{"line":5,"column":2},"end":{"line":7,"column":null}},"3":{"start":{"line":5,"column":19},"end":{"line":5,"column":22}},"4":{"start":{"line":6,"column":4},"end":{"line":6,"column":27}},"5":{"start":{"line":8,"column":2},"end":{"line":10,"column":null}},"6":{"start":{"line":9,"column":4},"end":{"line":9,"column":25}},"7":{"start":{"line":11,"column":2},"end":{"line":11,"column":20}},"8":{"start":{"line":20,"column":26},"end":{"line":20,"column":40}},"9":{"start":{"line":14,"column":24},"end":{"line":18,"column":1}},"10":{"start":{"line":15,"column":16},"end":{"line":15,"column":46}},"11":{"start":{"line":16,"column":16},"end":{"line":16,"column":42}},"12":{"start":{"line":17,"column":2},"end":{"line":17,"column":26}},"13":{"start":{"line":20,"column":9},"end":{"line":20,"column":24}}},"fnMap":{"0":{"name":"(anonymous_0)","decl":{"start":{"line":3,"column":23},"end":{"line":3,"column":24}},"loc":{"start":{"line":3,"column":66},"end":{"line":12,"column":1}}},"1":{"name":"(anonymous_1)","decl":{"start":{"line":14,"column":24},"end":{"line":14,"column":25}},"loc":{"start":{"line":14,"column":64},"end":{"line":18,"column":1}}}},"branchMap":{"0":{"loc":{"start":{"line":8,"column":2},"end":{"line":10,"column":null}},"type":"if","locations":[{"start":{"line":8,"column":2},"end":{"line":10,"column":null}}]}},"s":{"0":2,"1":13,"2":13,"3":13,"4":107,"5":13,"6":1,"7":13,"8":2,"9":2,"10":10,"11":10,"12":10,"13":2},"f":{"0":13,"1":10},"b":{"0":[1]}}
,"K:\\work\\metalamp\\metalamp-slider\\src\\layers\\view\\view.ts": {"path":"K:\\work\\metalamp\\metalamp-slider\\src\\layers\\view\\view.ts","statementMap":{"0":{"start":{"line":9,"column":0},"end":{"line":9,"column":44}},"1":{"start":{"line":10,"column":0},"end":{"line":10,"column":57}},"2":{"start":{"line":11,"column":0},"end":{"line":11,"column":45}},"3":{"start":{"line":34,"column":10},"end":{"line":51,"column":4}},"4":{"start":{"line":35,"column":4},"end":{"line":40,"column":7}},"5":{"start":{"line":41,"column":4},"end":{"line":50,"column":null}},"6":{"start":{"line":42,"column":38},"end":{"line":48,"column":8}},"7":{"start":{"line":49,"column":6},"end":{"line":49,"column":41}},"8":{"start":{"line":53,"column":9},"end":{"line":62,"column":4}},"9":{"start":{"line":58,"column":4},"end":{"line":58,"column":47}},"10":{"start":{"line":59,"column":4},"end":{"line":61,"column":null}},"11":{"start":{"line":60,"column":6},"end":{"line":60,"column":36}},"12":{"start":{"line":64,"column":9},"end":{"line":66,"column":4}},"13":{"start":{"line":65,"column":4},"end":{"line":65,"column":40}},"14":{"start":{"line":27,"column":4},"end":{"line":27,"column":31}},"15":{"start":{"line":28,"column":4},"end":{"line":28,"column":27}},"16":{"start":{"line":29,"column":4},"end":{"line":29,"column":35}},"17":{"start":{"line":30,"column":4},"end":{"line":30,"column":41}},"18":{"start":{"line":31,"column":4},"end":{"line":31,"column":50}},"19":{"start":{"line":69,"column":0},"end":{"line":69,"column":20}}},"fnMap":{"0":{"name":"(anonymous_1)","decl":{"start":{"line":21,"column":2},"end":{"line":21,"column":14}},"loc":{"start":{"line":26,"column":17},"end":{"line":32,"column":3}}},"1":{"name":"(anonymous_2)","decl":{"start":{"line":34,"column":17},"end":{"line":34,"column":18}},"loc":{"start":{"line":34,"column":72},"end":{"line":51,"column":3}}},"2":{"name":"(anonymous_3)","decl":{"start":{"line":53,"column":22},"end":{"line":53,"column":23}},"loc":{"start":{"line":57,"column":25},"end":{"line":62,"column":3}}},"3":{"name":"(anonymous_4)","decl":{"start":{"line":64,"column":21},"end":{"line":64,"column":22}},"loc":{"start":{"line":64,"column":49},"end":{"line":66,"column":3}}}},"branchMap":{"0":{"loc":{"start":{"line":41,"column":4},"end":{"line":50,"column":null}},"type":"if","locations":[{"start":{"line":41,"column":4},"end":{"line":50,"column":null}}]},"1":{"loc":{"start":{"line":59,"column":4},"end":{"line":61,"column":null}},"type":"if","locations":[{"start":{"line":59,"column":4},"end":{"line":61,"column":null}}]}},"s":{"0":2,"1":2,"2":2,"3":15,"4":15,"5":15,"6":15,"7":15,"8":15,"9":5,"10":5,"11":5,"12":15,"13":21,"14":15,"15":15,"16":15,"17":15,"18":15,"19":2},"f":{"0":15,"1":15,"2":5,"3":21},"b":{"0":[15],"1":[5]}}
,"K:\\work\\metalamp\\metalamp-slider\\src\\layers\\view\\components\\handle\\handle.ts": {"path":"K:\\work\\metalamp\\metalamp-slider\\src\\layers\\view\\components\\handle\\handle.ts","statementMap":{"0":{"start":{"line":1,"column":0},"end":{"line":1,"column":null}},"1":{"start":{"line":29,"column":10},"end":{"line":41,"column":4}},"2":{"start":{"line":30,"column":19},"end":{"line":30,"column":48}},"3":{"start":{"line":31,"column":4},"end":{"line":31,"column":47}},"4":{"start":{"line":32,"column":4},"end":{"line":34,"column":null}},"5":{"start":{"line":33,"column":6},"end":{"line":33,"column":50}},"6":{"start":{"line":35,"column":4},"end":{"line":35,"column":25}},"7":{"start":{"line":36,"column":4},"end":{"line":36,"column":34}},"8":{"start":{"line":37,"column":4},"end":{"line":39,"column":6}},"9":{"start":{"line":38,"column":6},"end":{"line":38,"column":26}},"10":{"start":{"line":40,"column":4},"end":{"line":40,"column":45}},"11":{"start":{"line":43,"column":10},"end":{"line":48,"column":4}},"12":{"start":{"line":44,"column":4},"end":{"line":47,"column":7}},"13":{"start":{"line":50,"column":9},"end":{"line":58,"column":4}},"14":{"start":{"line":51,"column":4},"end":{"line":51,"column":23}},"15":{"start":{"line":52,"column":4},"end":{"line":52,"column":33}},"16":{"start":{"line":53,"column":4},"end":{"line":57,"column":null}},"17":{"start":{"line":54,"column":6},"end":{"line":54,"column":47}},"18":{"start":{"line":56,"column":6},"end":{"line":56,"column":48}},"19":{"start":{"line":22,"column":4},"end":{"line":22,"column":31}},"20":{"start":{"line":23,"column":4},"end":{"line":23,"column":23}},"21":{"start":{"line":24,"column":4},"end":{"line":24,"column":29}},"22":{"start":{"line":25,"column":4},"end":{"line":25,"column":41}},"23":{"start":{"line":26,"column":4},"end":{"line":26,"column":33}},"24":{"start":{"line":27,"column":4},"end":{"line":27,"column":18}},"25":{"start":{"line":61,"column":0},"end":{"line":61,"column":22}}},"fnMap":{"0":{"name":"(anonymous_0)","decl":{"start":{"line":15,"column":2},"end":{"line":15,"column":14}},"loc":{"start":{"line":21,"column":17},"end":{"line":28,"column":3}}},"1":{"name":"(anonymous_1)","decl":{"start":{"line":29,"column":19},"end":{"line":29,"column":22}},"loc":{"start":{"line":29,"column":24},"end":{"line":41,"column":3}}},"2":{"name":"(anonymous_2)","decl":{"start":{"line":37,"column":48},"end":{"line":37,"column":49}},"loc":{"start":{"line":38,"column":6},"end":{"line":38,"column":26}}},"3":{"name":"(anonymous_3)","decl":{"start":{"line":43,"column":25},"end":{"line":43,"column":26}},"loc":{"start":{"line":43,"column":49},"end":{"line":48,"column":3}}},"4":{"name":"(anonymous_4)","decl":{"start":{"line":50,"column":18},"end":{"line":50,"column":19}},"loc":{"start":{"line":50,"column":65},"end":{"line":58,"column":3}}}},"branchMap":{"0":{"loc":{"start":{"line":32,"column":4},"end":{"line":34,"column":null}},"type":"if","locations":[{"start":{"line":32,"column":4},"end":{"line":34,"column":null}}]},"1":{"loc":{"start":{"line":50,"column":34},"end":{"line":50,"column":61}},"type":"default-arg","locations":[{"start":{"line":50,"column":56},"end":{"line":50,"column":61}}]},"2":{"loc":{"start":{"line":53,"column":4},"end":{"line":57,"column":null}},"type":"if","locations":[{"start":{"line":53,"column":4},"end":{"line":57,"column":null}},{"start":{"line":55,"column":11},"end":{"line":57,"column":null}}]}},"s":{"0":4,"1":56,"2":56,"3":56,"4":56,"5":51,"6":56,"7":56,"8":56,"9":0,"10":56,"11":56,"12":0,"13":56,"14":85,"15":85,"16":85,"17":69,"18":16,"19":56,"20":56,"21":56,"22":56,"23":56,"24":56,"25":4},"f":{"0":56,"1":56,"2":0,"3":0,"4":85},"b":{"0":[51],"1":[5],"2":[69,16]}}
,"K:\\work\\metalamp\\metalamp-slider\\src\\layers\\view\\components\\label\\label.ts": {"path":"K:\\work\\metalamp\\metalamp-slider\\src\\layers\\view\\components\\label\\label.ts","statementMap":{"0":{"start":{"line":21,"column":10},"end":{"line":25,"column":4}},"1":{"start":{"line":22,"column":4},"end":{"line":22,"column":49}},"2":{"start":{"line":23,"column":4},"end":{"line":23,"column":38}},"3":{"start":{"line":24,"column":4},"end":{"line":24,"column":39}},"4":{"start":{"line":26,"column":2},"end":{"line":35,"column":4}},"5":{"start":{"line":27,"column":4},"end":{"line":27,"column":22}},"6":{"start":{"line":28,"column":4},"end":{"line":28,"column":44}},"7":{"start":{"line":29,"column":4},"end":{"line":29,"column":23}},"8":{"start":{"line":30,"column":4},"end":{"line":34,"column":null}},"9":{"start":{"line":31,"column":6},"end":{"line":31,"column":46}},"10":{"start":{"line":33,"column":6},"end":{"line":33,"column":47}},"11":{"start":{"line":12,"column":4},"end":{"line":12,"column":31}},"12":{"start":{"line":13,"column":4},"end":{"line":13,"column":23}},"13":{"start":{"line":14,"column":4},"end":{"line":14,"column":21}},"14":{"start":{"line":15,"column":4},"end":{"line":15,"column":33}},"15":{"start":{"line":16,"column":4},"end":{"line":16,"column":29}},"16":{"start":{"line":17,"column":18},"end":{"line":17,"column":47}},"17":{"start":{"line":18,"column":4},"end":{"line":18,"column":23}},"18":{"start":{"line":19,"column":4},"end":{"line":19,"column":18}},"19":{"start":{"line":38,"column":0},"end":{"line":38,"column":21}}},"fnMap":{"0":{"name":"(anonymous_0)","decl":{"start":{"line":11,"column":2},"end":{"line":11,"column":14}},"loc":{"start":{"line":11,"column":75},"end":{"line":20,"column":3}}},"1":{"name":"(anonymous_1)","decl":{"start":{"line":21,"column":19},"end":{"line":21,"column":22}},"loc":{"start":{"line":21,"column":24},"end":{"line":25,"column":3}}},"2":{"name":"(anonymous_2)","decl":{"start":{"line":26,"column":11},"end":{"line":26,"column":12}},"loc":{"start":{"line":26,"column":44},"end":{"line":35,"column":3}}}},"branchMap":{"0":{"loc":{"start":{"line":30,"column":4},"end":{"line":34,"column":null}},"type":"if","locations":[{"start":{"line":30,"column":4},"end":{"line":34,"column":null}},{"start":{"line":32,"column":11},"end":{"line":34,"column":null}}]}},"s":{"0":55,"1":55,"2":55,"3":55,"4":55,"5":84,"6":84,"7":84,"8":84,"9":72,"10":12,"11":55,"12":55,"13":55,"14":55,"15":55,"16":55,"17":55,"18":55,"19":4},"f":{"0":55,"1":55,"2":84},"b":{"0":[72,12]}}
,"K:\\work\\metalamp\\metalamp-slider\\src\\layers\\view\\components\\lineBlock\\lineBlock.ts": {"path":"K:\\work\\metalamp\\metalamp-slider\\src\\layers\\view\\components\\lineBlock\\lineBlock.ts","statementMap":{"0":{"start":{"line":1,"column":0},"end":{"line":1,"column":null}},"1":{"start":{"line":10,"column":0},"end":{"line":10,"column":38}},"2":{"start":{"line":11,"column":0},"end":{"line":11,"column":35}},"3":{"start":{"line":12,"column":0},"end":{"line":12,"column":53}},"4":{"start":{"line":13,"column":0},"end":{"line":13,"column":26}},"5":{"start":{"line":33,"column":10},"end":{"line":117,"column":4}},"6":{"start":{"line":34,"column":51},"end":{"line":34,"column":58}},"7":{"start":{"line":35,"column":22},"end":{"line":35,"column":51}},"8":{"start":{"line":36,"column":24},"end":{"line":36,"column":53}},"9":{"start":{"line":38,"column":25},"end":{"line":38,"column":35}},"10":{"start":{"line":40,"column":4},"end":{"line":40,"column":41}},"11":{"start":{"line":41,"column":4},"end":{"line":41,"column":77}},"12":{"start":{"line":42,"column":4},"end":{"line":42,"column":51}},"13":{"start":{"line":43,"column":4},"end":{"line":48,"column":6}},"14":{"start":{"line":44,"column":6},"end":{"line":47,"column":8}},"15":{"start":{"line":50,"column":4},"end":{"line":101,"column":null}},"16":{"start":{"line":51,"column":6},"end":{"line":57,"column":9}},"17":{"start":{"line":58,"column":6},"end":{"line":66,"column":null}},"18":{"start":{"line":59,"column":8},"end":{"line":65,"column":11}},"19":{"start":{"line":68,"column":6},"end":{"line":74,"column":9}},"20":{"start":{"line":76,"column":6},"end":{"line":84,"column":null}},"21":{"start":{"line":77,"column":8},"end":{"line":83,"column":11}},"22":{"start":{"line":86,"column":6},"end":{"line":91,"column":9}},"23":{"start":{"line":92,"column":6},"end":{"line":100,"column":null}},"24":{"start":{"line":93,"column":8},"end":{"line":99,"column":11}},"25":{"start":{"line":103,"column":4},"end":{"line":103,"column":34}},"26":{"start":{"line":105,"column":52},"end":{"line":111,"column":6}},"27":{"start":{"line":113,"column":4},"end":{"line":113,"column":59}},"28":{"start":{"line":114,"column":4},"end":{"line":116,"column":null}},"29":{"start":{"line":115,"column":6},"end":{"line":115,"column":39}},"30":{"start":{"line":119,"column":9},"end":{"line":143,"column":4}},"31":{"start":{"line":120,"column":58},"end":{"line":120,"column":63}},"32":{"start":{"line":121,"column":51},"end":{"line":121,"column":58}},"33":{"start":{"line":123,"column":4},"end":{"line":125,"column":null}},"34":{"start":{"line":124,"column":6},"end":{"line":124,"column":37}},"35":{"start":{"line":126,"column":4},"end":{"line":131,"column":null}},"36":{"start":{"line":127,"column":6},"end":{"line":127,"column":52}},"37":{"start":{"line":128,"column":6},"end":{"line":130,"column":null}},"38":{"start":{"line":129,"column":8},"end":{"line":129,"column":47}},"39":{"start":{"line":132,"column":4},"end":{"line":136,"column":null}},"40":{"start":{"line":133,"column":6},"end":{"line":133,"column":46}},"41":{"start":{"line":135,"column":6},"end":{"line":135,"column":34}},"42":{"start":{"line":138,"column":4},"end":{"line":142,"column":7}},"43":{"start":{"line":26,"column":52},"end":{"line":26,"column":63}},"44":{"start":{"line":27,"column":4},"end":{"line":27,"column":31}},"45":{"start":{"line":28,"column":4},"end":{"line":28,"column":23}},"46":{"start":{"line":29,"column":4},"end":{"line":29,"column":29}},"47":{"start":{"line":30,"column":4},"end":{"line":30,"column":23}},"48":{"start":{"line":146,"column":0},"end":{"line":146,"column":25}}},"fnMap":{"0":{"name":"(anonymous_1)","decl":{"start":{"line":25,"column":2},"end":{"line":25,"column":14}},"loc":{"start":{"line":25,"column":42},"end":{"line":31,"column":3}}},"1":{"name":"(anonymous_2)","decl":{"start":{"line":33,"column":17},"end":{"line":33,"column":18}},"loc":{"start":{"line":33,"column":48},"end":{"line":117,"column":3}}},"2":{"name":"(anonymous_3)","decl":{"start":{"line":43,"column":46},"end":{"line":43,"column":47}},"loc":{"start":{"line":44,"column":6},"end":{"line":47,"column":8}}},"3":{"name":"(anonymous_4)","decl":{"start":{"line":119,"column":18},"end":{"line":119,"column":19}},"loc":{"start":{"line":119,"column":71},"end":{"line":143,"column":3}}}},"branchMap":{"0":{"loc":{"start":{"line":50,"column":4},"end":{"line":101,"column":null}},"type":"if","locations":[{"start":{"line":50,"column":4},"end":{"line":101,"column":null}},{"start":{"line":85,"column":11},"end":{"line":101,"column":null}}]},"1":{"loc":{"start":{"line":58,"column":6},"end":{"line":66,"column":null}},"type":"if","locations":[{"start":{"line":58,"column":6},"end":{"line":66,"column":null}}]},"2":{"loc":{"start":{"line":76,"column":6},"end":{"line":84,"column":null}},"type":"if","locations":[{"start":{"line":76,"column":6},"end":{"line":84,"column":null}}]},"3":{"loc":{"start":{"line":92,"column":6},"end":{"line":100,"column":null}},"type":"if","locations":[{"start":{"line":92,"column":6},"end":{"line":100,"column":null}}]},"4":{"loc":{"start":{"line":114,"column":4},"end":{"line":116,"column":null}},"type":"if","locations":[{"start":{"line":114,"column":4},"end":{"line":116,"column":null}}]},"5":{"loc":{"start":{"line":123,"column":4},"end":{"line":125,"column":null}},"type":"if","locations":[{"start":{"line":123,"column":4},"end":{"line":125,"column":null}}]},"6":{"loc":{"start":{"line":126,"column":4},"end":{"line":131,"column":null}},"type":"if","locations":[{"start":{"line":126,"column":4},"end":{"line":131,"column":null}}]},"7":{"loc":{"start":{"line":128,"column":6},"end":{"line":130,"column":null}},"type":"if","locations":[{"start":{"line":128,"column":6},"end":{"line":130,"column":null}}]},"8":{"loc":{"start":{"line":132,"column":4},"end":{"line":136,"column":null}},"type":"if","locations":[{"start":{"line":132,"column":4},"end":{"line":136,"column":null}},{"start":{"line":134,"column":11},"end":{"line":136,"column":null}}]}},"s":{"0":3,"1":3,"2":3,"3":3,"4":3,"5":28,"6":28,"7":28,"8":28,"9":28,"10":28,"11":28,"12":28,"13":28,"14":0,"15":28,"16":23,"17":23,"18":23,"19":23,"20":23,"21":23,"22":5,"23":5,"24":5,"25":28,"26":28,"27":28,"28":28,"29":28,"30":28,"31":16,"32":16,"33":16,"34":16,"35":16,"36":11,"37":11,"38":11,"39":16,"40":11,"41":5,"42":16,"43":28,"44":28,"45":28,"46":28,"47":28,"48":3},"f":{"0":28,"1":28,"2":0,"3":16},"b":{"0":[23,5],"1":[23],"2":[23],"3":[5],"4":[28],"5":[16],"6":[11],"7":[11],"8":[11,5]}}
,"K:\\work\\metalamp\\metalamp-slider\\src\\layers\\view\\components\\progressBar\\progressBar.ts": {"path":"K:\\work\\metalamp\\metalamp-slider\\src\\layers\\view\\components\\progressBar\\progressBar.ts","statementMap":{"0":{"start":{"line":27,"column":10},"end":{"line":36,"column":4}},"1":{"start":{"line":28,"column":24},"end":{"line":28,"column":53}},"2":{"start":{"line":29,"column":4},"end":{"line":29,"column":56}},"3":{"start":{"line":30,"column":4},"end":{"line":30,"column":39}},"4":{"start":{"line":31,"column":4},"end":{"line":35,"column":7}},"5":{"start":{"line":38,"column":2},"end":{"line":58,"column":4}},"6":{"start":{"line":43,"column":4},"end":{"line":43,"column":31}},"7":{"start":{"line":45,"column":4},"end":{"line":45,"column":23}},"8":{"start":{"line":46,"column":48},"end":{"line":47,"column":null}},"9":{"start":{"line":49,"column":4},"end":{"line":57,"column":null}},"10":{"start":{"line":50,"column":6},"end":{"line":56,"column":null}},"11":{"start":{"line":51,"column":8},"end":{"line":51,"column":57}},"12":{"start":{"line":52,"column":8},"end":{"line":52,"column":56}},"13":{"start":{"line":54,"column":8},"end":{"line":54,"column":58}},"14":{"start":{"line":55,"column":8},"end":{"line":55,"column":55}},"15":{"start":{"line":20,"column":4},"end":{"line":20,"column":31}},"16":{"start":{"line":21,"column":4},"end":{"line":21,"column":31}},"17":{"start":{"line":22,"column":4},"end":{"line":22,"column":33}},"18":{"start":{"line":23,"column":4},"end":{"line":23,"column":23}},"19":{"start":{"line":24,"column":4},"end":{"line":24,"column":29}},"20":{"start":{"line":25,"column":4},"end":{"line":25,"column":32}},"21":{"start":{"line":61,"column":0},"end":{"line":61,"column":27}}},"fnMap":{"0":{"name":"(anonymous_0)","decl":{"start":{"line":13,"column":2},"end":{"line":13,"column":14}},"loc":{"start":{"line":19,"column":24},"end":{"line":26,"column":3}}},"1":{"name":"(anonymous_1)","decl":{"start":{"line":27,"column":19},"end":{"line":27,"column":20}},"loc":{"start":{"line":27,"column":52},"end":{"line":36,"column":3}}},"2":{"name":"(anonymous_2)","decl":{"start":{"line":38,"column":11},"end":{"line":38,"column":12}},"loc":{"start":{"line":42,"column":38},"end":{"line":58,"column":3}}}},"branchMap":{"0":{"loc":{"start":{"line":49,"column":4},"end":{"line":57,"column":null}},"type":"if","locations":[{"start":{"line":49,"column":4},"end":{"line":57,"column":null}}]},"1":{"loc":{"start":{"line":50,"column":6},"end":{"line":56,"column":null}},"type":"if","locations":[{"start":{"line":50,"column":6},"end":{"line":56,"column":null}},{"start":{"line":53,"column":13},"end":{"line":56,"column":null}}]}},"s":{"0":31,"1":31,"2":31,"3":31,"4":31,"5":31,"6":49,"7":49,"8":49,"9":49,"10":49,"11":35,"12":35,"13":14,"14":14,"15":31,"16":31,"17":31,"18":31,"19":31,"20":31,"21":4},"f":{"0":31,"1":31,"2":49},"b":{"0":[49],"1":[35,14]}}
,"K:\\work\\metalamp\\metalamp-slider\\src\\layers\\view\\components\\scale\\scale.ts": {"path":"K:\\work\\metalamp\\metalamp-slider\\src\\layers\\view\\components\\scale\\scale.ts","statementMap":{"0":{"start":{"line":1,"column":0},"end":{"line":1,"column":null}},"1":{"start":{"line":7,"column":0},"end":{"line":7,"column":22}},"2":{"start":{"line":31,"column":10},"end":{"line":36,"column":4}},"3":{"start":{"line":32,"column":4},"end":{"line":35,"column":7}},"4":{"start":{"line":38,"column":10},"end":{"line":73,"column":4}},"5":{"start":{"line":39,"column":18},"end":{"line":39,"column":47}},"6":{"start":{"line":40,"column":4},"end":{"line":40,"column":33}},"7":{"start":{"line":41,"column":4},"end":{"line":51,"column":7}},"8":{"start":{"line":42,"column":24},"end":{"line":42,"column":41}},"9":{"start":{"line":43,"column":6},"end":{"line":47,"column":null}},"10":{"start":{"line":44,"column":8},"end":{"line":44,"column":48}},"11":{"start":{"line":46,"column":8},"end":{"line":46,"column":49}},"12":{"start":{"line":48,"column":6},"end":{"line":48,"column":40}},"13":{"start":{"line":49,"column":6},"end":{"line":49,"column":73}},"14":{"start":{"line":49,"column":57},"end":{"line":49,"column":71}},"15":{"start":{"line":50,"column":6},"end":{"line":50,"column":37}},"16":{"start":{"line":53,"column":4},"end":{"line":53,"column":38}},"17":{"start":{"line":54,"column":22},"end":{"line":54,"column":60}},"18":{"start":{"line":55,"column":4},"end":{"line":72,"column":null}},"19":{"start":{"line":57,"column":8},"end":{"line":57,"column":50}},"20":{"start":{"line":58,"column":19},"end":{"line":58,"column":20}},"21":{"start":{"line":59,"column":6},"end":{"line":70,"column":null}},"22":{"start":{"line":59,"column":23},"end":{"line":59,"column":24}},"23":{"start":{"line":60,"column":8},"end":{"line":62,"column":null}},"24":{"start":{"line":61,"column":10},"end":{"line":61,"column":23}},"25":{"start":{"line":63,"column":8},"end":{"line":67,"column":null}},"26":{"start":{"line":64,"column":10},"end":{"line":64,"column":57}},"27":{"start":{"line":66,"column":10},"end":{"line":66,"column":58}},"28":{"start":{"line":69,"column":8},"end":{"line":69,"column":29}},"29":{"start":{"line":71,"column":6},"end":{"line":71,"column":17}},"30":{"start":{"line":75,"column":9},"end":{"line":83,"column":4}},"31":{"start":{"line":76,"column":4},"end":{"line":76,"column":28}},"32":{"start":{"line":77,"column":4},"end":{"line":77,"column":23}},"33":{"start":{"line":78,"column":27},"end":{"line":78,"column":65}},"34":{"start":{"line":79,"column":4},"end":{"line":81,"column":null}},"35":{"start":{"line":80,"column":6},"end":{"line":80,"column":30}},"36":{"start":{"line":82,"column":4},"end":{"line":82,"column":18}},"37":{"start":{"line":85,"column":10},"end":{"line":89,"column":4}},"38":{"start":{"line":86,"column":18},"end":{"line":86,"column":47}},"39":{"start":{"line":87,"column":4},"end":{"line":87,"column":39}},"40":{"start":{"line":88,"column":4},"end":{"line":88,"column":17}},"41":{"start":{"line":22,"column":4},"end":{"line":22,"column":33}},"42":{"start":{"line":23,"column":4},"end":{"line":23,"column":31}},"43":{"start":{"line":24,"column":4},"end":{"line":24,"column":23}},"44":{"start":{"line":25,"column":4},"end":{"line":25,"column":29}},"45":{"start":{"line":26,"column":4},"end":{"line":26,"column":33}},"46":{"start":{"line":28,"column":4},"end":{"line":28,"column":18}},"47":{"start":{"line":92,"column":0},"end":{"line":92,"column":21}}},"fnMap":{"0":{"name":"(anonymous_0)","decl":{"start":{"line":15,"column":2},"end":{"line":15,"column":14}},"loc":{"start":{"line":21,"column":18},"end":{"line":29,"column":3}}},"1":{"name":"(anonymous_1)","decl":{"start":{"line":31,"column":19},"end":{"line":31,"column":20}},"loc":{"start":{"line":31,"column":39},"end":{"line":36,"column":3}}},"2":{"name":"(anonymous_2)","decl":{"start":{"line":38,"column":19},"end":{"line":38,"column":22}},"loc":{"start":{"line":38,"column":24},"end":{"line":73,"column":3}}},"3":{"name":"(anonymous_3)","decl":{"start":{"line":41,"column":28},"end":{"line":41,"column":29}},"loc":{"start":{"line":41,"column":35},"end":{"line":51,"column":5}}},"4":{"name":"(anonymous_4)","decl":{"start":{"line":49,"column":50},"end":{"line":49,"column":51}},"loc":{"start":{"line":49,"column":57},"end":{"line":49,"column":71}}},"5":{"name":"(anonymous_5)","decl":{"start":{"line":75,"column":18},"end":{"line":75,"column":19}},"loc":{"start":{"line":75,"column":52},"end":{"line":83,"column":3}}},"6":{"name":"(anonymous_6)","decl":{"start":{"line":85,"column":23},"end":{"line":85,"column":26}},"loc":{"start":{"line":85,"column":28},"end":{"line":89,"column":3}}}},"branchMap":{"0":{"loc":{"start":{"line":43,"column":6},"end":{"line":47,"column":null}},"type":"if","locations":[{"start":{"line":43,"column":6},"end":{"line":47,"column":null}},{"start":{"line":45,"column":13},"end":{"line":47,"column":null}}]},"1":{"loc":{"start":{"line":55,"column":4},"end":{"line":72,"column":null}},"type":"if","locations":[{"start":{"line":55,"column":4},"end":{"line":72,"column":null}}]},"2":{"loc":{"start":{"line":60,"column":8},"end":{"line":62,"column":null}},"type":"if","locations":[{"start":{"line":60,"column":8},"end":{"line":62,"column":null}}]},"3":{"loc":{"start":{"line":63,"column":8},"end":{"line":67,"column":null}},"type":"if","locations":[{"start":{"line":63,"column":8},"end":{"line":67,"column":null}},{"start":{"line":65,"column":15},"end":{"line":67,"column":null}}]},"4":{"loc":{"start":{"line":79,"column":4},"end":{"line":81,"column":null}},"type":"if","locations":[{"start":{"line":79,"column":4},"end":{"line":81,"column":null}}]}},"s":{"0":3,"1":3,"2":22,"3":0,"4":22,"5":28,"6":28,"7":28,"8":229,"9":229,"10":193,"11":36,"12":229,"13":229,"14":0,"15":229,"16":28,"17":28,"18":28,"19":28,"20":28,"21":28,"22":28,"23":229,"24":65,"25":229,"26":193,"27":36,"28":229,"29":28,"30":22,"31":6,"32":6,"33":6,"34":6,"35":6,"36":6,"37":22,"38":229,"39":229,"40":229,"41":22,"42":22,"43":22,"44":22,"45":22,"46":22,"47":3},"f":{"0":22,"1":0,"2":28,"3":229,"4":0,"5":6,"6":229},"b":{"0":[193,36],"1":[28],"2":[65],"3":[193,36],"4":[6]}}
}
