TN:
SF:src\layers\interfaces\interfaces.ts
FN:16,(anonymous_0)
FN:72,(anonymous_1)
FN:159,(anonymous_2)
FNF:3
FNH:3
FNDA:7,(anonymous_0)
FNDA:7,(anonymous_1)
FNDA:7,(anonymous_2)
DA:16,7
DA:17,7
DA:18,7
DA:19,7
DA:20,7
DA:21,7
DA:22,7
DA:23,7
DA:24,7
DA:25,7
DA:26,7
DA:72,7
DA:73,7
DA:74,7
DA:75,7
DA:76,7
DA:159,7
DA:160,7
DA:161,7
DA:182,7
DA:201,7
DA:205,7
LF:22
LH:22
BRDA:16,0,0,7
BRDA:16,0,1,7
BRDA:72,1,0,7
BRDA:72,1,1,7
BRDA:159,2,0,7
BRDA:159,2,1,7
BRF:6
BRH:6
end_of_record
TN:
SF:src\layers\model\model.ts
FN:34,(anonymous_1)
FN:60,(anonymous_2)
FN:109,(anonymous_3)
FN:113,(anonymous_4)
FNF:4
FNH:4
FNDA:8,(anonymous_1)
FNDA:11,(anonymous_2)
FNDA:7,(anonymous_3)
FNDA:29,(anonymous_4)
DA:1,2
DA:9,2
DA:11,2
DA:32,8
DA:46,8
DA:48,8
DA:49,8
DA:50,8
DA:51,8
DA:52,8
DA:53,8
DA:54,8
DA:55,8
DA:56,8
DA:57,8
DA:60,8
DA:61,11
DA:62,5
DA:64,1
DA:65,1
DA:67,1
DA:68,1
DA:70,1
DA:71,1
DA:73,1
DA:74,1
DA:76,1
DA:77,1
DA:79,5
DA:83,6
DA:84,6
DA:86,2
DA:87,2
DA:89,1
DA:90,1
DA:92,1
DA:93,1
DA:95,1
DA:96,1
DA:98,1
DA:99,1
DA:101,6
DA:106,11
DA:109,8
DA:110,7
DA:113,8
DA:114,29
LF:47
LH:47
BRDA:61,0,0,5
BRDA:61,0,1,6
BRDA:62,1,0,1
BRDA:62,1,1,1
BRDA:62,1,2,1
BRDA:62,1,3,1
BRDA:62,1,4,1
BRDA:83,2,0,6
BRDA:84,3,0,2
BRDA:84,3,1,1
BRDA:84,3,2,1
BRDA:84,3,3,1
BRDA:84,3,4,1
BRF:13
BRH:13
end_of_record
TN:
SF:src\layers\observer\observer.ts
FN:5,(anonymous_0)
FN:8,(anonymous_1)
FN:11,(anonymous_2)
FN:12,(anonymous_3)
FN:14,(anonymous_4)
FN:15,(anonymous_5)
FNF:6
FNH:5
FNDA:32,(anonymous_0)
FNDA:30,(anonymous_1)
FNDA:1,(anonymous_2)
FNDA:0,(anonymous_3)
FNDA:11,(anonymous_4)
FNDA:1,(anonymous_5)
DA:6,32
DA:8,32
DA:9,30
DA:11,32
DA:12,1
DA:14,32
DA:15,11
DA:16,1
DA:23,9
LF:9
LH:9
BRDA:16,0,0,1
BRDA:16,0,1,0
BRF:2
BRH:1
end_of_record
TN:
SF:src\layers\presenter\presenter.ts
FN:21,(anonymous_1)
FN:51,(anonymous_2)
FN:55,(anonymous_3)
FN:60,(anonymous_4)
FN:66,(anonymous_5)
FN:108,(anonymous_6)
FN:173,(anonymous_7)
FN:206,(anonymous_8)
FN:210,(anonymous_9)
FN:257,(anonymous_10)
FN:262,(anonymous_11)
FN:269,(anonymous_12)
FN:292,(anonymous_13)
FNF:13
FNH:7
FNDA:7,(anonymous_1)
FNDA:7,(anonymous_2)
FNDA:8,(anonymous_3)
FNDA:8,(anonymous_4)
FNDA:0,(anonymous_5)
FNDA:0,(anonymous_6)
FNDA:0,(anonymous_7)
FNDA:0,(anonymous_8)
FNDA:0,(anonymous_9)
FNDA:0,(anonymous_10)
FNDA:1,(anonymous_11)
FNDA:7,(anonymous_12)
FNDA:2,(anonymous_13)
DA:1,1
DA:10,1
DA:11,1
DA:12,1
DA:13,1
DA:14,1
DA:22,7
DA:34,7
DA:35,7
DA:36,7
DA:37,7
DA:38,7
DA:40,7
DA:41,7
DA:48,7
DA:51,7
DA:52,7
DA:55,7
DA:56,8
DA:57,8
DA:60,7
DA:61,8
DA:62,8
DA:63,8
DA:66,7
DA:67,0
DA:68,0
DA:71,0
DA:72,0
DA:73,0
DA:74,0
DA:75,0
DA:77,0
DA:78,0
DA:82,0
DA:83,0
DA:87,0
DA:88,0
DA:89,0
DA:94,0
DA:101,0
DA:108,7
DA:109,0
DA:110,0
DA:111,0
DA:112,0
DA:113,0
DA:116,0
DA:117,0
DA:120,0
DA:121,0
DA:122,0
DA:123,0
DA:125,0
DA:126,0
DA:128,0
DA:129,0
DA:130,0
DA:132,0
DA:133,0
DA:135,0
DA:136,0
DA:138,0
DA:139,0
DA:140,0
DA:142,0
DA:143,0
DA:147,0
DA:148,0
DA:152,0
DA:153,0
DA:154,0
DA:159,0
DA:166,0
DA:173,7
DA:174,0
DA:175,0
DA:179,0
DA:180,0
DA:181,0
DA:183,0
DA:185,0
DA:186,0
DA:187,0
DA:190,0
DA:191,0
DA:193,0
DA:195,0
DA:196,0
DA:199,0
DA:200,0
DA:202,0
DA:203,0
DA:204,0
DA:206,0
DA:207,0
DA:210,0
DA:212,0
DA:213,0
DA:214,0
DA:217,0
DA:218,0
DA:221,0
DA:222,0
DA:223,0
DA:224,0
DA:225,0
DA:228,0
DA:229,0
DA:231,0
DA:232,0
DA:233,0
DA:234,0
DA:236,0
DA:240,0
DA:241,0
DA:242,0
DA:244,0
DA:250,0
DA:257,0
DA:258,0
DA:262,7
DA:263,1
DA:264,1
DA:265,1
DA:266,1
DA:269,7
DA:271,7
DA:276,7
DA:281,7
DA:287,7
DA:292,7
DA:293,2
DA:297,1
LF:134
LH:40
BRDA:67,0,0,0
BRDA:71,1,0,0
BRDA:71,1,1,0
BRDA:71,2,0,0
BRDA:71,2,1,0
BRDA:73,3,0,0
BRDA:73,3,1,0
BRDA:77,4,0,0
BRDA:77,4,1,0
BRDA:82,5,0,0
BRDA:82,5,1,0
BRDA:87,6,0,0
BRDA:88,7,0,0
BRDA:88,7,1,0
BRDA:112,8,0,0
BRDA:112,9,0,0
BRDA:112,9,1,0
BRDA:116,10,0,0
BRDA:122,11,0,0
BRDA:125,12,0,0
BRDA:126,13,0,0
BRDA:132,14,0,0
BRDA:133,15,0,0
BRDA:138,16,0,0
BRDA:138,16,1,0
BRDA:142,17,0,0
BRDA:142,17,1,0
BRDA:147,18,0,0
BRDA:147,18,1,0
BRDA:152,19,0,0
BRDA:153,20,0,0
BRDA:153,20,1,0
BRDA:174,21,0,0
BRDA:183,22,0,0
BRDA:183,23,0,0
BRDA:183,23,1,0
BRDA:186,24,0,0
BRDA:193,25,0,0
BRDA:193,25,1,0
BRDA:193,26,0,0
BRDA:193,26,1,0
BRDA:195,27,0,0
BRDA:195,28,0,0
BRDA:195,28,1,0
BRDA:203,29,0,0
BRDA:213,30,0,0
BRDA:217,31,0,0
BRDA:218,32,0,0
BRDA:224,33,0,0
BRDA:225,34,0,0
BRDA:231,35,0,0
BRDA:231,35,1,0
BRDA:232,36,0,0
BRDA:232,36,1,0
BRDA:233,37,0,0
BRDA:240,38,0,0
BRDA:241,39,0,0
BRF:57
BRH:0
end_of_record
TN:
SF:src\layers\presenter\utils\handle.ts
FN:1,getCoords
FNF:1
FNH:1
FNDA:1,getCoords
DA:2,1
DA:4,1
DA:12,2
LF:3
LH:3
BRF:0
BRH:0
end_of_record
TN:
SF:src\layers\presenter\utils\lineBlock.ts
FN:9,(anonymous_0)
FN:25,(anonymous_1)
FN:30,(anonymous_2)
FN:45,(anonymous_3)
FNF:4
FNH:4
FNDA:30,(anonymous_0)
FNDA:46,(anonymous_1)
FNDA:16,(anonymous_2)
FNDA:12,(anonymous_3)
DA:9,2
DA:17,30
DA:18,3
DA:20,27
DA:21,27
DA:25,2
DA:26,46
DA:30,2
DA:38,16
DA:39,16
DA:40,4
DA:42,12
DA:45,2
DA:46,12
DA:48,12
DA:56,12
DA:64,12
DA:72,12
DA:80,2
DA:81,2
DA:82,2
DA:83,2
LF:22
LH:22
BRDA:17,0,0,3
BRDA:17,1,0,30
BRDA:17,1,1,5
BRDA:39,2,0,4
BRF:4
BRH:4
end_of_record
TN:
SF:src\layers\presenter\utils\scale.ts
FN:3,(anonymous_0)
FN:14,(anonymous_1)
FNF:2
FNH:2
FNDA:13,(anonymous_0)
FNDA:10,(anonymous_1)
DA:3,2
DA:4,13
DA:5,13
DA:6,107
DA:8,13
DA:9,1
DA:11,13
DA:14,2
DA:15,10
DA:16,10
DA:17,10
DA:20,2
LF:12
LH:12
BRDA:8,0,0,1
BRF:1
BRH:1
end_of_record
TN:
SF:src\layers\view\view.ts
FN:21,(anonymous_1)
FN:34,(anonymous_2)
FN:53,(anonymous_3)
FN:64,(anonymous_4)
FNF:4
FNH:4
FNDA:15,(anonymous_1)
FNDA:15,(anonymous_2)
FNDA:5,(anonymous_3)
FNDA:21,(anonymous_4)
DA:9,2
DA:10,2
DA:11,2
DA:27,15
DA:28,15
DA:29,15
DA:30,15
DA:31,15
DA:34,15
DA:35,15
DA:41,15
DA:42,15
DA:49,15
DA:53,15
DA:58,5
DA:59,5
DA:60,5
DA:64,15
DA:65,21
DA:69,2
LF:20
LH:20
BRDA:41,0,0,15
BRDA:59,1,0,5
BRF:2
BRH:2
end_of_record
TN:
SF:src\layers\view\components\handle\handle.ts
FN:15,(anonymous_0)
FN:29,(anonymous_1)
FN:37,(anonymous_2)
FN:43,(anonymous_3)
FN:50,(anonymous_4)
FNF:5
FNH:3
FNDA:56,(anonymous_0)
FNDA:56,(anonymous_1)
FNDA:0,(anonymous_2)
FNDA:0,(anonymous_3)
FNDA:85,(anonymous_4)
DA:1,4
DA:22,56
DA:23,56
DA:24,56
DA:25,56
DA:26,56
DA:27,56
DA:29,56
DA:30,56
DA:31,56
DA:32,56
DA:33,51
DA:35,56
DA:36,56
DA:37,56
DA:38,0
DA:40,56
DA:43,56
DA:44,0
DA:50,56
DA:51,85
DA:52,85
DA:53,85
DA:54,69
DA:56,16
DA:61,4
LF:26
LH:24
BRDA:32,0,0,51
BRDA:50,1,0,5
BRDA:53,2,0,69
BRDA:53,2,1,16
BRF:4
BRH:4
end_of_record
TN:
SF:src\layers\view\components\label\label.ts
FN:11,(anonymous_0)
FN:21,(anonymous_1)
FN:26,(anonymous_2)
FNF:3
FNH:3
FNDA:55,(anonymous_0)
FNDA:55,(anonymous_1)
FNDA:84,(anonymous_2)
DA:12,55
DA:13,55
DA:14,55
DA:15,55
DA:16,55
DA:17,55
DA:18,55
DA:19,55
DA:21,55
DA:22,55
DA:23,55
DA:24,55
DA:26,55
DA:27,84
DA:28,84
DA:29,84
DA:30,84
DA:31,72
DA:33,12
DA:38,4
LF:20
LH:20
BRDA:30,0,0,72
BRDA:30,0,1,12
BRF:2
BRH:2
end_of_record
TN:
SF:src\layers\view\components\lineBlock\lineBlock.ts
FN:25,(anonymous_1)
FN:33,(anonymous_2)
FN:43,(anonymous_3)
FN:119,(anonymous_4)
FNF:4
FNH:3
FNDA:28,(anonymous_1)
FNDA:28,(anonymous_2)
FNDA:0,(anonymous_3)
FNDA:16,(anonymous_4)
DA:1,3
DA:10,3
DA:11,3
DA:12,3
DA:13,3
DA:26,28
DA:27,28
DA:28,28
DA:29,28
DA:30,28
DA:33,28
DA:34,28
DA:35,28
DA:36,28
DA:38,28
DA:40,28
DA:41,28
DA:42,28
DA:43,28
DA:44,0
DA:50,28
DA:51,23
DA:58,23
DA:59,23
DA:68,23
DA:76,23
DA:77,23
DA:86,5
DA:92,5
DA:93,5
DA:103,28
DA:105,28
DA:113,28
DA:114,28
DA:115,28
DA:119,28
DA:120,16
DA:121,16
DA:123,16
DA:124,16
DA:126,16
DA:127,11
DA:128,11
DA:129,11
DA:132,16
DA:133,11
DA:135,5
DA:138,16
DA:146,3
LF:49
LH:48
BRDA:50,0,0,23
BRDA:50,0,1,5
BRDA:58,1,0,23
BRDA:76,2,0,23
BRDA:92,3,0,5
BRDA:114,4,0,28
BRDA:123,5,0,16
BRDA:126,6,0,11
BRDA:128,7,0,11
BRDA:132,8,0,11
BRDA:132,8,1,5
BRF:11
BRH:11
end_of_record
TN:
SF:src\layers\view\components\progressBar\progressBar.ts
FN:13,(anonymous_0)
FN:27,(anonymous_1)
FN:38,(anonymous_2)
FNF:3
FNH:3
FNDA:31,(anonymous_0)
FNDA:31,(anonymous_1)
FNDA:49,(anonymous_2)
DA:20,31
DA:21,31
DA:22,31
DA:23,31
DA:24,31
DA:25,31
DA:27,31
DA:28,31
DA:29,31
DA:30,31
DA:31,31
DA:38,31
DA:43,49
DA:45,49
DA:46,49
DA:49,49
DA:50,49
DA:51,35
DA:52,35
DA:54,14
DA:55,14
DA:61,4
LF:22
LH:22
BRDA:49,0,0,49
BRDA:50,1,0,35
BRDA:50,1,1,14
BRF:3
BRH:3
end_of_record
TN:
SF:src\layers\view\components\scale\scale.ts
FN:15,(anonymous_0)
FN:31,(anonymous_1)
FN:38,(anonymous_2)
FN:41,(anonymous_3)
FN:49,(anonymous_4)
FN:75,(anonymous_5)
FN:85,(anonymous_6)
FNF:7
FNH:5
FNDA:22,(anonymous_0)
FNDA:0,(anonymous_1)
FNDA:28,(anonymous_2)
FNDA:229,(anonymous_3)
FNDA:0,(anonymous_4)
FNDA:6,(anonymous_5)
FNDA:229,(anonymous_6)
DA:1,3
DA:7,3
DA:22,22
DA:23,22
DA:24,22
DA:25,22
DA:26,22
DA:28,22
DA:31,22
DA:32,0
DA:38,22
DA:39,28
DA:40,28
DA:41,28
DA:42,229
DA:43,229
DA:44,193
DA:46,36
DA:48,229
DA:49,229
DA:50,229
DA:53,28
DA:54,28
DA:55,28
DA:57,28
DA:58,28
DA:59,28
DA:60,229
DA:61,65
DA:63,229
DA:64,193
DA:66,36
DA:69,229
DA:71,28
DA:75,22
DA:76,6
DA:77,6
DA:78,6
DA:79,6
DA:80,6
DA:82,6
DA:85,22
DA:86,229
DA:87,229
DA:88,229
DA:92,3
LF:46
LH:45
BRDA:43,0,0,193
BRDA:43,0,1,36
BRDA:55,1,0,28
BRDA:60,2,0,65
BRDA:63,3,0,193
BRDA:63,3,1,36
BRDA:79,4,0,6
BRF:7
BRH:7
end_of_record
