TN:
SF:src\demo-page\controller.ts
FN:16,(anonymous_0)
FN:25,(anonymous_1)
FN:53,(anonymous_2)
FN:86,(anonymous_3)
FN:90,(anonymous_4)
FN:91,(anonymous_5)
FN:97,(anonymous_6)
FN:102,(anonymous_7)
FNF:8
FNH:7
FNDA:4,(anonymous_0)
FNDA:44,(anonymous_1)
FNDA:4,(anonymous_2)
FNDA:4,(anonymous_3)
FNDA:60,(anonymous_4)
FNDA:0,(anonymous_5)
FNDA:5,(anonymous_6)
FNDA:5,(anonymous_7)
DA:3,1
DA:8,1
DA:17,4
DA:18,4
DA:19,4
DA:20,4
DA:21,4
DA:22,4
DA:25,4
DA:30,44
DA:31,44
DA:33,44
DA:34,44
DA:35,44
DA:36,44
DA:37,44
DA:38,24
DA:40,20
DA:43,44
DA:44,44
DA:45,44
DA:47,44
DA:48,44
DA:50,44
DA:53,4
DA:54,4
DA:55,4
DA:56,4
DA:57,4
DA:58,4
DA:59,4
DA:61,4
DA:64,44
DA:65,24
DA:70,24
DA:72,20
DA:77,20
DA:80,4
DA:81,4
DA:82,4
DA:83,4
DA:86,4
DA:87,4
DA:90,4
DA:91,60
DA:92,0
DA:96,4
DA:97,4
DA:98,5
DA:102,4
DA:103,5
DA:104,5
DA:107,0
DA:109,0
DA:110,0
DA:111,0
DA:113,0
DA:114,0
DA:117,0
DA:121,1
LF:60
LH:52
BRDA:37,0,0,24
BRDA:37,0,1,20
BRDA:64,1,0,24
BRDA:64,1,1,20
BRDA:90,2,0,0
BRDA:90,2,1,4
BRDA:90,3,0,4
BRDA:90,3,1,4
BRDA:97,4,0,0
BRDA:97,4,1,4
BRDA:97,5,0,4
BRDA:97,5,1,4
BRDA:103,6,0,5
BRDA:109,7,0,0
BRDA:109,7,1,0
BRF:15
BRH:11
end_of_record
TN:
SF:src\demo-page\interfaces.ts
FN:9,(anonymous_0)
FNF:1
FNH:1
FNDA:1,(anonymous_0)
DA:9,1
DA:10,1
DA:11,1
DA:19,1
LF:4
LH:4
BRDA:9,0,0,1
BRDA:9,0,1,1
BRF:2
BRH:2
end_of_record
TN:
SF:src\slider\layers\interfaces\interfaces.ts
FN:18,(anonymous_0)
FN:76,(anonymous_1)
FN:163,(anonymous_2)
FNF:3
FNH:3
FNDA:8,(anonymous_0)
FNDA:8,(anonymous_1)
FNDA:8,(anonymous_2)
DA:18,8
DA:19,8
DA:20,8
DA:21,8
DA:22,8
DA:23,8
DA:24,8
DA:25,8
DA:26,8
DA:27,8
DA:28,8
DA:29,8
DA:30,8
DA:76,8
DA:77,8
DA:78,8
DA:79,8
DA:80,8
DA:163,8
DA:164,8
DA:165,8
DA:186,8
DA:205,8
DA:209,8
LF:24
LH:24
BRDA:18,0,0,8
BRDA:18,0,1,8
BRDA:76,1,0,8
BRDA:76,1,1,8
BRDA:163,2,0,8
BRDA:163,2,1,8
BRF:6
BRH:6
end_of_record
TN:
SF:src\slider\layers\model\model.ts
FN:36,(anonymous_1)
FN:64,(anonymous_2)
FN:136,(anonymous_3)
FN:140,(anonymous_4)
FNF:4
FNH:4
FNDA:24,(anonymous_1)
FNDA:23,(anonymous_2)
FNDA:23,(anonymous_3)
FNDA:52,(anonymous_4)
DA:1,3
DA:9,3
DA:11,3
DA:34,24
DA:49,24
DA:51,24
DA:52,24
DA:53,24
DA:54,24
DA:55,24
DA:56,24
DA:57,24
DA:58,24
DA:59,24
DA:60,24
DA:61,24
DA:64,24
DA:65,23
DA:66,14
DA:68,1
DA:69,1
DA:71,1
DA:72,1
DA:74,4
DA:75,4
DA:77,6
DA:78,6
DA:80,1
DA:81,1
DA:83,1
DA:84,1
DA:86,14
DA:90,9
DA:91,6
DA:93,2
DA:94,2
DA:96,1
DA:97,1
DA:99,1
DA:100,1
DA:102,1
DA:103,1
DA:105,1
DA:106,1
DA:108,6
DA:112,3
DA:113,3
DA:115,3
DA:116,3
DA:117,3
DA:118,3
DA:119,3
DA:120,3
DA:121,3
DA:122,3
DA:123,3
DA:124,3
DA:125,3
DA:126,3
DA:128,3
DA:133,23
DA:136,24
DA:137,23
DA:140,24
DA:141,52
LF:65
LH:65
BRDA:65,0,0,14
BRDA:65,0,1,9
BRDA:66,1,0,1
BRDA:66,1,1,1
BRDA:66,1,2,4
BRDA:66,1,3,6
BRDA:66,1,4,1
BRDA:66,1,5,1
BRDA:90,2,0,6
BRDA:90,2,1,3
BRDA:91,3,0,2
BRDA:91,3,1,1
BRDA:91,3,2,1
BRDA:91,3,3,1
BRDA:91,3,4,1
BRDA:112,4,0,3
BRDA:113,5,0,3
BRF:17
BRH:17
end_of_record
TN:
SF:src\slider\layers\observer\observer.ts
FN:5,(anonymous_0)
FN:8,(anonymous_1)
FN:11,(anonymous_2)
FN:12,(anonymous_3)
FN:14,(anonymous_4)
FN:15,(anonymous_5)
FNF:6
FNH:5
FNDA:66,(anonymous_0)
FNDA:100,(anonymous_1)
FNDA:1,(anonymous_2)
FNDA:0,(anonymous_3)
FNDA:23,(anonymous_4)
FNDA:11,(anonymous_5)
DA:6,66
DA:8,66
DA:9,100
DA:11,66
DA:12,1
DA:14,66
DA:15,23
DA:16,11
DA:23,10
LF:9
LH:9
BRDA:16,0,0,11
BRDA:16,0,1,0
BRF:2
BRH:1
end_of_record
TN:
SF:src\slider\layers\presenter\presenter.ts
FN:22,(anonymous_1)
FN:48,(anonymous_2)
FN:53,(anonymous_3)
FN:59,(anonymous_4)
FN:68,(anonymous_5)
FN:82,(anonymous_6)
FN:112,(anonymous_7)
FN:120,(anonymous_8)
FN:125,(anonymous_9)
FN:132,(anonymous_10)
FN:149,(anonymous_11)
FN:156,(anonymous_12)
FN:160,(anonymous_13)
FN:172,(anonymous_14)
FN:192,(anonymous_15)
FN:227,(anonymous_16)
FN:264,(anonymous_17)
FNF:17
FNH:15
FNDA:23,(anonymous_1)
FNDA:36,(anonymous_2)
FNDA:36,(anonymous_3)
FNDA:1,(anonymous_4)
FNDA:1,(anonymous_5)
FNDA:1,(anonymous_6)
FNDA:0,(anonymous_7)
FNDA:0,(anonymous_8)
FNDA:11,(anonymous_9)
FNDA:25,(anonymous_10)
FNDA:23,(anonymous_11)
FNDA:17,(anonymous_12)
FNDA:25,(anonymous_13)
FNDA:2,(anonymous_14)
FNDA:3,(anonymous_15)
FNDA:6,(anonymous_16)
FNDA:3,(anonymous_17)
DA:1,2
DA:10,2
DA:11,2
DA:12,2
DA:13,2
DA:14,2
DA:15,2
DA:23,23
DA:36,23
DA:37,23
DA:39,23
DA:41,23
DA:43,23
DA:44,23
DA:45,23
DA:48,23
DA:49,36
DA:50,36
DA:53,23
DA:54,36
DA:55,36
DA:56,36
DA:59,23
DA:60,1
DA:61,0
DA:64,1
DA:65,1
DA:68,23
DA:69,1
DA:70,1
DA:71,1
DA:72,1
DA:74,0
DA:75,0
DA:78,0
DA:79,0
DA:82,23
DA:83,1
DA:84,0
DA:87,1
DA:88,1
DA:89,1
DA:91,1
DA:93,0
DA:94,0
DA:95,0
DA:97,0
DA:100,1
DA:102,1
DA:103,0
DA:106,1
DA:108,1
DA:109,1
DA:110,1
DA:112,1
DA:113,0
DA:114,0
DA:117,1
DA:120,1
DA:121,0
DA:125,23
DA:126,11
DA:127,11
DA:128,11
DA:129,11
DA:132,23
DA:133,25
DA:138,25
DA:143,25
DA:149,23
DA:150,23
DA:156,23
DA:157,17
DA:160,23
DA:161,25
DA:162,25
DA:164,25
DA:172,23
DA:173,2
DA:174,2
DA:176,2
DA:177,2
DA:179,2
DA:180,2
DA:181,2
DA:183,2
DA:188,0
DA:192,23
DA:197,3
DA:199,3
DA:201,3
DA:202,3
DA:203,1
DA:204,0
DA:206,1
DA:210,2
DA:211,1
DA:212,0
DA:214,1
DA:220,0
DA:227,23
DA:228,6
DA:229,6
DA:230,5
DA:231,5
DA:233,5
DA:234,2
DA:238,3
DA:239,1
DA:243,2
DA:244,2
DA:245,1
DA:250,1
DA:257,1
DA:264,23
DA:265,3
DA:266,3
DA:267,3
DA:268,3
DA:269,0
DA:271,3
DA:272,3
DA:274,3
DA:275,3
DA:276,3
DA:278,3
DA:279,3
DA:281,3
DA:283,3
DA:284,3
DA:285,3
DA:289,2
LF:132
LH:113
BRDA:60,0,0,0
BRDA:64,1,0,0
BRDA:64,1,1,1
BRDA:64,2,0,1
BRDA:64,2,1,1
BRDA:71,3,0,1
BRDA:71,4,0,1
BRDA:71,4,1,1
BRDA:74,5,0,0
BRDA:83,6,0,0
BRDA:91,7,0,0
BRDA:91,8,0,1
BRDA:91,8,1,0
BRDA:94,9,0,0
BRDA:100,10,0,0
BRDA:100,10,1,1
BRDA:100,11,0,1
BRDA:100,11,1,1
BRDA:102,12,0,0
BRDA:102,13,0,1
BRDA:102,13,1,1
BRDA:109,14,0,1
BRDA:113,15,0,0
BRDA:176,16,0,2
BRDA:176,16,1,0
BRDA:201,17,0,3
BRDA:201,17,1,0
BRDA:202,18,0,1
BRDA:202,18,1,2
BRDA:203,19,0,0
BRDA:210,20,0,1
BRDA:211,21,0,0
BRDA:229,22,0,5
BRDA:229,22,1,1
BRDA:233,23,0,2
BRDA:233,23,1,3
BRDA:238,24,0,1
BRDA:238,24,1,2
BRDA:243,25,0,2
BRDA:244,26,0,1
BRDA:244,26,1,1
BRDA:268,27,0,0
BRDA:271,28,0,0
BRDA:272,29,0,3
BRDA:278,30,0,0
BRDA:279,31,0,0
BRF:46
BRH:28
end_of_record
TN:
SF:src\slider\layers\presenter\utils\handle.ts
FN:1,getCoords
FNF:1
FNH:1
FNDA:5,getCoords
DA:2,5
DA:4,5
DA:12,3
LF:3
LH:3
BRF:0
BRH:0
end_of_record
TN:
SF:src\slider\layers\presenter\utils\lineBlock.ts
FN:9,(anonymous_0)
FN:25,(anonymous_1)
FN:30,(anonymous_2)
FN:45,(anonymous_3)
FNF:4
FNH:4
FNDA:86,(anonymous_0)
FNDA:125,(anonymous_1)
FNDA:44,(anonymous_2)
FNDA:40,(anonymous_3)
DA:9,3
DA:17,86
DA:18,8
DA:20,78
DA:21,78
DA:25,3
DA:26,125
DA:30,3
DA:38,44
DA:39,44
DA:40,9
DA:42,35
DA:45,3
DA:46,40
DA:48,40
DA:56,40
DA:64,40
DA:72,40
DA:80,3
DA:81,3
DA:82,3
DA:83,3
LF:22
LH:22
BRDA:17,0,0,8
BRDA:17,1,0,86
BRDA:17,1,1,15
BRDA:39,2,0,9
BRF:4
BRH:4
end_of_record
TN:
SF:src\slider\layers\presenter\utils\scale.ts
FN:3,(anonymous_0)
FN:20,(anonymous_1)
FN:26,(anonymous_2)
FNF:3
FNH:3
FNDA:42,(anonymous_0)
FNDA:39,(anonymous_1)
FNDA:695,(anonymous_2)
DA:3,3
DA:4,42
DA:5,42
DA:6,688
DA:7,688
DA:8,688
DA:9,82
DA:11,606
DA:14,42
DA:15,2
DA:17,42
DA:20,3
DA:21,39
DA:22,39
DA:23,39
DA:26,3
DA:27,695
DA:29,695
DA:31,695
DA:34,3
LF:20
LH:20
BRDA:8,0,0,82
BRDA:8,0,1,606
BRDA:8,1,0,688
BRDA:8,1,1,646
BRDA:14,2,0,2
BRDA:29,3,0,14
BRDA:29,3,1,681
BRF:7
BRH:7
end_of_record
TN:
SF:src\slider\layers\presenter\utils\validateModelOption.ts
FN:17,(anonymous_0)
FNF:1
FNH:1
FNDA:7,(anonymous_0)
DA:3,3
DA:17,3
DA:18,7
DA:19,7
DA:20,7
DA:21,7
DA:22,7
DA:23,7
DA:25,7
DA:26,1
DA:29,1
DA:31,6
DA:32,1
DA:35,1
DA:37,5
DA:38,1
DA:41,1
DA:43,4
DA:44,1
DA:45,1
DA:48,3
DA:51,3
LF:22
LH:22
BRDA:25,0,0,1
BRDA:31,1,0,1
BRDA:37,2,0,1
BRDA:43,3,0,1
BRF:4
BRH:4
end_of_record
TN:
SF:src\slider\layers\view\view.ts
FN:21,(anonymous_1)
FN:34,(anonymous_2)
FN:53,(anonymous_3)
FN:64,(anonymous_4)
FNF:4
FNH:4
FNDA:33,(anonymous_1)
FNDA:33,(anonymous_2)
FNDA:15,(anonymous_3)
FNDA:75,(anonymous_4)
DA:9,3
DA:10,3
DA:11,3
DA:27,33
DA:28,33
DA:29,33
DA:30,33
DA:31,33
DA:34,33
DA:35,33
DA:41,33
DA:42,32
DA:49,32
DA:53,33
DA:58,15
DA:59,15
DA:60,14
DA:64,33
DA:65,75
DA:69,3
LF:20
LH:20
BRDA:41,0,0,32
BRDA:59,1,0,14
BRF:2
BRH:2
end_of_record
TN:
SF:src\slider\layers\view\components\handle\handle.ts
FN:16,(anonymous_0)
FN:30,(anonymous_1)
FN:38,(anonymous_2)
FN:44,(anonymous_3)
FN:51,(anonymous_4)
FNF:5
FNH:3
FNDA:89,(anonymous_0)
FNDA:89,(anonymous_1)
FNDA:0,(anonymous_2)
FNDA:0,(anonymous_3)
FNDA:136,(anonymous_4)
DA:1,5
DA:7,5
DA:23,89
DA:24,89
DA:25,89
DA:26,89
DA:27,89
DA:28,89
DA:30,89
DA:31,89
DA:32,89
DA:33,89
DA:34,81
DA:36,89
DA:37,89
DA:38,89
DA:39,0
DA:41,89
DA:44,89
DA:45,0
DA:51,89
DA:52,136
DA:53,136
DA:54,136
DA:55,117
DA:57,19
DA:62,5
LF:27
LH:25
BRDA:33,0,0,81
BRDA:51,1,0,6
BRDA:54,2,0,117
BRDA:54,2,1,19
BRF:4
BRH:4
end_of_record
TN:
SF:src\slider\layers\view\components\label\label.ts
FN:12,(anonymous_0)
FN:22,(anonymous_1)
FN:27,(anonymous_2)
FNF:3
FNH:3
FNDA:88,(anonymous_0)
FNDA:88,(anonymous_1)
FNDA:135,(anonymous_2)
DA:3,5
DA:13,88
DA:14,88
DA:15,88
DA:16,88
DA:17,88
DA:18,88
DA:19,88
DA:20,88
DA:22,88
DA:23,88
DA:24,88
DA:25,88
DA:27,88
DA:28,135
DA:29,135
DA:30,135
DA:31,135
DA:32,120
DA:34,15
DA:39,5
LF:21
LH:21
BRDA:31,0,0,120
BRDA:31,0,1,15
BRF:2
BRH:2
end_of_record
TN:
SF:src\slider\layers\view\components\lineBlock\lineBlock.ts
FN:25,(anonymous_1)
FN:33,(anonymous_2)
FN:46,(anonymous_3)
FN:124,(anonymous_4)
FNF:4
FNH:3
FNDA:46,(anonymous_1)
FNDA:46,(anonymous_2)
FNDA:0,(anonymous_3)
FNDA:26,(anonymous_4)
DA:1,4
DA:10,4
DA:11,4
DA:12,4
DA:13,4
DA:26,46
DA:27,46
DA:28,46
DA:29,46
DA:30,46
DA:33,46
DA:34,46
DA:35,46
DA:36,46
DA:38,46
DA:40,46
DA:41,46
DA:45,46
DA:46,46
DA:47,0
DA:53,46
DA:54,38
DA:61,38
DA:62,38
DA:71,38
DA:79,38
DA:80,38
DA:89,8
DA:95,8
DA:96,8
DA:106,46
DA:108,46
DA:115,46
DA:116,44
DA:119,46
DA:120,46
DA:124,46
DA:125,26
DA:126,26
DA:128,26
DA:129,26
DA:131,26
DA:132,19
DA:133,19
DA:134,19
DA:135,19
DA:138,26
DA:139,20
DA:141,6
DA:143,26
DA:144,24
DA:153,4
LF:52
LH:51
BRDA:53,0,0,38
BRDA:53,0,1,8
BRDA:61,1,0,38
BRDA:79,2,0,38
BRDA:95,3,0,8
BRDA:115,4,0,44
BRDA:119,5,0,46
BRDA:128,6,0,26
BRDA:131,7,0,19
BRDA:134,8,0,19
BRDA:138,9,0,20
BRDA:138,9,1,6
BRDA:143,10,0,24
BRF:13
BRH:13
end_of_record
TN:
SF:src\slider\layers\view\components\progressBar\progressBar.ts
FN:14,(anonymous_0)
FN:28,(anonymous_1)
FN:39,(anonymous_2)
FNF:3
FNH:3
FNDA:47,(anonymous_0)
FNDA:47,(anonymous_1)
FNDA:73,(anonymous_2)
DA:6,5
DA:21,47
DA:22,47
DA:23,47
DA:24,47
DA:25,47
DA:26,47
DA:28,47
DA:29,47
DA:30,47
DA:31,47
DA:32,47
DA:39,47
DA:44,73
DA:46,73
DA:48,73
DA:49,73
DA:50,73
DA:51,58
DA:52,58
DA:54,15
DA:55,15
DA:61,5
LF:23
LH:23
BRDA:49,0,0,73
BRDA:50,1,0,58
BRDA:50,1,1,15
BRF:3
BRH:3
end_of_record
TN:
SF:src\slider\layers\view\components\scale\scale.ts
FN:15,(anonymous_0)
FN:31,(anonymous_1)
FN:38,(anonymous_2)
FN:41,(anonymous_3)
FN:49,(anonymous_4)
FN:75,(anonymous_5)
FN:85,(anonymous_6)
FNF:7
FNH:5
FNDA:39,(anonymous_0)
FNDA:0,(anonymous_1)
FNDA:54,(anonymous_2)
FNDA:777,(anonymous_3)
FNDA:0,(anonymous_4)
FNDA:15,(anonymous_5)
FNDA:777,(anonymous_6)
DA:1,4
DA:7,4
DA:22,39
DA:23,39
DA:24,39
DA:25,39
DA:26,39
DA:28,39
DA:31,39
DA:32,0
DA:38,39
DA:39,54
DA:40,54
DA:41,54
DA:42,777
DA:43,777
DA:44,438
DA:46,339
DA:48,777
DA:49,777
DA:50,777
DA:53,54
DA:54,54
DA:55,54
DA:57,54
DA:58,54
DA:59,54
DA:60,777
DA:61,71
DA:63,777
DA:64,438
DA:66,339
DA:69,777
DA:71,54
DA:75,39
DA:76,15
DA:77,15
DA:78,15
DA:79,15
DA:80,15
DA:82,15
DA:85,39
DA:86,777
DA:87,777
DA:88,777
DA:92,4
LF:46
LH:45
BRDA:43,0,0,438
BRDA:43,0,1,339
BRDA:55,1,0,54
BRDA:60,2,0,71
BRDA:63,3,0,438
BRDA:63,3,1,339
BRDA:79,4,0,15
BRF:7
BRH:7
end_of_record
